[2026-06-15T17:06:23.221Z] ===== 上場除外・完全新規1000件ビルド開始（並列8, email=true）=====
[2026-06-15T17:06:23.225Z] 候補収集開始: 目標 6000社 / 都道府県コード 47件 / 上場除外3834・既存除外1387
[2026-06-15T17:07:09.077Z]   候補 3595/6000（page=1, 継続県=47, 除外:上場225/既存880）
[2026-06-15T17:07:26.949Z]   候補 6060/6000（page=2, 継続県=28, 除外:上場351/既存1089）
[2026-06-15T17:07:27.077Z] 候補収集完了: 6060社（上場除外351・既存除外1089）
[2026-06-15T17:07:31.183Z] 採用 25/1000（詳細1380件、代表者名率2%、詳細除外0）｜ETA約44.2分
[2026-06-15T17:07:31.616Z] 採用 50/1000（詳細1489件、代表者名率3%、詳細除外0）｜ETA約21.7分
[2026-06-15T17:07:31.857Z] 採用 75/1000（詳細1564件、代表者名率5%、詳細除外0）｜ETA約14.1分
[2026-06-15T17:07:32.057Z] 採用 100/1000（詳細1623件、代表者名率6%、詳細除外0）｜ETA約10.3分
[2026-06-15T17:07:32.305Z] 採用 125/1000（詳細1701件、代表者名率7%、詳細除外0）｜ETA約8.1分
[2026-06-15T17:07:32.581Z] 採用 150/1000（詳細1796件、代表者名率8%、詳細除外0）｜ETA約6.6分
[2026-06-15T17:07:32.881Z] 採用 175/1000（詳細1887件、代表者名率9%、詳細除外0）｜ETA約5.5分
[2026-06-15T17:07:33.321Z] 採用 200/1000（詳細2007件、代表者名率10%、詳細除外0）｜ETA約4.7分
[2026-06-15T17:07:33.663Z] 採用 225/1000（詳細2106件、代表者名率11%、詳細除外0）｜ETA約4.0分
[2026-06-15T17:07:34.009Z] 採用 250/1000（詳細2205件、代表者名率11%、詳細除外0）｜ETA約3.5分
[2026-06-15T17:07:34.466Z] 採用 275/1000（詳細2368件、代表者名率12%、詳細除外0）｜ETA約3.1分
[2026-06-15T17:07:34.749Z] 採用 300/1000（詳細2464件、代表者名率12%、詳細除外0）｜ETA約2.8分
[2026-06-15T17:07:35.058Z] 採用 325/1000（詳細2554件、代表者名率13%、詳細除外0）｜ETA約2.5分
[2026-06-15T17:07:35.277Z] 採用 350/1000（詳細2618件、代表者名率13%、詳細除外0）｜ETA約2.2分
[2026-06-15T17:07:35.577Z] 採用 375/1000（詳細2716件、代表者名率14%、詳細除外0）｜ETA約2.0分
[2026-06-15T17:07:35.844Z] 採用 400/1000（詳細2796件、代表者名率14%、詳細除外0）｜ETA約1.8分
[2026-06-15T17:07:36.177Z] 採用 425/1000（詳細2887件、代表者名率15%、詳細除外0）｜ETA約1.6分
[2026-06-15T17:07:36.439Z] 採用 450/1000（詳細2959件、代表者名率15%、詳細除外0）｜ETA約1.5分
[2026-06-15T17:07:36.806Z] 採用 475/1000（詳細3058件、代表者名率16%、詳細除外0）｜ETA約1.4分
[2026-06-15T17:07:37.148Z] 採用 500/1000（詳細3132件、代表者名率16%、詳細除外0）｜ETA約1.2分
[2026-06-15T17:07:37.578Z] 採用 525/1000（詳細3226件、代表者名率16%、詳細除外0）｜ETA約1.1分
[2026-06-15T17:07:38.035Z] 採用 550/1000（詳細3340件、代表者名率16%、詳細除外0）｜ETA約1.0分
[2026-06-15T17:07:38.494Z] 採用 575/1000（詳細3462件、代表者名率17%、詳細除外0）｜ETA約0.9分
[2026-06-15T17:07:38.854Z] 採用 600/1000（詳細3542件、代表者名率17%、詳細除外0）｜ETA約0.8分
[2026-06-15T17:07:41.076Z] 採用 625/1000（詳細4345件、代表者名率14%、詳細除外0）｜ETA約0.8分
[2026-06-15T17:07:41.480Z] 採用 650/1000（詳細4454件、代表者名率15%、詳細除外0）｜ETA約0.7分
[2026-06-15T17:07:41.872Z] 採用 675/1000（詳細4589件、代表者名率15%、詳細除外0）｜ETA約0.6分
[2026-06-15T17:07:42.255Z] 採用 700/1000（詳細4697件、代表者名率15%、詳細除外0）｜ETA約0.6分
[2026-06-15T17:07:42.619Z] 採用 725/1000（詳細4821件、代表者名率15%、詳細除外0）｜ETA約0.5分
[2026-06-15T17:07:43.094Z] 採用 750/1000（詳細4970件、代表者名率15%、詳細除外0）｜ETA約0.4分
[2026-06-15T17:07:43.790Z] 採用 775/1000（詳細5180件、代表者名率15%、詳細除外0）｜ETA約0.4分
[2026-06-15T17:07:44.376Z] 採用 800/1000（詳細5343件、代表者名率15%、詳細除外0）｜ETA約0.3分
[2026-06-15T17:07:44.698Z] 採用 825/1000（詳細5438件、代表者名率15%、詳細除外0）｜ETA約0.3分
[2026-06-15T17:07:45.010Z] 採用 850/1000（詳細5534件、代表者名率15%、詳細除外0）｜ETA約0.2分
[2026-06-15T17:07:45.445Z] 採用 875/1000（詳細5655件、代表者名率15%、詳細除外0）｜ETA約0.2分
[2026-06-15T17:07:46.093Z] 採用 900/1000（詳細5843件、代表者名率15%、詳細除外0）｜ETA約0.2分
[2026-06-15T17:07:46.331Z] 採用 925/1000（詳細5910件、代表者名率16%、詳細除外0）｜ETA約0.1分
[2026-06-15T17:07:46.657Z] 採用 950/1000（詳細5988件、代表者名率16%、詳細除外0）｜ETA約0.1分
[2026-06-15T17:07:46.887Z] 採用 975/1000（詳細6050件、代表者名率16%、詳細除外0）｜ETA約0.0分
[2026-06-15T17:07:46.941Z] ===== 完了: 975件 ｜ 代表者名975 ｜ URL465 ｜ メール423 ｜ 詳細除外0 =====
[2026-06-15T17:07:46.941Z] Tier内訳: A=0 B=0 C=975 D=0
[2026-06-15T17:07:46.943Z] 出力: C:\Users\shofu\Desktop\saiyo_tantousha_poc\poc\leads-fresh-1000.csv（所要 1.4分、詳細API 6060回）
[2026-06-15T17:08:34.881Z] ===== 上場除外・完全新規1000件ビルド開始（並列8, email=true）=====
[2026-06-15T17:08:34.885Z] 候補収集開始: 目標 10000社 / 都道府県コード 47件 / 上場除外3834・既存除外1387
[2026-06-15T17:08:36.791Z]   候補 0/10000（page=1, 継続県=0, 除外:上場0/既存0）
[2026-06-15T17:08:36.930Z] 候補収集完了: 0社（上場除外0・既存除外0）
[2026-06-15T17:08:36.944Z] 再開: 既存 975件を復元
[2026-06-15T17:08:36.957Z] ===== 完了: 975件 ｜ 代表者名975 ｜ URL465 ｜ メール423 ｜ 詳細除外0 =====
[2026-06-15T17:08:36.957Z] Tier内訳: A=0 B=0 C=975 D=0
[2026-06-15T17:08:36.958Z] 出力: C:\Users\shofu\Desktop\saiyo_tantousha_poc\poc\leads-fresh-1000.csv（所要 0.0分、詳細API 975回）
[2026-06-15T17:09:18.991Z] ===== 上場除外・完全新規1000件ビルド開始（並列5, email=true）=====
[2026-06-15T17:09:18.996Z] 候補収集開始: 目標 10000社 / 都道府県コード 47件 / 上場除外3834・既存除外1387
[2026-06-15T17:09:43.053Z]   候補 3595/10000（page=1, 継続県=47, 除外:上場225/既存880）
[2026-06-15T17:10:19.396Z]   候補 7754/10000（page=2, 継続県=46, 除外:上場403/既存1089）
[2026-06-15T17:10:35.953Z]   候補 10068/10000（page=3, 継続県=25, 除外:上場514/既存1164）
[2026-06-15T17:10:36.075Z] 候補収集完了: 10068社（上場除外514・既存除外1164）
[2026-06-15T17:10:36.081Z] 再開: 既存 975件を復元
[2026-06-15T17:11:00.091Z] 採用 1000/1000（詳細6065件、代表者名率16%、詳細除外0）｜ETA約0.0分
[2026-06-15T17:11:00.112Z] ===== 完了: 1002件 ｜ 代表者名1002 ｜ URL483 ｜ メール437 ｜ 詳細除外0 =====
[2026-06-15T17:11:00.113Z] Tier内訳: A=0 B=0 C=1002 D=0
[2026-06-15T17:11:00.113Z] 出力: C:\Users\shofu\Desktop\saiyo_tantousha_poc\poc\leads-fresh-1000.csv（所要 1.7分、詳細API 6068回）
