[2026-06-14T13:55:32.273Z] ===== 代表者名つき1000件ビルド開始（並列8, email=true）=====
[2026-06-14T13:55:32.276Z] 候補収集開始: 目標 2400社 / 都道府県コード 13,27,23,14,40,01,28,26,11,12
[2026-06-14T13:55:49.630Z]   候補 1000/2400（page=1, 継続県=10）
[2026-06-14T13:55:57.218Z]   候補 2000/2400（page=2, 継続県=10）
[2026-06-14T13:55:59.568Z]   候補 2400/2400（page=3, 継続県=4）
[2026-06-14T13:55:59.690Z] 候補収集完了: 2400社
[2026-06-14T13:55:59.969Z] 採用 25/1000（詳細取得44件、代表者名率57%）｜ETA約18.0分
[2026-06-14T13:56:00.227Z] 採用 50/1000（詳細取得88件、代表者名率57%）｜ETA約8.9分
[2026-06-14T13:56:00.481Z] 採用 75/1000（詳細取得148件、代表者名率51%）｜ETA約5.8分
[2026-06-14T13:56:00.816Z] 採用 100/1000（詳細取得228件、代表者名率44%）｜ETA約4.3分
[2026-06-14T13:56:01.150Z] 採用 125/1000（詳細取得313件、代表者名率40%）｜ETA約3.4分
[2026-06-14T13:56:01.367Z] 採用 150/1000（詳細取得374件、代表者名率40%）｜ETA約2.7分
[2026-06-14T13:56:01.659Z] 採用 175/1000（詳細取得470件、代表者名率37%）｜ETA約2.3分
[2026-06-14T13:56:01.914Z] 採用 200/1000（詳細取得536件、代表者名率37%）｜ETA約2.0分
[2026-06-14T13:56:02.127Z] 採用 225/1000（詳細取得596件、代表者名率38%）｜ETA約1.7分
[2026-06-14T13:56:02.442Z] 採用 250/1000（詳細取得684件、代表者名率37%）｜ETA約1.5分
[2026-06-14T13:56:02.698Z] 採用 275/1000（詳細取得767件、代表者名率36%）｜ETA約1.3分
[2026-06-14T13:56:03.107Z] 採用 300/1000（詳細取得910件、代表者名率33%）｜ETA約1.2分
[2026-06-14T13:56:03.452Z] 採用 325/1000（詳細取得1033件、代表者名率31%）｜ETA約1.1分
[2026-06-14T13:56:03.629Z] 採用 350/1000（詳細取得1090件、代表者名率32%）｜ETA約1.0分
[2026-06-14T13:56:03.761Z] 採用 375/1000（詳細取得1133件、代表者名率33%）｜ETA約0.9分
[2026-06-14T13:56:03.935Z] 採用 400/1000（詳細取得1184件、代表者名率34%）｜ETA約0.8分
[2026-06-14T13:56:04.146Z] 採用 425/1000（詳細取得1256件、代表者名率34%）｜ETA約0.7分
[2026-06-14T13:56:04.569Z] 採用 450/1000（詳細取得1402件、代表者名率32%）｜ETA約0.7分
[2026-06-14T13:56:04.922Z] 採用 475/1000（詳細取得1519件、代表者名率31%）｜ETA約0.6分
[2026-06-14T13:56:05.149Z] 採用 500/1000（詳細取得1586件、代表者名率32%）｜ETA約0.5分
[2026-06-14T13:56:05.570Z] 採用 525/1000（詳細取得1731件、代表者名率30%）｜ETA約0.5分
[2026-06-14T13:56:05.938Z] 採用 550/1000（詳細取得1839件、代表者名率30%）｜ETA約0.5分
[2026-06-14T13:56:06.257Z] 採用 575/1000（詳細取得1943件、代表者名率30%）｜ETA約0.4分
[2026-06-14T13:56:06.492Z] 採用 600/1000（詳細取得2025件、代表者名率30%）｜ETA約0.4分
[2026-06-14T13:56:06.644Z] 採用 625/1000（詳細取得2078件、代表者名率30%）｜ETA約0.3分
[2026-06-14T13:56:07.014Z] 採用 650/1000（詳細取得2175件、代表者名率30%）｜ETA約0.3分
[2026-06-14T13:56:07.499Z] 採用 675/1000（詳細取得2328件、代表者名率29%）｜ETA約0.3分
[2026-06-14T13:56:07.942Z] ===== 完了: 688件 ｜ 代表者名688 ｜ URL393 ｜ メール355 =====
[2026-06-14T13:56:07.942Z] Tier内訳: A=0 B=0 C=688 D=0
[2026-06-14T13:56:07.942Z] 出力: C:\Users\shofu\Desktop\saiyo_tantousha_poc\poc\leads-daihyou-1000.csv（所要 0.6分、詳細API 2400回）
[2026-06-14T13:57:46.062Z] ===== 代表者名つき1000件ビルド開始（並列8, email=true）=====
[2026-06-14T13:57:46.065Z] 候補収集開始: 目標 4500社 / 都道府県コード 13,27,23,14,11,12,28,26,40,01,22,34,04,15,20,21,24,25,33,38,43,07,08,09,10,17,02,03,05,06,16,18,19,29,30,31,32,35,36,37,39,41,42,44,45,46,47
[2026-06-14T13:58:31.371Z]   候補 4500/4500（page=1, 継続県=45）
[2026-06-14T13:58:31.503Z] 候補収集完了: 4500社
[2026-06-14T13:58:31.508Z] 再開: 既存 688件を復元
[2026-06-14T13:58:33.507Z] 採用 700/1000（詳細取得1413件、代表者名率50%）｜ETA約0.3分
[2026-06-14T13:58:33.941Z] 採用 725/1000（詳細取得1520件、代表者名率48%）｜ETA約0.3分
[2026-06-14T13:58:34.219Z] 採用 750/1000（詳細取得1602件、代表者名率47%）｜ETA約0.3分
[2026-06-14T13:58:34.528Z] 採用 775/1000（詳細取得1685件、代表者名率46%）｜ETA約0.2分
[2026-06-14T13:58:34.881Z] 採用 800/1000（詳細取得1792件、代表者名率45%）｜ETA約0.2分
[2026-06-14T13:58:35.196Z] 採用 825/1000（詳細取得1890件、代表者名率44%）｜ETA約0.2分
[2026-06-14T13:58:35.579Z] 採用 850/1000（詳細取得2022件、代表者名率42%）｜ETA約0.1分
[2026-06-14T13:58:36.136Z] 採用 875/1000（詳細取得2178件、代表者名率40%）｜ETA約0.1分
[2026-06-14T13:58:36.494Z] 採用 900/1000（詳細取得2260件、代表者名率40%）｜ETA約0.1分
[2026-06-14T13:58:36.795Z] 採用 925/1000（詳細取得2338件、代表者名率40%）｜ETA約0.1分
[2026-06-14T13:58:37.205Z] 採用 950/1000（詳細取得2452件、代表者名率39%）｜ETA約0.0分
[2026-06-14T13:58:37.571Z] 採用 975/1000（詳細取得2542件、代表者名率38%）｜ETA約0.0分
[2026-06-14T13:58:37.909Z] 採用 1000/1000（詳細取得2611件、代表者名率38%）｜ETA約0.0分
[2026-06-14T13:58:38.062Z] ===== 完了: 1002件 ｜ 代表者名1002 ｜ URL577 ｜ メール522 =====
[2026-06-14T13:58:38.063Z] Tier内訳: A=0 B=0 C=1002 D=0
[2026-06-14T13:58:38.063Z] 出力: C:\Users\shofu\Desktop\saiyo_tantousha_poc\poc\leads-daihyou-1000.csv（所要 0.9分、詳細API 2617回）
[2026-06-14T15:47:28.932Z] ===== 代表者名つき1000件ビルド開始（並列6, email=true）=====
[2026-06-14T15:47:28.950Z] 候補: キャッシュ 4500社 を再利用
[2026-06-14T15:47:28.959Z] 再開: 既存 1002件を復元
[2026-06-14T15:47:28.969Z] ===== 完了: 1002件 ｜ 代表者名1002 ｜ URL577 ｜ メール522 =====
[2026-06-14T15:47:28.969Z] Tier内訳: A=0 B=0 C=1002 D=0
[2026-06-14T15:47:28.970Z] 出力: C:\Users\shofu\Desktop\saiyo_tantousha_poc\poc\leads-daihyou-1000.csv（所要 0.0分、詳細API 1002回）
