[2026-06-29T23:46:12.362Z] 再開: 既存 1170社
[2026-06-29T23:46:12.364Z] PR TIMES リリースURL収集（目標 1600社）…
[2026-06-29T23:46:17.171Z]   keyword「新卒採用」まで 累計リリースURL 213
[2026-06-29T23:46:21.771Z]   keyword「採用」まで 累計リリースURL 220
[2026-06-29T23:46:26.354Z]   keyword「中途採用」まで 累計リリースURL 226
[2026-06-29T23:46:30.972Z]   keyword「人事」まで 累計リリースURL 233
[2026-06-29T23:46:35.637Z]   keyword「採用強化」まで 累計リリースURL 242
[2026-06-29T23:46:40.227Z]   keyword「採用活動」まで 累計リリースURL 252
[2026-06-29T23:46:44.832Z]   keyword「キャリア採用」まで 累計リリースURL 262
[2026-06-29T23:46:49.404Z]   keyword「新入社員」まで 累計リリースURL 272
[2026-06-29T23:46:54.008Z]   keyword「内定式」まで 累計リリースURL 282
[2026-06-29T23:46:58.568Z]   keyword「入社式」まで 累計リリースURL 292
[2026-06-29T23:47:03.187Z]   keyword「採用イベント」まで 累計リリースURL 302
[2026-06-29T23:47:07.840Z]   keyword「インターンシップ」まで 累計リリースURL 312
[2026-06-29T23:47:12.423Z]   keyword「採用サイト」まで 累計リリースURL 319
[2026-06-29T23:47:17.172Z]   keyword「人材採用」まで 累計リリースURL 329
[2026-06-29T23:47:21.763Z]   keyword「採用ブランディング」まで 累計リリースURL 335
[2026-06-29T23:47:26.366Z]   keyword「採用開始」まで 累計リリースURL 336
[2026-06-29T23:47:30.990Z]   keyword「求人」まで 累計リリースURL 346
[2026-06-29T23:47:35.560Z]   keyword「採用DX」まで 累計リリースURL 354
[2026-06-29T23:47:40.182Z]   keyword「採用広報」まで 累計リリースURL 359
[2026-06-29T23:47:44.756Z]   keyword「組織開発」まで 累計リリースURL 368
[2026-06-29T23:47:49.417Z]   keyword「資金調達」まで 累計リリースURL 375
[2026-06-29T23:47:53.994Z]   keyword「業務提携」まで 累計リリースURL 384
[2026-06-29T23:47:58.540Z]   keyword「新サービス」まで 累計リリースURL 393
[2026-06-29T23:48:03.161Z]   keyword「新商品」まで 累計リリースURL 403
