[2026-06-14T16:08:59.620Z] 濃縮モード: 1002社（media=false, recruit=true, 並列6）
[2026-06-14T16:08:59.825Z]   10/1002（媒体ヒット計 0）
[2026-06-14T16:08:59.962Z]   20/1002（媒体ヒット計 0）
[2026-06-14T16:08:59.972Z]   30/1002（媒体ヒット計 0）
[2026-06-14T16:09:07.155Z]   40/1002（媒体ヒット計 0）
[2026-06-14T16:09:08.216Z]   50/1002（媒体ヒット計 0）
[2026-06-14T16:09:08.656Z]   60/1002（媒体ヒット計 0）
[2026-06-14T16:09:08.735Z]   70/1002（媒体ヒット計 0）
[2026-06-14T16:09:14.834Z]   80/1002（媒体ヒット計 0）
[2026-06-14T16:09:30.987Z]   90/1002（媒体ヒット計 0）
[2026-06-14T16:09:47.015Z]   100/1002（媒体ヒット計 0）
[2026-06-14T16:10:03.915Z]   110/1002（媒体ヒット計 0）
[2026-06-14T16:10:15.880Z]   120/1002（媒体ヒット計 0）
[2026-06-14T16:10:21.062Z]   130/1002（媒体ヒット計 0）
[2026-06-14T16:10:35.526Z]   140/1002（媒体ヒット計 0）
[2026-06-14T16:11:03.627Z]   150/1002（媒体ヒット計 0）
[2026-06-14T16:11:16.174Z]   160/1002（媒体ヒット計 0）
[2026-06-14T16:11:25.954Z]   170/1002（媒体ヒット計 0）
[2026-06-14T16:11:32.549Z]   180/1002（媒体ヒット計 0）
[2026-06-14T16:11:53.569Z]   190/1002（媒体ヒット計 0）
[2026-06-14T16:12:10.826Z]   200/1002（媒体ヒット計 0）
[2026-06-14T16:12:12.832Z]   210/1002（媒体ヒット計 0）
[2026-06-14T16:12:20.893Z]   220/1002（媒体ヒット計 0）
[2026-06-14T16:12:40.606Z]   230/1002（媒体ヒット計 0）
[2026-06-14T16:12:48.991Z]   240/1002（媒体ヒット計 0）
[2026-06-14T16:13:03.409Z]   250/1002（媒体ヒット計 0）
[2026-06-14T16:13:20.093Z]   260/1002（媒体ヒット計 0）
[2026-06-14T16:13:52.538Z]   270/1002（媒体ヒット計 0）
[2026-06-14T16:14:00.946Z]   280/1002（媒体ヒット計 0）
[2026-06-14T16:14:08.426Z]   290/1002（媒体ヒット計 0）
[2026-06-14T16:14:20.761Z]   300/1002（媒体ヒット計 0）
[2026-06-14T16:14:29.009Z]   310/1002（媒体ヒット計 0）
[2026-06-14T16:14:41.218Z]   320/1002（媒体ヒット計 0）
[2026-06-14T16:14:55.825Z]   330/1002（媒体ヒット計 0）
[2026-06-14T16:15:17.384Z]   340/1002（媒体ヒット計 0）
[2026-06-14T16:15:32.152Z]   350/1002（媒体ヒット計 0）
[2026-06-14T16:15:42.726Z]   360/1002（媒体ヒット計 0）
[2026-06-14T16:15:50.938Z]   370/1002（媒体ヒット計 0）
[2026-06-14T16:15:58.514Z]   380/1002（媒体ヒット計 0）
[2026-06-14T16:16:06.503Z]   390/1002（媒体ヒット計 0）
[2026-06-14T16:16:16.648Z]   400/1002（媒体ヒット計 0）
[2026-06-14T16:16:24.417Z]   410/1002（媒体ヒット計 0）
[2026-06-14T16:16:43.322Z]   420/1002（媒体ヒット計 0）
[2026-06-14T16:17:04.860Z]   430/1002（媒体ヒット計 0）
[2026-06-14T16:17:35.292Z]   440/1002（媒体ヒット計 0）
[2026-06-14T16:17:44.708Z]   450/1002（媒体ヒット計 0）
[2026-06-14T16:17:54.931Z]   460/1002（媒体ヒット計 0）
[2026-06-14T16:18:03.154Z]   470/1002（媒体ヒット計 0）
[2026-06-14T16:18:18.483Z]   480/1002（媒体ヒット計 0）
[2026-06-14T16:18:36.596Z]   490/1002（媒体ヒット計 0）
[2026-06-14T16:18:59.414Z]   500/1002（媒体ヒット計 0）
[2026-06-14T16:19:11.014Z]   510/1002（媒体ヒット計 0）
[2026-06-14T16:19:23.999Z]   520/1002（媒体ヒット計 0）
[2026-06-14T16:19:36.759Z]   530/1002（媒体ヒット計 0）
[2026-06-14T16:19:53.458Z]   540/1002（媒体ヒット計 0）
[2026-06-14T16:20:03.573Z]   550/1002（媒体ヒット計 0）
[2026-06-14T16:20:14.649Z]   560/1002（媒体ヒット計 0）
[2026-06-14T16:20:32.017Z]   570/1002（媒体ヒット計 0）
[2026-06-14T16:20:50.725Z]   580/1002（媒体ヒット計 0）
[2026-06-14T16:21:35.282Z]   590/1002（媒体ヒット計 0）
[2026-06-14T16:21:45.386Z]   600/1002（媒体ヒット計 0）
[2026-06-14T16:22:01.705Z]   610/1002（媒体ヒット計 0）
[2026-06-14T16:22:33.378Z]   620/1002（媒体ヒット計 0）
[2026-06-14T16:22:45.072Z]   630/1002（媒体ヒット計 0）
[2026-06-14T16:23:03.283Z]   640/1002（媒体ヒット計 0）
[2026-06-14T16:23:23.848Z]   650/1002（媒体ヒット計 0）
[2026-06-14T16:23:34.093Z]   660/1002（媒体ヒット計 0）
[2026-06-14T16:23:57.724Z]   670/1002（媒体ヒット計 0）
[2026-06-14T16:24:25.811Z]   680/1002（媒体ヒット計 0）
[2026-06-14T16:24:43.337Z]   690/1002（媒体ヒット計 0）
[2026-06-14T16:24:59.997Z]   700/1002（媒体ヒット計 0）
node:internal/assert/utils:281
    throw err;
    ^

AssertionError [ERR_ASSERTION]: The expression evaluated to a falsy value:

  assert(!this.paused)

    at Parser.finish (C:\Users\shofu\Desktop\saiyo_tantousha_poc\poc\node_modules\undici\lib\dispatcher\client-h1.js:364:5)
    at TLSSocket.onHttpSocketEnd (C:\Users\shofu\Desktop\saiyo_tantousha_poc\poc\node_modules\undici\lib\dispatcher\client-h1.js:934:30)
    at TLSSocket.emit (node:events:531:35)
    at endReadableNT (node:internal/streams/readable:1696:12)
    at process.processTicksAndRejections (node:internal/process/task_queues:82:21) {
  generatedMessage: true,
  code: 'ERR_ASSERTION',
  actual: false,
  expected: true,
  operator: '=='
}

Node.js v20.18.0
[2026-06-14T16:27:31.709Z] 濃縮モード: 1002社（media=false, recruit=true, 並列6）
[2026-06-14T16:27:31.714Z] 再開: 既存 210社をスキップ
[2026-06-14T16:27:31.715Z] 未処理 792社を処理
[2026-06-14T16:27:31.817Z]   10/792（採用ページ有 累計 103）
[2026-06-14T16:27:31.977Z]   20/792（採用ページ有 累計 108）
[2026-06-14T16:27:32.079Z]   30/792（採用ページ有 累計 115）
[2026-06-14T16:27:32.124Z]   40/792（採用ページ有 累計 118）
[2026-06-14T16:27:40.089Z]   50/792（採用ページ有 累計 122）
[2026-06-14T16:28:05.188Z]   60/792（採用ページ有 累計 125）
[2026-06-14T16:28:05.217Z]   70/792（採用ページ有 累計 127）
[2026-06-14T16:28:05.242Z]   80/792（採用ページ有 累計 129）
[2026-06-14T16:28:05.310Z]   90/792（採用ページ有 累計 134）
[2026-06-14T16:28:05.419Z]   100/792（採用ページ有 累計 138）
[2026-06-14T16:28:22.506Z]   110/792（採用ページ有 累計 145）
[2026-06-14T16:28:40.086Z]   120/792（採用ページ有 累計 150）
[2026-06-14T16:28:40.227Z]   130/792（採用ページ有 累計 158）
[2026-06-14T16:28:40.329Z]   140/792（採用ページ有 累計 163）
[2026-06-14T16:28:47.480Z]   150/792（採用ページ有 累計 167）
[2026-06-14T16:28:47.544Z]   160/792（採用ページ有 累計 171）
[2026-06-14T16:28:48.278Z]   170/792（採用ページ有 累計 174）
[2026-06-14T16:28:48.318Z]   180/792（採用ページ有 累計 178）
[2026-06-14T16:28:56.487Z]   190/792（採用ページ有 累計 184）
[uncaught] The expression evaluated to a falsy value:

  assert(!this.paused)

[2026-06-14T16:29:02.222Z]   200/792（採用ページ有 累計 186）
[2026-06-14T16:29:23.621Z]   210/792（採用ページ有 累計 192）
[2026-06-14T16:29:42.718Z]   220/792（採用ページ有 累計 197）
[2026-06-14T16:29:54.560Z]   230/792（採用ページ有 累計 201）
[2026-06-14T16:30:00.904Z]   240/792（採用ページ有 累計 206）
[2026-06-14T16:30:00.967Z]   250/792（採用ページ有 累計 211）
[2026-06-14T16:30:01.634Z]   260/792（採用ページ有 累計 214）
[2026-06-14T16:30:02.528Z]   270/792（採用ページ有 累計 219）
[2026-06-14T16:30:09.723Z]   280/792（採用ページ有 累計 225）
[2026-06-14T16:30:15.848Z]   290/792（採用ページ有 累計 232）
[2026-06-14T16:30:23.079Z]   300/792（採用ページ有 累計 236）
[2026-06-14T16:30:30.312Z]   310/792（採用ページ有 累計 240）
[2026-06-14T16:30:30.395Z]   320/792（採用ページ有 累計 246）
[2026-06-14T16:30:54.124Z]   330/792（採用ページ有 累計 253）
[2026-06-14T16:30:54.205Z]   340/792（採用ページ有 累計 259）
[2026-06-14T16:30:58.337Z]   350/792（採用ページ有 累計 264）
[2026-06-14T16:30:59.870Z]   360/792（採用ページ有 累計 271）
[2026-06-14T16:31:11.310Z]   370/792（採用ページ有 累計 274）
[2026-06-14T16:31:29.170Z]   380/792（採用ページ有 累計 281）
[2026-06-14T16:31:45.209Z]   390/792（採用ページ有 累計 285）
[2026-06-14T16:31:57.633Z]   400/792（採用ページ有 累計 289）
[2026-06-14T16:32:12.161Z]   410/792（採用ページ有 累計 296）
[2026-06-14T16:32:14.444Z]   420/792（採用ページ有 累計 301）
[2026-06-14T16:32:23.997Z]   430/792（採用ページ有 累計 306）
[2026-06-14T16:32:35.766Z]   440/792（採用ページ有 累計 313）
[2026-06-14T16:33:01.176Z]   450/792（採用ページ有 累計 317）
[2026-06-14T16:33:15.759Z]   460/792（採用ページ有 累計 324）
[2026-06-14T16:33:28.065Z]   470/792（採用ページ有 累計 330）
[2026-06-14T16:33:28.204Z]   480/792（採用ページ有 累計 336）
[2026-06-14T16:33:33.673Z]   490/792（採用ページ有 累計 342）
[uncaught] The expression evaluated to a falsy value:

  assert(!this.paused)

[uncaught] The expression evaluated to a falsy value:

  assert(!this.paused)

[uncaught] The expression evaluated to a falsy value:

  assert(!this.paused)

[2026-06-14T16:34:06.856Z]   500/792（採用ページ有 累計 345）
[2026-06-14T16:34:33.282Z]   510/792（採用ページ有 累計 351）
[2026-06-14T16:34:48.092Z]   520/792（採用ページ有 累計 357）
[2026-06-14T16:34:52.337Z]   530/792（採用ページ有 累計 360）
[uncaught] The expression evaluated to a falsy value:

  assert(!this.paused)

[2026-06-14T16:35:01.352Z]   540/792（採用ページ有 累計 363）
[2026-06-14T16:35:11.136Z]   550/792（採用ページ有 累計 370）
[2026-06-14T16:35:18.077Z]   560/792（採用ページ有 累計 372）
[2026-06-14T16:35:23.947Z]   570/792（採用ページ有 累計 375）
[2026-06-14T16:35:36.717Z]   580/792（採用ページ有 累計 381）
[2026-06-14T16:35:53.735Z]   590/792（採用ページ有 累計 385）
[2026-06-14T16:36:10.152Z]   600/792（採用ページ有 累計 389）
[2026-06-14T16:36:26.904Z]   610/792（採用ページ有 累計 394）
[2026-06-14T16:36:38.113Z]   620/792（採用ページ有 累計 398）
[2026-06-14T16:36:46.807Z]   630/792（採用ページ有 累計 401）
[2026-06-14T16:37:05.411Z]   640/792（採用ページ有 累計 406）
[2026-06-14T16:37:58.466Z]   650/792（採用ページ有 累計 410）
[2026-06-14T16:38:08.337Z]   660/792（採用ページ有 累計 416）
[2026-06-14T16:38:29.645Z]   670/792（採用ページ有 累計 424）
[2026-06-14T16:38:42.104Z]   680/792（採用ページ有 累計 428）
[2026-06-14T16:38:55.646Z]   690/792（採用ページ有 累計 432）
[2026-06-14T16:39:16.546Z]   700/792（採用ページ有 累計 439）
[2026-06-14T16:39:47.662Z]   710/792（採用ページ有 累計 447）
[2026-06-14T16:39:58.327Z]   720/792（採用ページ有 累計 451）
[2026-06-14T16:40:07.627Z]   730/792（採用ページ有 累計 454）
[2026-06-14T16:40:30.791Z]   740/792（採用ページ有 累計 462）
[2026-06-14T16:40:43.981Z]   750/792（採用ページ有 累計 468）
[uncaught] The expression evaluated to a falsy value:

  assert(!this.paused)

[2026-06-14T16:40:53.495Z]   760/792（採用ページ有 累計 472）
[2026-06-14T16:41:05.331Z]   770/792（採用ページ有 累計 479）
[2026-06-14T16:41:26.759Z]   780/792（採用ページ有 累計 487）
[2026-06-14T16:41:45.169Z]   790/792（採用ページ有 累計 495）
[2026-06-14T16:41:49.435Z] 完了: 1002社 ｜ 採用ページ有 497 ｜ 媒体掲載 1 ｜ 新卒 278
[2026-06-14T16:41:49.435Z] 出力: C:\Users\shofu\Desktop\saiyo_tantousha_poc\poc\sources\A-media.csv
