[2026-06-29T18:50:59.954Z] 非Wantedly氏名取得: 未処理 1170社（全 1170）｜既取得済 0名｜目標 1000
[2026-06-29T18:51:49.528Z]   5/1170（氏名 0／目標 1000） 最新: 株式会社KMS → —
[2026-06-29T18:52:23.046Z]   10/1170（氏名 0／目標 1000） 最新: ヤンマーホールディングス株式会社 → —
[2026-06-29T18:53:45.167Z]   15/1170（氏名 0／目標 1000） 最新: Direava株式会社 → —
[2026-06-29T18:54:53.626Z]   20/1170（氏名 0／目標 1000） 最新: 株式会社丸善ジュンク堂書店 → —
[2026-06-29T18:55:59.305Z]   25/1170（氏名 0／目標 1000） 最新: 名古屋テレビ放送株式会社 → —
[2026-06-29T18:58:31.233Z]   30/1170（氏名 0／目標 1000） 最新: 株式会社ハックルベリー → —
[2026-06-29T18:58:53.664Z]   35/1170（氏名 0／目標 1000） 最新: 株式会社パステルコミュニケーション → —
[2026-06-29T19:00:04.100Z]   40/1170（氏名 1／目標 1000） 最新: アイパークインスティチュート株式会社 → —
[2026-06-29T19:00:55.180Z]   45/1170（氏名 1／目標 1000） 最新: THE J.V.株式会社 → —
[2026-06-29T19:02:03.605Z]   50/1170（氏名 1／目標 1000） 最新: 辰巳出版株式会社 → —
[2026-06-29T19:03:20.642Z]   55/1170（氏名 1／目標 1000） 最新: 株式会社ぐるなび → —
[2026-06-29T19:04:05.402Z]   60/1170（氏名 1／目標 1000） 最新: Shants株式会社 → —
[2026-06-29T19:05:23.642Z]   65/1170（氏名 1／目標 1000） 最新: 乾産業株式会社 → —
[2026-06-29T19:06:09.427Z]   70/1170（氏名 1／目標 1000） 最新: 株式会社22世紀アート → —
[2026-06-29T19:07:58.890Z]   75/1170（氏名 1／目標 1000） 最新: 国際情報マネジメント有限会社 → —
[2026-06-29T19:08:08.075Z]   80/1170（氏名 1／目標 1000） 最新: 株式会社enish → —
[2026-06-29T19:09:43.891Z]   85/1170（氏名 1／目標 1000） 最新: 株式会社ＴＢＳラジオ → —
[2026-06-29T19:11:31.713Z]   90/1170（氏名 1／目標 1000） 最新: 株式会社ストライプインターナショナル → —
[2026-06-29T19:13:12.002Z]   95/1170（氏名 1／目標 1000） 最新: 松竹ブロードキャスティング株式会社 → —
[2026-06-29T19:14:24.073Z]   100/1170（氏名 1／目標 1000） 最新: ディスカバリー・ジャパン合同会社 → —
[2026-06-29T19:16:24.085Z]   105/1170（氏名 1／目標 1000） 最新: 株式会社メディアシーク → —
[2026-06-29T19:18:05.149Z]   110/1170（氏名 1／目標 1000） 最新: 公益財団法人日本フィランソロピック財団 → —
[2026-06-29T19:19:12.026Z]   115/1170（氏名 1／目標 1000） 最新: 公益財団法人日本ハンドボール協会 → —
[2026-06-29T19:21:06.490Z]   120/1170（氏名 1／目標 1000） 最新: 株式会社パレットグループ → —
[2026-06-29T19:22:10.448Z]   125/1170（氏名 1／目標 1000） 最新: 株式会社グッドフェローズ → —
[2026-06-29T19:23:52.463Z]   130/1170（氏名 1／目標 1000） 最新: 株式会社シップ → —
[2026-06-29T19:24:41.299Z]   135/1170（氏名 1／目標 1000） 最新: 株式会社大伸社 → —
[2026-06-29T19:26:02.399Z]   140/1170（氏名 1／目標 1000） 最新: 株式会社スクウェア・エニックス → —
[2026-06-29T19:27:59.485Z]   145/1170（氏名 1／目標 1000） 最新: パーキングサイエンス株式会社 → —
[2026-06-29T19:28:47.360Z]   150/1170（氏名 1／目標 1000） 最新: 株式会社M2X → —
[2026-06-29T19:28:54.513Z]   155/1170（氏名 1／目標 1000） 最新: レノボ・ジャパン合同会社 → —
[2026-06-29T19:29:41.017Z]   160/1170（氏名 1／目標 1000） 最新: 株式会社博報堂テクノロジーズ → —
[2026-06-29T19:30:04.261Z]   165/1170（氏名 1／目標 1000） 最新: Ｄｒ．ＡＩＳＥＯ株式会社 → —
[2026-06-29T19:30:38.457Z]   170/1170（氏名 1／目標 1000） 最新: 株式会社Mark Door → —
[2026-06-29T19:32:04.285Z]   175/1170（氏名 1／目標 1000） 最新: Braze株式会社 → —
[2026-06-29T19:32:38.486Z]   180/1170（氏名 1／目標 1000） 最新: 宝印刷株式会社 → —
[2026-06-29T19:33:34.197Z]   185/1170（氏名 1／目標 1000） 最新: 株式会社　宝島社 → —
[2026-06-29T19:34:06.274Z]   190/1170（氏名 1／目標 1000） 最新: 株式会社AVE → —
[2026-06-29T19:34:59.482Z]   195/1170（氏名 1／目標 1000） 最新: オールイン株式会社 → —
[2026-06-29T19:35:37.627Z]   200/1170（氏名 1／目標 1000） 最新: ミイダス株式会社 → —
[2026-06-29T19:36:12.635Z]   205/1170（氏名 1／目標 1000） 最新: セレクションアンドバリエーション株式会社 → —
[2026-06-29T19:38:12.642Z]   210/1170（氏名 1／目標 1000） 最新: 株式会社コムデザイン → —
[2026-06-29T19:39:03.788Z]   215/1170（氏名 1／目標 1000） 最新: 株式会社リベロ → —
[2026-06-29T19:40:03.694Z]   220/1170（氏名 1／目標 1000） 最新: 株式会社ヘイフィールド → —
[2026-06-29T19:41:03.807Z]   225/1170（氏名 1／目標 1000） 最新: 株式会社Bloom → —
[2026-06-29T19:42:37.030Z]   230/1170（氏名 1／目標 1000） 最新: 株式会社ヒューマネージ → —
[2026-06-29T19:44:37.050Z]   235/1170（氏名 1／目標 1000） 最新: ナイス株式会社 → —
[2026-06-29T19:46:03.710Z]   240/1170（氏名 1／目標 1000） 最新: 常磐興産株式会社 → —
[2026-06-29T19:48:03.741Z]   245/1170（氏名 1／目標 1000） 最新: 社会福祉法人奉優会 → —
[2026-06-29T19:49:15.037Z]   250/1170（氏名 1／目標 1000） 最新: 彌榮自動車株式会社（ヤサカグループ本社） → —
[2026-06-29T19:50:46.258Z]   255/1170（氏名 1／目標 1000） 最新: 株式会社TENRYU → —
[2026-06-29T19:51:15.044Z]   260/1170（氏名 1／目標 1000） 最新: 株式会社APT → —
[2026-06-29T19:52:19.843Z]   265/1170（氏名 1／目標 1000） 最新: 株式会社ハウテレビジョン → —
[2026-06-29T19:53:52.770Z]   270/1170（氏名 1／目標 1000） 最新: 株式会社ダトラ → —
[2026-06-29T19:55:03.782Z]   275/1170（氏名 1／目標 1000） 最新: 株式会社goomee → —
[2026-06-29T19:55:52.488Z]   280/1170（氏名 1／目標 1000） 最新: Wealthy Design株式会社 → —
[2026-06-29T19:57:42.405Z]   285/1170（氏名 1／目標 1000） 最新: 株式会社リブセンス → —
[2026-06-29T19:58:32.793Z]   290/1170（氏名 1／目標 1000） 最新: 株式会社マンクンカンクン → —
[2026-06-29T20:00:19.882Z]   295/1170（氏名 1／目標 1000） 最新: 株式会社シンミドウ → —
[2026-06-29T20:01:05.975Z]   300/1170（氏名 1／目標 1000） 最新: HRクラウド株式会社 → —
[2026-06-29T20:01:52.530Z]   305/1170（氏名 1／目標 1000） 最新: インタラクティブ株式会社 → —
[2026-06-29T20:02:01.026Z]   310/1170（氏名 2／目標 1000） 最新: mocomoco株式会社 → —
[2026-06-29T20:03:21.302Z]   315/1170（氏名 2／目標 1000） 最新: 株式会社PRB → —
[2026-06-29T20:04:15.218Z]   320/1170（氏名 2／目標 1000） 最新: 株式会社TORA → —
[2026-06-29T20:05:45.173Z]   325/1170（氏名 2／目標 1000） 最新: 株式会社アシロ → —
[2026-06-29T20:06:44.624Z]   330/1170（氏名 2／目標 1000） 最新: 株式会社 Digital Entertainment Asset → —
[2026-06-29T20:08:44.642Z]   335/1170（氏名 3／目標 1000） 最新: 株式会社WAKAMATSU → —
[2026-06-29T20:10:06.421Z]   340/1170（氏名 3／目標 1000） 最新: テクミラホールディングス株式会社 → —
[2026-06-29T20:11:11.870Z]   345/1170（氏名 3／目標 1000） 最新: 株式会社ラバブルマーケティンググループ → —
[2026-06-29T20:12:06.425Z]   350/1170（氏名 3／目標 1000） 最新: 株式会社ポトマック → —
[2026-06-29T20:12:47.141Z]   355/1170（氏名 3／目標 1000） 最新: 株式会社ティ・ツウ・オー → —
[2026-06-29T20:13:34.299Z]   360/1170（氏名 3／目標 1000） 最新: 株式会社GOOD PLACE → —
[2026-06-29T20:14:53.389Z]   365/1170（氏名 3／目標 1000） 最新: トーヤク株式会社 → —
[2026-06-29T20:15:50.435Z]   370/1170（氏名 3／目標 1000） 最新: 株式会社グルコース → —
[2026-06-29T20:16:58.921Z]   375/1170（氏名 3／目標 1000） 最新: 株式会社ビザスク → —
[2026-06-29T20:18:16.478Z]   380/1170（氏名 3／目標 1000） 最新: 株式会社アートリフォーム → —
[2026-06-29T20:19:07.803Z]   385/1170（氏名 3／目標 1000） 最新: 西日本鉄道株式会社 → —
[2026-06-29T20:20:40.954Z]   390/1170（氏名 3／目標 1000） 最新: 株式会社トドケール → —
[2026-06-29T20:21:40.272Z]   395/1170（氏名 3／目標 1000） 最新: 株式会社アイデアランプ → —
[2026-06-29T20:23:04.011Z]   400/1170（氏名 3／目標 1000） 最新: M-SOLUTIONS株式会社 → —
[2026-06-29T20:24:38.158Z]   405/1170（氏名 3／目標 1000） 最新: ZAZA株式会社 → —
[2026-06-29T20:25:26.339Z]   410/1170（氏名 3／目標 1000） 最新: 一般社団法人不動産検査保証機構 → —
[2026-06-29T20:27:26.335Z]   415/1170（氏名 3／目標 1000） 最新: 株式会社BOTANICO → —
[2026-06-29T20:29:04.034Z]   420/1170（氏名 3／目標 1000） 最新: Hmcomm株式会社 → —
[2026-06-29T20:30:02.922Z]   425/1170（氏名 3／目標 1000） 最新: 株式会社マネジメントソリューションズ → —
[2026-06-29T20:31:09.946Z]   430/1170（氏名 3／目標 1000） 最新: SHOPLIST株式会社 → —
[2026-06-29T20:32:38.523Z]   435/1170（氏名 3／目標 1000） 最新: イーベイ・ジャパン株式会社 → —
[2026-06-29T20:33:40.998Z]   440/1170（氏名 4／目標 1000） 最新: 山陰中央テレビジョン放送株式会社 → —
[2026-06-29T20:35:37.261Z]   445/1170（氏名 4／目標 1000） 最新: 一建設株式会社 → —
[2026-06-29T20:36:26.101Z]   450/1170（氏名 4／目標 1000） 最新: 株式会社シーエーシー → —
[2026-06-29T20:37:43.686Z]   455/1170（氏名 4／目標 1000） 最新: 株式会社MUSIN → —
[2026-06-29T20:39:12.594Z]   460/1170（氏名 4／目標 1000） 最新: 株式会社グリーンエナジー＆カンパニー → —
[2026-06-29T20:40:54.985Z]   465/1170（氏名 4／目標 1000） 最新: 株式会社 鶴屋吉信 → —
[2026-06-29T20:42:35.602Z]   470/1170（氏名 4／目標 1000） 最新: カーボンリンク株式会社 → —
[2026-06-29T20:43:48.177Z]   475/1170（氏名 4／目標 1000） 最新: 株式会社Splean → —
[2026-06-29T20:44:35.613Z]   480/1170（氏名 4／目標 1000） 最新: 公益財団法人日本電信電話ユーザ協会 → —
[2026-06-29T20:45:23.885Z]   485/1170（氏名 4／目標 1000） 最新: 株式会社リーベルタッド → —
[2026-06-29T20:47:23.898Z]   490/1170（氏名 4／目標 1000） 最新: 株式会社エージェント → —
[2026-06-29T20:48:53.583Z]   495/1170（氏名 4／目標 1000） 最新: 東京ヴェルディ株式会社 → —
[2026-06-29T20:49:46.617Z]   500/1170（氏名 4／目標 1000） 最新: 株式会社Synspective → —
[2026-06-29T20:50:34.890Z]   505/1170（氏名 5／目標 1000） 最新: SOWAKA PTE.LTD. → —
[2026-06-29T20:51:37.389Z]   510/1170（氏名 5／目標 1000） 最新: 大網株式会社 → —
[2026-06-29T20:53:17.445Z]   515/1170（氏名 5／目標 1000） 最新: 株式会社近鉄・都ホテルズ → —
[2026-06-29T20:55:20.051Z]   520/1170（氏名 5／目標 1000） 最新: 株式会社湖池屋 → —
[2026-06-29T20:56:23.677Z]   525/1170（氏名 5／目標 1000） 最新: 西日本旅客鉄道株式会社 → —
[2026-06-29T20:57:20.069Z]   530/1170（氏名 5／目標 1000） 最新: 17LIVE株式会社 → —
[2026-06-29T20:59:20.087Z]   535/1170（氏名 5／目標 1000） 最新: 株式会社FoundingBase → —
[2026-06-29T21:01:20.083Z]   540/1170（氏名 5／目標 1000） 最新: 株式会社ＴＯブックス → —
[2026-06-29T21:03:05.253Z]   545/1170（氏名 5／目標 1000） 最新: Fintertech株式会社 → —
[2026-06-29T21:03:15.701Z]   550/1170（氏名 5／目標 1000） 最新: 株式会社イプロス → —
[2026-06-29T21:04:21.644Z]   555/1170（氏名 5／目標 1000） 最新: 株式会社アスマーク → —
[2026-06-29T21:05:21.844Z]   560/1170（氏名 6／目標 1000） 最新: 株式会社ニューステクノロジー → —
[2026-06-29T21:07:21.857Z]   565/1170（氏名 7／目標 1000） 最新: 株式会社ウブン → —
[2026-06-29T21:08:29.022Z]   570/1170（氏名 8／目標 1000） 最新: スパイラルローキャス株式会社 → —
[2026-06-29T21:10:07.147Z]   575/1170（氏名 8／目標 1000） 最新: 東海旅客鉄道株式会社 → —
[2026-06-29T21:11:56.738Z]   580/1170（氏名 8／目標 1000） 最新: 株式会社エム・ピー・ソリューション → —
[2026-06-29T21:12:59.511Z]   585/1170（氏名 8／目標 1000） 最新: アイドック株式会社 → —
[2026-06-29T21:14:59.530Z]   590/1170（氏名 8／目標 1000） 最新: 売れるネット広告社グループ株式会社 → —
[2026-06-29T21:15:49.186Z]   595/1170（氏名 8／目標 1000） 最新: ウィブル証券株式会社 → —
[2026-06-29T21:17:36.766Z]   600/1170（氏名 8／目標 1000） 最新: 株式会社JPX総研 → —
[2026-06-29T21:19:36.093Z]   605/1170（氏名 8／目標 1000） 最新: 株式会社EPLink → —
[2026-06-29T21:21:22.408Z]   610/1170（氏名 8／目標 1000） 最新: クックデリ株式会社 → —
[2026-06-29T21:23:11.466Z]   615/1170（氏名 8／目標 1000） 最新: 株式会社アズパートナーズ → —
[2026-06-29T21:24:56.880Z]   620/1170（氏名 8／目標 1000） 最新: 社会福祉法人ヒトトナリ → —
[2026-06-29T21:25:34.020Z]   625/1170（氏名 8／目標 1000） 最新: 株式会社やる気スイッチグループ → —
[2026-06-29T21:27:41.265Z]   630/1170（氏名 8／目標 1000） 最新: Shanghai Lexiang Technology Co., Ltd → —
[2026-06-29T21:28:14.759Z]   635/1170（氏名 8／目標 1000） 最新: ELSA Corp. → —
[2026-06-29T21:29:53.173Z]   640/1170（氏名 8／目標 1000） 最新: ＪＲ東海不動産株式会社 → —
[2026-06-29T21:30:41.474Z]   645/1170（氏名 8／目標 1000） 最新: 株式会社DYM → —
[2026-06-29T21:31:57.496Z]   650/1170（氏名 8／目標 1000） 最新: 東レインターナショナル株式会社 → —
[2026-06-29T21:33:22.431Z]   655/1170（氏名 8／目標 1000） 最新: 株式会社T2 → —
[2026-06-29T21:33:57.519Z]   660/1170（氏名 8／目標 1000） 最新: 株式会社メイテンス → —
[2026-06-29T21:34:09.849Z]   665/1170（氏名 8／目標 1000） 最新: 株式会社ヴィーナスダイニング → —
[2026-06-29T21:35:03.387Z]   670/1170（氏名 8／目標 1000） 最新: 株式会社Hacobu → —
[2026-06-29T21:37:03.391Z]   675/1170（氏名 8／目標 1000） 最新: AIデータ株式会社 → —
[2026-06-29T21:38:09.611Z]   680/1170（氏名 8／目標 1000） 最新: ワイエスインターナショナル株式会社 → —
[2026-06-29T21:39:03.415Z]   685/1170（氏名 8／目標 1000） 最新: 株式会社サンエス → —
[2026-06-29T21:40:43.602Z]   690/1170（氏名 8／目標 1000） 最新: 医療法人社団エミナル（エミナルクリニックメンズ） → —
[2026-06-29T21:42:01.485Z]   695/1170（氏名 8／目標 1000） 最新: 合資会社一條旅舘 → —
[2026-06-29T21:43:38.454Z]   700/1170（氏名 8／目標 1000） 最新: 株式会社温故知新 → —
[2026-06-29T21:44:35.288Z]   705/1170（氏名 8／目標 1000） 最新: 日本ペットホテル協会株式会社 → —
[2026-06-29T21:46:12.005Z]   710/1170（氏名 8／目標 1000） 最新: 日本精化株式会社 → —
[2026-06-29T21:47:54.955Z]   715/1170（氏名 8／目標 1000） 最新: 株式会社デジオン → —
[2026-06-29T21:48:35.644Z]   720/1170（氏名 8／目標 1000） 最新: 株式会社筑波農場 → —
[2026-06-29T21:50:35.656Z]   725/1170（氏名 8／目標 1000） 最新: 株式会社バイウィル → —
[2026-06-29T21:51:24.052Z]   730/1170（氏名 8／目標 1000） 最新: Agro Ludens株式会社 → —
[2026-06-29T21:51:54.645Z]   735/1170（氏名 8／目標 1000） 最新: OOKABE GLASS株式会社 → —
[2026-06-29T21:53:50.994Z]   740/1170（氏名 8／目標 1000） 最新: 株式会社　ACCESS → —
[2026-06-29T21:55:51.005Z]   745/1170（氏名 8／目標 1000） 最新: 株式会社イノベント → —
[2026-06-29T21:57:29.022Z]   750/1170（氏名 8／目標 1000） 最新: 学校法人東京電機大学 → —
[2026-06-29T21:59:29.034Z]   755/1170（氏名 8／目標 1000） 最新: 株式会社エーアールエー → —
[2026-06-29T22:00:22.456Z]   760/1170（氏名 8／目標 1000） 最新: 株式会社AIメタバース → —
[2026-06-29T22:01:07.843Z]   765/1170（氏名 8／目標 1000） 最新: Animoca Brands 株式会社 → —
[2026-06-29T22:02:45.421Z]   770/1170（氏名 8／目標 1000） 最新: 株式会社農情人 → —
[2026-06-29T22:04:58.983Z]   775/1170（氏名 8／目標 1000） 最新: 株式会社トレードワークス → —
[2026-06-29T22:05:45.324Z]   780/1170（氏名 8／目標 1000） 最新: east field株式会社 → —
[2026-06-29T22:06:40.228Z]   785/1170（氏名 8／目標 1000） 最新: 株式会社ボーンデジタル → —
[2026-06-29T22:07:51.661Z]   790/1170（氏名 8／目標 1000） 最新: 株式会社CREAVE → —
[2026-06-29T22:08:38.271Z]   795/1170（氏名 8／目標 1000） 最新: 株式会社GoalTech → —
[2026-06-29T22:09:32.919Z]   800/1170（氏名 8／目標 1000） 最新: ReBear合同会社 → —
[2026-06-29T22:10:26.913Z]   805/1170（氏名 9／目標 1000） 最新: 株式会社デジタリフト → —
[2026-06-29T22:11:51.988Z]   810/1170（氏名 9／目標 1000） 最新: 株式会社 日経BP → —
[2026-06-29T22:13:51.995Z]   815/1170（氏名 9／目標 1000） 最新: 株式会社NSJAPAN → —
[2026-06-29T22:14:37.981Z]   820/1170（氏名 10／目標 1000） 最新: 日本アイ・ビー・エム株式会社 → —
[2026-06-29T22:15:26.649Z]   825/1170（氏名 10／目標 1000） 最新: 株式会社アストン → —
[2026-06-29T22:16:00.139Z]   830/1170（氏名 10／目標 1000） 最新: 株式会社HERP → —
[2026-06-29T22:17:26.662Z]   835/1170（氏名 10／目標 1000） 最新: 株式会社Parkour Japan → —
[2026-06-29T22:20:18.231Z]   840/1170（氏名 10／目標 1000） 最新: コムチュア株式会社 → —
[2026-06-29T22:21:04.310Z]   845/1170（氏名 10／目標 1000） 最新: 株式会社ナビット → —
[2026-06-29T22:22:31.119Z]   850/1170（氏名 10／目標 1000） 最新: 有限会社黒川温泉農園 → —
[2026-06-29T22:23:19.572Z]   855/1170（氏名 10／目標 1000） 最新: Prusa Research a.s. → —
[2026-06-29T22:25:04.326Z]   860/1170（氏名 10／目標 1000） 最新: 株式会社ギフティ → —
[2026-06-29T22:26:07.578Z]   865/1170（氏名 10／目標 1000） 最新: 株式会社マーケットエンタープライズ → —
[2026-06-29T22:27:12.518Z]   870/1170（氏名 10／目標 1000） 最新: ベジタブルテック株式会社 → —
[2026-06-29T22:28:16.620Z]   875/1170（氏名 10／目標 1000） 最新: 株式会社Zeal's  Planning → —
[2026-06-29T22:30:16.421Z]   880/1170（氏名 10／目標 1000） 最新: 株式会社SENKA → —
[2026-06-29T22:30:58.189Z]   885/1170（氏名 10／目標 1000） 最新: ユナイテッド・スーパーマーケット・ホールディングス株式会社 → —
[2026-06-29T22:32:58.203Z]   890/1170（氏名 10／目標 1000） 最新: 株式会社キャラット → —
[2026-06-29T22:33:27.465Z]   895/1170（氏名 10／目標 1000） 最新: 株式会社サニーサイドライフ → —
[2026-06-29T22:34:17.899Z]   900/1170（氏名 10／目標 1000） 最新: 店舗情報サービス株式会社 → —
[2026-06-29T22:35:14.306Z]   905/1170（氏名 10／目標 1000） 最新: 株式会社Omluc → —
[2026-06-29T22:37:01.175Z]   910/1170（氏名 10／目標 1000） 最新: オプトアップ株式会社 → —
[2026-06-29T22:38:56.336Z]   915/1170（氏名 10／目標 1000） 最新: KRAFTON JAPAN株式会社 → —
[2026-06-29T22:40:56.347Z]   920/1170（氏名 10／目標 1000） 最新: 成田国際空港株式会社 → —
[2026-06-29T22:42:02.987Z]   925/1170（氏名 10／目標 1000） 最新: アズワン株式会社 → —
[2026-06-29T22:43:41.070Z]   930/1170（氏名 10／目標 1000） 最新: 鳥取県商工会連合会 → —
[2026-06-29T22:44:23.315Z]   935/1170（氏名 10／目標 1000） 最新: 株式会社ROLEUP → —
[2026-06-29T22:45:46.580Z]   940/1170（氏名 10／目標 1000） 最新: 株式会社MIXI → —
[2026-06-29T22:46:23.341Z]   945/1170（氏名 10／目標 1000） 最新: 日本ヒューム株式会社 → —
[2026-06-29T22:47:12.759Z]   950/1170（氏名 10／目標 1000） 最新: 株式会社CARTA ZERO → —
[2026-06-29T22:48:27.433Z]   955/1170（氏名 10／目標 1000） 最新: ANYCOLOR株式会社 → —
[2026-06-29T22:49:20.403Z]   960/1170（氏名 10／目標 1000） 最新: 丸井織物株式会社 → —
[2026-06-29T22:51:20.427Z]   965/1170（氏名 10／目標 1000） 最新: 株式会社ウィゴー → —
[2026-06-29T22:53:57.609Z]   970/1170（氏名 10／目標 1000） 最新: 株式会社foriio → —
[2026-06-29T22:54:52.633Z]   975/1170（氏名 10／目標 1000） 最新: LGエレクトロニクス・ジャパン株式会社 → —
[2026-06-29T22:55:57.639Z]   980/1170（氏名 10／目標 1000） 最新: 学校法人創志学園 → —
[2026-06-29T22:57:28.773Z]   985/1170（氏名 10／目標 1000） 最新: 株式会社バッファロー → —
[2026-06-29T22:58:34.030Z]   990/1170（氏名 10／目標 1000） 最新: 日本たばこ産業株式会社 → —
[2026-06-29T23:00:34.063Z]   995/1170（氏名 10／目標 1000） 最新: 株式会社 ジェイアール東海高島屋 → —
[2026-06-29T23:03:14.324Z]   1000/1170（氏名 10／目標 1000） 最新: 株式会社ソフィア → —
[2026-06-29T23:03:51.766Z]   1005/1170（氏名 10／目標 1000） 最新: 鈴与シンワート株式会社 → —
[2026-06-29T23:04:38.357Z]   1010/1170（氏名 10／目標 1000） 最新: 合同会社CLOSM → —
[2026-06-29T23:04:38.361Z]   1015/1170（氏名 10／目標 1000） 最新: 株式会社ロジクラ → —
[2026-06-29T23:05:59.033Z]   1020/1170（氏名 10／目標 1000） 最新: Stunlock Studios AB → —
[2026-06-29T23:07:05.581Z]   1025/1170（氏名 10／目標 1000） 最新: NVIDIA → —
[2026-06-29T23:08:42.742Z]   1030/1170（氏名 10／目標 1000） 最新: 一般社団法人日本婚活支援協会 → —
[2026-06-29T23:09:00.981Z]   1035/1170（氏名 10／目標 1000） 最新: PAX TOPOLOGY株式会社 → —
[2026-06-29T23:10:01.917Z]   1040/1170（氏名 10／目標 1000） 最新: 株式会社ｓｏｕｃｏ → —
[2026-06-29T23:11:41.173Z]   1045/1170（氏名 10／目標 1000） 最新: オイシックス・ラ・大地株式会社 → —
[2026-06-29T23:13:01.000Z]   1050/1170（氏名 10／目標 1000） 最新: 株式会社毎日新聞社 → —
[2026-06-29T23:14:40.420Z]   1055/1170（氏名 10／目標 1000） 最新: 株式会社くまもとＤＭＣ → —
[2026-06-29T23:16:20.270Z]   1060/1170（氏名 10／目標 1000） 最新: 株式会社きらやか銀行 → —
[2026-06-29T23:18:18.381Z]   1065/1170（氏名 10／目標 1000） 最新: 株式会社TGX GOLF → —
[2026-06-29T23:19:01.050Z]   1070/1170（氏名 10／目標 1000） 最新: 富士スピードウェイ株式会社 → —
[2026-06-29T23:19:56.561Z]   1075/1170（氏名 10／目標 1000） 最新: 株式会社OurStory → —
[2026-06-29T23:21:25.605Z]   1080/1170（氏名 10／目標 1000） 最新: 株式会社レビックグローバル → —
[2026-06-29T23:22:13.226Z]   1085/1170（氏名 10／目標 1000） 最新: JV-Campus → —
[2026-06-29T23:23:52.097Z]   1090/1170（氏名 10／目標 1000） 最新: 株式会社Flavor → —
[2026-06-29T23:24:57.919Z]   1095/1170（氏名 10／目標 1000） 最新: 一般財団法人全日本情報学習振興協会 → —
[2026-06-29T23:26:47.045Z]   1100/1170（氏名 10／目標 1000） 最新: 一般社団法人産業ケアマネ協会 → —
[2026-06-29T23:27:30.715Z]   1105/1170（氏名 10／目標 1000） 最新: 株式会社コードタクト → —
[2026-06-29T23:28:49.344Z]   1110/1170（氏名 10／目標 1000） 最新: マルサンアイ株式会社 → —
[2026-06-29T23:29:47.135Z]   1115/1170（氏名 10／目標 1000） 最新: 株式会社仙入 → —
[2026-06-29T23:31:37.817Z]   1120/1170（氏名 10／目標 1000） 最新: チューリッヒ保険会社 → —
[2026-06-29T23:32:38.055Z]   1125/1170（氏名 10／目標 1000） 最新: 株式会社M&Aナビ → —
[2026-06-29T23:34:09.782Z]   1130/1170（氏名 10／目標 1000） 最新: 株式会社IDEATECH → —
[2026-06-29T23:35:03.918Z]   1135/1170（氏名 10／目標 1000） 最新: 株式会社AI Samurai → —
[2026-06-29T23:35:39.018Z]   1140/1170（氏名 10／目標 1000） 最新: パテント・インテグレーション株式会社 → —
[2026-06-29T23:37:13.148Z]   1145/1170（氏名 10／目標 1000） 最新: 株式会社knewit → —
[2026-06-29T23:38:15.676Z]   1150/1170（氏名 10／目標 1000） 最新: 株式会社Godot → —
[2026-06-29T23:39:13.161Z]   1155/1170（氏名 10／目標 1000） 最新: 学校法人 順天堂 → —
[2026-06-29T23:41:04.748Z]   1160/1170（氏名 10／目標 1000） 最新: 株式会社Walkers → —
[2026-06-29T23:42:11.261Z]   1165/1170（氏名 10／目標 1000） 最新: monoAI technology株式会社 → —
[2026-06-29T23:44:11.269Z]   1170/1170（氏名 10／目標 1000） 最新: リズム株式会社 → —
[2026-06-29T23:44:11.273Z] 完了: 処理 1170社 ｜ 氏名取得 10名（0.9%）
[2026-06-29T23:44:11.273Z] 内訳: {"自社採用ページ深掘り":10}
[2026-06-29T23:44:11.273Z] 出力: C:\Users\shofu\Desktop\saiyo_tantousha_poc\poc\data\prtimes-enriched.csv
