[2026-06-20T04:20:59.233Z] 再開: 既存 435 行 / 採用担当者名あり 435 / 処理済ID 1375
[2026-06-20T04:20:59.235Z] sitemap index 取得...
[2026-06-20T04:20:59.413Z] 子sitemap 32 件
[2026-06-20T04:21:26.593Z]   sitemap28.xml.gz +6485 (cum 6485)
[2026-06-20T04:21:27.622Z]   sitemap29.xml.gz +50000 (cum 56485)
[2026-06-20T04:21:28.654Z]   sitemap30.xml.gz +50000 (cum 106485)
[2026-06-20T04:21:29.630Z]   sitemap31.xml.gz +50000 (cum 156485)
[2026-06-20T04:21:30.528Z]   sitemap32.xml.gz +10852 (cum 167337)
[2026-06-20T04:21:31.332Z] 募集ID プール: 167337 件
[2026-06-20T04:21:31.347Z] 未処理 165962 件を stride サンプリング順で処理（取得上限 8000）
[2026-06-20T04:22:34.566Z] fetched 25 | named 443/1000 (hit 8 dup 17 noname 0 dead 0)
[2026-06-20T04:23:35.380Z] fetched 50 | named 451/1000 (hit 16 dup 34 noname 0 dead 0)
[2026-06-20T04:24:34.251Z] fetched 75 | named 457/1000 (hit 22 dup 53 noname 0 dead 0)
[2026-06-20T04:25:34.770Z] fetched 100 | named 461/1000 (hit 26 dup 74 noname 0 dead 0)
[2026-06-20T04:26:33.408Z] fetched 125 | named 461/1000 (hit 26 dup 99 noname 0 dead 0)
[2026-06-20T04:27:31.714Z] fetched 150 | named 466/1000 (hit 31 dup 119 noname 0 dead 0)
[2026-06-20T04:28:32.507Z] fetched 175 | named 473/1000 (hit 38 dup 137 noname 0 dead 0)
[2026-06-20T04:29:33.605Z] fetched 200 | named 477/1000 (hit 42 dup 158 noname 0 dead 0)
[2026-06-20T04:30:36.112Z] fetched 225 | named 480/1000 (hit 45 dup 180 noname 0 dead 0)
[2026-06-20T04:31:34.669Z] fetched 250 | named 483/1000 (hit 48 dup 202 noname 0 dead 0)
[2026-06-20T04:32:34.739Z] fetched 275 | named 490/1000 (hit 55 dup 220 noname 0 dead 0)
[2026-06-20T04:33:34.278Z] fetched 300 | named 493/1000 (hit 58 dup 242 noname 0 dead 0)
[2026-06-20T04:34:34.563Z] fetched 325 | named 500/1000 (hit 65 dup 259 noname 1 dead 0)
[2026-06-20T04:35:35.287Z] fetched 350 | named 502/1000 (hit 67 dup 280 noname 3 dead 0)
[2026-06-20T04:36:36.969Z] fetched 375 | named 508/1000 (hit 73 dup 298 noname 4 dead 0)
[2026-06-20T04:37:39.888Z] fetched 400 | named 513/1000 (hit 78 dup 317 noname 5 dead 0)
[2026-06-20T04:38:39.793Z] fetched 425 | named 515/1000 (hit 80 dup 339 noname 6 dead 0)
[2026-06-20T04:39:37.892Z] fetched 450 | named 525/1000 (hit 90 dup 354 noname 6 dead 0)
[2026-06-20T04:40:38.762Z] fetched 475 | named 526/1000 (hit 91 dup 378 noname 6 dead 0)
[2026-06-20T04:41:39.568Z] fetched 500 | named 532/1000 (hit 97 dup 397 noname 6 dead 0)
[2026-06-20T04:42:38.449Z] fetched 525 | named 539/1000 (hit 104 dup 414 noname 7 dead 0)
[2026-06-20T04:43:37.356Z] fetched 550 | named 544/1000 (hit 109 dup 433 noname 8 dead 0)
[2026-06-20T04:44:36.760Z] fetched 575 | named 548/1000 (hit 113 dup 454 noname 8 dead 0)
[2026-06-20T04:45:36.224Z] fetched 600 | named 554/1000 (hit 119 dup 473 noname 8 dead 0)
[2026-06-20T04:46:36.775Z] fetched 625 | named 559/1000 (hit 124 dup 493 noname 8 dead 0)
[2026-06-20T04:47:40.128Z] fetched 650 | named 563/1000 (hit 128 dup 514 noname 8 dead 0)
[2026-06-20T04:48:42.513Z] fetched 675 | named 566/1000 (hit 131 dup 536 noname 8 dead 0)
[2026-06-20T04:49:42.189Z] fetched 700 | named 570/1000 (hit 135 dup 557 noname 8 dead 0)
[2026-06-20T04:50:44.277Z] fetched 725 | named 573/1000 (hit 138 dup 577 noname 10 dead 0)
[2026-06-20T04:51:43.641Z] fetched 750 | named 581/1000 (hit 146 dup 593 noname 11 dead 0)
[2026-06-20T04:52:42.684Z] fetched 775 | named 583/1000 (hit 148 dup 614 noname 13 dead 0)
[2026-06-20T04:53:40.928Z] fetched 800 | named 593/1000 (hit 158 dup 628 noname 14 dead 0)
[2026-06-20T04:54:41.657Z] fetched 825 | named 599/1000 (hit 164 dup 646 noname 15 dead 0)
[2026-06-20T04:55:42.186Z] fetched 850 | named 604/1000 (hit 169 dup 666 noname 15 dead 0)
[2026-06-20T04:56:47.758Z] fetched 875 | named 609/1000 (hit 174 dup 685 noname 16 dead 0)
[2026-06-20T04:57:47.940Z] fetched 900 | named 617/1000 (hit 182 dup 701 noname 17 dead 0)
[2026-06-20T04:58:48.154Z] fetched 925 | named 624/1000 (hit 189 dup 719 noname 17 dead 0)
[2026-06-20T04:59:51.271Z] fetched 950 | named 629/1000 (hit 194 dup 738 noname 18 dead 0)
[2026-06-20T05:00:54.509Z] fetched 975 | named 636/1000 (hit 201 dup 754 noname 20 dead 0)
[2026-06-20T05:01:56.943Z] fetched 1000 | named 643/1000 (hit 208 dup 770 noname 22 dead 0)
[2026-06-20T05:02:57.847Z] fetched 1025 | named 647/1000 (hit 212 dup 789 noname 24 dead 0)
[2026-06-20T05:03:56.455Z] fetched 1050 | named 651/1000 (hit 216 dup 809 noname 25 dead 0)
[2026-06-20T05:04:55.749Z] fetched 1075 | named 655/1000 (hit 220 dup 830 noname 25 dead 0)
[2026-06-20T05:05:57.465Z] fetched 1100 | named 659/1000 (hit 224 dup 849 noname 27 dead 0)
[2026-06-20T05:06:57.921Z] fetched 1125 | named 665/1000 (hit 230 dup 868 noname 27 dead 0)
[2026-06-20T05:07:56.840Z] fetched 1150 | named 668/1000 (hit 233 dup 889 noname 28 dead 0)
[2026-06-20T05:08:55.620Z] fetched 1175 | named 676/1000 (hit 241 dup 906 noname 28 dead 0)
[2026-06-20T05:09:54.434Z] fetched 1200 | named 679/1000 (hit 244 dup 928 noname 28 dead 0)
[2026-06-20T05:10:52.653Z] fetched 1225 | named 683/1000 (hit 248 dup 948 noname 29 dead 0)
[2026-06-20T05:11:52.040Z] fetched 1250 | named 686/1000 (hit 251 dup 968 noname 31 dead 0)
[2026-06-20T05:12:52.406Z] fetched 1275 | named 687/1000 (hit 252 dup 991 noname 32 dead 0)
[2026-06-20T05:13:52.331Z] fetched 1300 | named 693/1000 (hit 258 dup 1008 noname 34 dead 0)
[2026-06-20T05:14:51.536Z] fetched 1325 | named 697/1000 (hit 262 dup 1028 noname 35 dead 0)
[2026-06-20T05:15:52.217Z] fetched 1350 | named 701/1000 (hit 266 dup 1049 noname 35 dead 0)
[2026-06-20T05:16:51.062Z] fetched 1375 | named 704/1000 (hit 269 dup 1071 noname 35 dead 0)
[2026-06-20T05:17:50.296Z] fetched 1400 | named 710/1000 (hit 275 dup 1089 noname 36 dead 0)
[2026-06-20T05:18:50.474Z] fetched 1425 | named 713/1000 (hit 278 dup 1111 noname 36 dead 0)
[2026-06-20T05:19:49.295Z] fetched 1450 | named 719/1000 (hit 284 dup 1130 noname 36 dead 0)
[2026-06-20T05:20:48.539Z] fetched 1475 | named 727/1000 (hit 292 dup 1146 noname 37 dead 0)
[2026-06-20T05:21:48.103Z] fetched 1500 | named 729/1000 (hit 294 dup 1168 noname 38 dead 0)
[2026-06-20T05:22:50.601Z] fetched 1525 | named 734/1000 (hit 299 dup 1187 noname 39 dead 0)
[2026-06-20T05:23:50.516Z] fetched 1550 | named 738/1000 (hit 303 dup 1207 noname 40 dead 0)
[2026-06-20T05:24:51.002Z] fetched 1575 | named 742/1000 (hit 307 dup 1228 noname 40 dead 0)
[2026-06-20T05:25:50.684Z] fetched 1600 | named 745/1000 (hit 310 dup 1249 noname 41 dead 0)
[2026-06-20T05:26:52.682Z] fetched 1625 | named 749/1000 (hit 314 dup 1268 noname 43 dead 0)
[2026-06-20T05:27:51.516Z] fetched 1650 | named 755/1000 (hit 320 dup 1287 noname 43 dead 0)
[2026-06-20T05:28:51.219Z] fetched 1675 | named 760/1000 (hit 325 dup 1307 noname 43 dead 0)
[2026-06-20T05:29:50.675Z] fetched 1700 | named 764/1000 (hit 329 dup 1326 noname 45 dead 0)
[2026-06-20T05:30:50.028Z] fetched 1725 | named 769/1000 (hit 334 dup 1345 noname 46 dead 0)
[2026-06-20T05:31:50.142Z] fetched 1750 | named 772/1000 (hit 337 dup 1365 noname 48 dead 0)
[2026-06-20T05:32:49.692Z] fetched 1775 | named 773/1000 (hit 338 dup 1388 noname 49 dead 0)
[2026-06-20T05:33:51.225Z] fetched 1800 | named 781/1000 (hit 346 dup 1404 noname 50 dead 0)
[2026-06-20T05:34:51.354Z] fetched 1825 | named 783/1000 (hit 348 dup 1426 noname 51 dead 0)
[2026-06-20T05:35:50.453Z] fetched 1850 | named 785/1000 (hit 350 dup 1449 noname 51 dead 0)
[2026-06-20T05:36:49.640Z] fetched 1875 | named 786/1000 (hit 351 dup 1472 noname 52 dead 0)
[2026-06-20T05:37:47.482Z] fetched 1900 | named 789/1000 (hit 354 dup 1494 noname 52 dead 0)
[2026-06-20T05:38:44.568Z] fetched 1925 | named 792/1000 (hit 357 dup 1514 noname 54 dead 0)
[2026-06-20T05:39:45.074Z] fetched 1950 | named 798/1000 (hit 363 dup 1532 noname 55 dead 0)
[2026-06-20T05:40:45.573Z] fetched 1975 | named 803/1000 (hit 368 dup 1552 noname 55 dead 0)
[2026-06-20T05:41:46.266Z] fetched 2000 | named 805/1000 (hit 370 dup 1574 noname 56 dead 0)
[2026-06-20T05:42:47.507Z] fetched 2025 | named 808/1000 (hit 373 dup 1596 noname 56 dead 0)
[2026-06-20T05:43:48.723Z] fetched 2050 | named 814/1000 (hit 379 dup 1614 noname 57 dead 0)
[2026-06-20T05:44:47.378Z] fetched 2075 | named 817/1000 (hit 382 dup 1632 noname 61 dead 0)
[2026-06-20T05:45:48.499Z] fetched 2100 | named 823/1000 (hit 388 dup 1651 noname 61 dead 0)
[2026-06-20T05:46:48.427Z] fetched 2125 | named 827/1000 (hit 392 dup 1671 noname 62 dead 0)
[2026-06-20T05:47:47.910Z] fetched 2150 | named 835/1000 (hit 400 dup 1687 noname 63 dead 0)
[2026-06-20T05:48:46.985Z] fetched 2175 | named 838/1000 (hit 403 dup 1708 noname 64 dead 0)
[2026-06-20T05:49:45.279Z] fetched 2200 | named 841/1000 (hit 406 dup 1728 noname 66 dead 0)
[2026-06-20T05:50:43.809Z] fetched 2225 | named 843/1000 (hit 408 dup 1749 noname 68 dead 0)
[2026-06-20T05:51:45.160Z] fetched 2250 | named 844/1000 (hit 409 dup 1771 noname 70 dead 0)
[2026-06-20T05:52:45.412Z] fetched 2275 | named 844/1000 (hit 409 dup 1796 noname 70 dead 0)
[2026-06-20T05:53:46.126Z] fetched 2300 | named 848/1000 (hit 413 dup 1816 noname 71 dead 0)
[2026-06-20T05:54:46.777Z] fetched 2325 | named 849/1000 (hit 414 dup 1840 noname 71 dead 0)
[2026-06-20T05:55:49.149Z] fetched 2350 | named 851/1000 (hit 416 dup 1861 noname 73 dead 0)
[2026-06-20T05:56:49.775Z] fetched 2375 | named 852/1000 (hit 417 dup 1883 noname 75 dead 0)
[2026-06-20T05:57:51.639Z] fetched 2400 | named 856/1000 (hit 421 dup 1903 noname 76 dead 0)
[2026-06-20T05:58:53.767Z] fetched 2425 | named 860/1000 (hit 425 dup 1924 noname 76 dead 0)
[2026-06-20T05:59:53.673Z] fetched 2450 | named 863/1000 (hit 428 dup 1946 noname 76 dead 0)
[2026-06-20T06:00:56.046Z] fetched 2475 | named 866/1000 (hit 431 dup 1968 noname 76 dead 0)
[2026-06-20T06:01:57.336Z] fetched 2500 | named 870/1000 (hit 435 dup 1988 noname 77 dead 0)
[2026-06-20T06:02:56.392Z] fetched 2525 | named 871/1000 (hit 436 dup 2012 noname 77 dead 0)
[2026-06-20T06:03:59.023Z] fetched 2550 | named 873/1000 (hit 438 dup 2035 noname 77 dead 0)
[2026-06-20T06:05:01.633Z] fetched 2575 | named 875/1000 (hit 440 dup 2058 noname 77 dead 0)
[2026-06-20T06:06:02.826Z] fetched 2600 | named 877/1000 (hit 442 dup 2081 noname 77 dead 0)
[2026-06-20T06:07:01.410Z] fetched 2625 | named 879/1000 (hit 444 dup 2103 noname 78 dead 0)
[2026-06-20T06:08:04.280Z] fetched 2650 | named 879/1000 (hit 444 dup 2127 noname 79 dead 0)
[2026-06-20T06:09:03.823Z] fetched 2675 | named 883/1000 (hit 448 dup 2146 noname 81 dead 0)
[2026-06-20T06:10:12.533Z] fetched 2700 | named 887/1000 (hit 452 dup 2167 noname 81 dead 0)
[2026-06-20T06:11:12.043Z] fetched 2725 | named 889/1000 (hit 454 dup 2190 noname 81 dead 0)
[2026-06-20T06:12:13.525Z] fetched 2750 | named 894/1000 (hit 459 dup 2210 noname 81 dead 0)
[2026-06-20T06:13:16.352Z] fetched 2775 | named 897/1000 (hit 462 dup 2232 noname 81 dead 0)
[2026-06-20T06:14:15.995Z] fetched 2800 | named 901/1000 (hit 466 dup 2253 noname 81 dead 0)
[2026-06-20T06:15:16.197Z] fetched 2825 | named 902/1000 (hit 467 dup 2273 noname 85 dead 0)
[2026-06-20T06:16:18.869Z] fetched 2850 | named 902/1000 (hit 467 dup 2297 noname 86 dead 0)
[2026-06-20T06:17:19.862Z] fetched 2875 | named 906/1000 (hit 471 dup 2318 noname 86 dead 0)
[2026-06-20T06:18:21.870Z] fetched 2900 | named 910/1000 (hit 475 dup 2339 noname 86 dead 0)
[2026-06-20T06:19:25.470Z] fetched 2925 | named 912/1000 (hit 477 dup 2362 noname 86 dead 0)
[2026-06-20T06:20:29.280Z] fetched 2950 | named 915/1000 (hit 480 dup 2384 noname 86 dead 0)
[2026-06-20T06:21:32.967Z] fetched 2975 | named 918/1000 (hit 483 dup 2405 noname 87 dead 0)
[2026-06-20T06:22:34.545Z] fetched 3000 | named 923/1000 (hit 488 dup 2424 noname 88 dead 0)
[2026-06-20T06:23:36.040Z] fetched 3025 | named 926/1000 (hit 491 dup 2446 noname 88 dead 0)
[2026-06-20T06:24:36.374Z] fetched 3050 | named 928/1000 (hit 493 dup 2468 noname 89 dead 0)
[2026-06-20T06:25:36.405Z] fetched 3075 | named 931/1000 (hit 496 dup 2489 noname 90 dead 0)
[2026-06-20T06:26:39.632Z] fetched 3100 | named 936/1000 (hit 501 dup 2509 noname 90 dead 0)
[2026-06-20T06:27:44.343Z] fetched 3125 | named 936/1000 (hit 501 dup 2532 noname 92 dead 0)
[2026-06-20T06:28:49.511Z] fetched 3150 | named 940/1000 (hit 505 dup 2553 noname 92 dead 0)
[2026-06-20T06:29:57.475Z] fetched 3175 | named 945/1000 (hit 510 dup 2572 noname 93 dead 0)
[2026-06-20T06:31:00.919Z] fetched 3200 | named 947/1000 (hit 512 dup 2594 noname 94 dead 0)
[2026-06-20T06:32:05.249Z] fetched 3225 | named 953/1000 (hit 518 dup 2613 noname 94 dead 0)
[2026-06-20T06:33:05.607Z] fetched 3250 | named 958/1000 (hit 523 dup 2632 noname 95 dead 0)
[2026-06-20T06:34:12.029Z] fetched 3275 | named 960/1000 (hit 525 dup 2655 noname 95 dead 0)
[2026-06-20T06:35:19.876Z] fetched 3300 | named 961/1000 (hit 526 dup 2677 noname 97 dead 0)
[2026-06-20T06:36:24.752Z] fetched 3325 | named 966/1000 (hit 531 dup 2696 noname 98 dead 0)
[2026-06-20T06:37:28.453Z] fetched 3350 | named 968/1000 (hit 533 dup 2719 noname 98 dead 0)
[2026-06-20T06:38:40.290Z] fetched 3375 | named 971/1000 (hit 536 dup 2740 noname 99 dead 0)
[2026-06-20T06:39:45.962Z] fetched 3400 | named 974/1000 (hit 539 dup 2760 noname 101 dead 0)
[2026-06-20T06:40:46.269Z] fetched 3425 | named 982/1000 (hit 547 dup 2777 noname 101 dead 0)
[2026-06-20T06:41:50.177Z] fetched 3450 | named 988/1000 (hit 553 dup 2796 noname 101 dead 0)
[2026-06-20T06:42:49.057Z] fetched 3475 | named 991/1000 (hit 556 dup 2818 noname 101 dead 0)
[2026-06-20T06:43:49.396Z] fetched 3500 | named 996/1000 (hit 561 dup 2838 noname 101 dead 0)
[2026-06-20T06:44:19.841Z] 目標 1000 達成！
[2026-06-20T06:44:19.845Z] 完了: 採用担当者名あり 1000 行 / 総 1000 行 → data\recruiter-wantedly.csv
[2026-06-20T06:44:19.845Z] 内訳: fetched 3513 hit 565 dup 2847 noname 101 dead 0
