[2026-06-24T16:12:06.324Z] 非Wantedly氏名取得: 未処理 80社（全 80）｜既取得済 0名｜目標 1000
[2026-06-24T16:12:46.391Z]   5/80（氏名 2／目標 1000） 最新: 大和機工株式会社 → —
[2026-06-24T16:13:26.252Z]   10/80（氏名 2／目標 1000） 最新: シブヤ食品株式会社 → —
[2026-06-24T16:14:04.489Z]   15/80（氏名 3／目標 1000） 最新: 株式会社奥井組 → —
[2026-06-24T16:14:25.010Z]   20/80（氏名 4／目標 1000） 最新: 東洋熱工業株式会社 → —
[2026-06-24T16:15:17.413Z]   25/80（氏名 5／目標 1000） 最新: 中央アルプス観光株式会社 → ★小田切 [自社採用ページ深掘り]
[2026-06-24T16:16:23.863Z]   30/80（氏名 5／目標 1000） 最新: 協和ビル管理株式会社 → —
[2026-06-24T16:17:35.310Z]   35/80（氏名 5／目標 1000） 最新: 石上車輌株式会社 → —
[2026-06-24T16:18:11.967Z]   40/80（氏名 6／目標 1000） 最新: 株式会社金田自動車 → —
[2026-06-24T16:19:28.538Z]   45/80（氏名 6／目標 1000） 最新: 株式会社日専連ホールディングス → —
[2026-06-24T16:20:03.754Z]   50/80（氏名 7／目標 1000） 最新: 朝野工業株式会社 → —
[2026-06-24T16:21:12.013Z]   55/80（氏名 7／目標 1000） 最新: 株式会社エービッツ → —
[2026-06-24T16:22:22.050Z]   60/80（氏名 7／目標 1000） 最新: 能代電設工業株式会社 → —
[2026-06-24T16:22:45.360Z]   65/80（氏名 8／目標 1000） 最新: 東洋アルミニウム株式会社 → —
[2026-06-24T16:23:50.518Z]   70/80（氏名 8／目標 1000） 最新: 株式会社加賀田組 → —
[2026-06-24T16:24:59.841Z]   75/80（氏名 8／目標 1000） 最新: 山下印刷紙器株式会社 → —
[2026-06-24T16:26:06.679Z]   80/80（氏名 8／目標 1000） 最新: 株式会社Ｂ・Ｉ → —
[2026-06-24T16:26:06.681Z] 完了: 処理 80社 ｜ 氏名取得 8名（10.0%）
[2026-06-24T16:26:06.681Z] 内訳: {"自社採用ページ深掘り":8}
[2026-06-24T16:26:06.681Z] 出力: C:\Users\shofu\Desktop\saiyo_tantousha_poc\poc\data\recruiter-nonwantedly.csv
