[2026-06-24T16:29:35.710Z] 再開: 既存 80社をスキップ
[2026-06-24T16:29:35.718Z] 非Wantedly氏名取得: 未処理 920社（全 1000）｜既取得済 8名｜目標 1000
[2026-06-24T16:31:12.507Z]   5/920（氏名 9／目標 1000） 最新: 富士通Japanソリューションズ九州株式会社 → ★白石 優 [自社採用ページ深掘り]
[2026-06-24T16:32:24.386Z]   10/920（氏名 9／目標 1000） 最新: 株式会社青森電子計算センター → —
[2026-06-24T16:33:25.644Z]   15/920（氏名 10／目標 1000） 最新: 株式会社三和サービス → —
[2026-06-24T16:34:29.381Z]   20/920（氏名 11／目標 1000） 最新: 北陸鉄道株式会社 → —
[2026-06-24T16:36:12.940Z]   25/920（氏名 11／目標 1000） 最新: ＪＦＥスチール株式会社 → —
[2026-06-24T16:37:25.826Z]   30/920（氏名 11／目標 1000） 最新: 株式会社ワン・ステップ → —
[2026-06-24T16:38:38.214Z]   35/920（氏名 11／目標 1000） 最新: Sansan株式会社 → —
[2026-06-24T16:39:26.183Z]   40/920（氏名 11／目標 1000） 最新: 株式会社CFPコンサルティング → —
[2026-06-24T16:40:09.018Z]   45/920（氏名 11／目標 1000） 最新: 株式会社トキハナ → —
[2026-06-24T16:40:51.720Z]   50/920（氏名 11／目標 1000） 最新: 株式会社CyberACE → —
[2026-06-24T16:41:45.312Z]   55/920（氏名 11／目標 1000） 最新: カイロスマーケティング株式会社 → —
[2026-06-24T16:42:28.126Z]   60/920（氏名 11／目標 1000） 最新: 加藤貿易株式会社 → —
[2026-06-24T16:43:25.312Z]   65/920（氏名 11／目標 1000） 最新: 株式会社リアルソフト → —
[2026-06-24T16:44:12.788Z]   70/920（氏名 11／目標 1000） 最新: 株式会社JAM → —
[2026-06-24T16:44:50.965Z]   75/920（氏名 11／目標 1000） 最新: 株式会社ルートゼロ → —
[2026-06-24T16:45:53.048Z]   80/920（氏名 11／目標 1000） 最新: BASE株式会社 → —
[2026-06-24T16:46:35.753Z]   85/920（氏名 11／目標 1000） 最新: 株式会社サイバーエージェント → —
[2026-06-24T16:47:22.456Z]   90/920（氏名 11／目標 1000） 最新: 株式会社ブラストエッジゲームズ → —
[2026-06-24T16:48:04.979Z]   95/920（氏名 11／目標 1000） 最新: 株式会社ゼロワンブースター → —
[2026-06-24T16:49:08.578Z]   100/920（氏名 11／目標 1000） 最新: KIYOラーニング株式会社 → —
[2026-06-24T16:49:43.821Z]   105/920（氏名 11／目標 1000） 最新: 株式会社ホールハートエージェント → —
[2026-06-24T16:50:19.315Z]   110/920（氏名 11／目標 1000） 最新: 株式会社LivCo → —
[2026-06-24T16:51:01.661Z]   115/920（氏名 11／目標 1000） 最新: 株式会社CLOVER → —
[2026-06-24T16:52:00.147Z]   120/920（氏名 11／目標 1000） 最新: 株式会社イツノマ → —
[2026-06-24T16:52:44.221Z]   125/920（氏名 11／目標 1000） 最新: 株式会社ギフティ → —
[2026-06-24T16:53:27.743Z]   130/920（氏名 11／目標 1000） 最新: KICK ZA ISSUE株式会社 → —
[2026-06-24T16:54:27.958Z]   135/920（氏名 11／目標 1000） 最新: 株式会社吉銘 → —
[2026-06-24T16:55:13.926Z]   140/920（氏名 11／目標 1000） 最新: 株式会社Another works → —
[2026-06-24T16:56:07.739Z]   145/920（氏名 11／目標 1000） 最新: GMOビューティー株式会社 → —
[2026-06-24T16:56:42.339Z]   150/920（氏名 11／目標 1000） 最新: 加和太建設株式会社 → —
[2026-06-24T16:57:40.521Z]   155/920（氏名 11／目標 1000） 最新: 株式会社ステッピング・ハウプ → —
[2026-06-24T16:58:20.564Z]   160/920（氏名 11／目標 1000） 最新: 株式会社ヒューマンシップ → —
[2026-06-24T16:59:05.652Z]   165/920（氏名 11／目標 1000） 最新: 犬猫生活株式会社 → —
[2026-06-24T16:59:54.988Z]   170/920（氏名 11／目標 1000） 最新: 株式会社SEシェア → —
[2026-06-24T17:00:44.302Z]   175/920（氏名 11／目標 1000） 最新: 株式会社アジケ（メンバーズグループ） → —
[2026-06-24T17:01:34.449Z]   180/920（氏名 11／目標 1000） 最新: 株式会社ユーザベース → —
[2026-06-24T17:02:21.191Z]   185/920（氏名 11／目標 1000） 最新: 株式会社ミラスタ → —
[2026-06-24T17:03:16.449Z]   190/920（氏名 11／目標 1000） 最新: 株式会社アソビスキー → —
[2026-06-24T17:03:57.072Z]   195/920（氏名 11／目標 1000） 最新: ランディット株式会社 → —
[2026-06-24T17:04:53.596Z]   200/920（氏名 11／目標 1000） 最新: 株式会社ATOMica → —
[2026-06-24T17:05:35.827Z]   205/920（氏名 11／目標 1000） 最新: 株式会社ALCHEMY → —
[2026-06-24T17:06:18.630Z]   210/920（氏名 11／目標 1000） 最新: 株式会社学びエイド → —
[2026-06-24T17:07:13.776Z]   215/920（氏名 11／目標 1000） 最新: 株式会社 BALANCe → —
[2026-06-24T17:07:58.353Z]   220/920（氏名 11／目標 1000） 最新: 株式会社サクセスストーリー → —
[2026-06-24T17:08:37.970Z]   225/920（氏名 11／目標 1000） 最新: 株式会社Yotsunagi → —
[2026-06-24T17:09:13.671Z]   230/920（氏名 11／目標 1000） 最新: 株式会社オプティマインド → —
[2026-06-24T17:09:49.455Z]   235/920（氏名 11／目標 1000） 最新: 株式会社Trust Lead → —
[2026-06-24T17:10:25.562Z]   240/920（氏名 11／目標 1000） 最新: 株式会社EventHub → —
[2026-06-24T17:11:23.743Z]   245/920（氏名 11／目標 1000） 最新: キャリアフィールド株式会社 → —
[2026-06-24T17:12:06.126Z]   250/920（氏名 11／目標 1000） 最新: 株式会社Senyou → —
[2026-06-24T17:12:48.581Z]   255/920（氏名 11／目標 1000） 最新: 株式会社ACROVE → —
[2026-06-24T17:13:32.117Z]   260/920（氏名 11／目標 1000） 最新: 株式会社WorldHacks → —
[2026-06-24T17:14:17.989Z]   265/920（氏名 11／目標 1000） 最新: 株式会社トラストシステム → —
[2026-06-24T17:15:12.248Z]   270/920（氏名 11／目標 1000） 最新: STARTEK Malaysia → —
[2026-06-24T17:15:54.704Z]   275/920（氏名 11／目標 1000） 最新: 株式会社Her's → —
[2026-06-24T17:16:30.296Z]   280/920（氏名 11／目標 1000） 最新: 株式会社LULL → —
[2026-06-24T17:17:09.277Z]   285/920（氏名 11／目標 1000） 最新: SALES GO株式会社 → —
[2026-06-24T17:17:55.884Z]   290/920（氏名 11／目標 1000） 最新: SOZOW株式会社 → —
[2026-06-24T17:18:44.084Z]   295/920（氏名 11／目標 1000） 最新: 株式会社TopEyes → —
[2026-06-24T17:19:33.673Z]   300/920（氏名 11／目標 1000） 最新: 株式会社FRODO → —
[2026-06-24T17:20:15.995Z]   305/920（氏名 11／目標 1000） 最新: 株式会社KIYONO → —
[2026-06-24T17:21:06.191Z]   310/920（氏名 11／目標 1000） 最新: 合同会社OHANA → —
[2026-06-24T17:21:55.454Z]   315/920（氏名 11／目標 1000） 最新: 株式会社エアークローゼット → —
[2026-06-24T17:22:31.740Z]   320/920（氏名 11／目標 1000） 最新: 株式会社スリーピース → —
[2026-06-24T17:23:23.199Z]   325/920（氏名 11／目標 1000） 最新: COUXU株式会社 → —
[2026-06-24T17:24:11.254Z]   330/920（氏名 11／目標 1000） 最新: 株式会社タガタメ → —
[2026-06-24T17:24:51.550Z]   335/920（氏名 11／目標 1000） 最新: 株式会社LIG → —
[2026-06-24T17:25:38.134Z]   340/920（氏名 11／目標 1000） 最新: 株式会社LIABRIDGE → —
[2026-06-24T17:26:33.801Z]   345/920（氏名 11／目標 1000） 最新: 株式会社Lime → —
[2026-06-24T17:27:16.215Z]   350/920（氏名 11／目標 1000） 最新: 株式会社オンリーストーリー → —
[2026-06-24T17:27:53.456Z]   355/920（氏名 11／目標 1000） 最新: フロンティア株式会社 → —
[2026-06-24T17:28:34.936Z]   360/920（氏名 11／目標 1000） 最新: 株式会社Tria → —
[2026-06-24T17:29:18.664Z]   365/920（氏名 11／目標 1000） 最新: キャル株式会社 → —
[2026-06-24T17:30:07.499Z]   370/920（氏名 11／目標 1000） 最新: 株式会社C&P → —
[2026-06-24T17:30:43.193Z]   375/920（氏名 11／目標 1000） 最新: 株式会社BAKERU → —
[2026-06-24T17:31:25.566Z]   380/920（氏名 11／目標 1000） 最新: 株式会社kubell → —
[2026-06-24T17:32:08.009Z]   385/920（氏名 11／目標 1000） 最新: 株式会社クラヴィス → —
[2026-06-24T17:33:06.673Z]   390/920（氏名 11／目標 1000） 最新: 株式会社FreeStyle → —
[2026-06-24T17:34:02.760Z]   395/920（氏名 11／目標 1000） 最新: 株式会社カグカス → —
[2026-06-24T17:34:50.668Z]   400/920（氏名 11／目標 1000） 最新: 東成瀬テックソリューションズ株式会社 → —
[2026-06-24T17:35:44.114Z]   405/920（氏名 11／目標 1000） 最新: FORCE-R株式会社 → —
[2026-06-24T17:36:19.411Z]   410/920（氏名 11／目標 1000） 最新: 株式会社ベルタ → —
[2026-06-24T17:37:01.831Z]   415/920（氏名 11／目標 1000） 最新: 株式会社SalesX → —
[2026-06-24T17:37:51.327Z]   420/920（氏名 11／目標 1000） 最新: 株式会社FUNDiT → —
[2026-06-24T17:38:30.169Z]   425/920（氏名 11／目標 1000） 最新: エヌエス・テック株式会社 → —
[2026-06-24T17:39:05.407Z]   430/920（氏名 11／目標 1000） 最新: 株式会社ディマージシェア → —
[2026-06-24T17:40:01.970Z]   435/920（氏名 11／目標 1000） 最新: The Chain Museum → —
[2026-06-24T17:40:44.894Z]   440/920（氏名 11／目標 1000） 最新: 株式会社migratio → —
[2026-06-24T17:42:06.023Z]   445/920（氏名 11／目標 1000） 最新: 株式会社HARE → —
[2026-06-24T17:42:48.788Z]   450/920（氏名 11／目標 1000） 最新: 株式会社リアルト・ハーツ → —
[2026-06-24T17:43:33.287Z]   455/920（氏名 11／目標 1000） 最新: 株式会社LIFEFUND → —
[2026-06-24T17:44:15.808Z]   460/920（氏名 11／目標 1000） 最新: 株式会社BitStar → —
[2026-06-24T17:44:55.656Z]   465/920（氏名 11／目標 1000） 最新: ジールズ株式会社 → —
[2026-06-24T17:45:43.262Z]   470/920（氏名 11／目標 1000） 最新: クリプトン・フューチャー・メディア株式会社 → —
[2026-06-24T17:46:25.456Z]   475/920（氏名 11／目標 1000） 最新: アソビュー株式会社 → —
[2026-06-24T17:47:07.719Z]   480/920（氏名 11／目標 1000） 最新: 株式会社アイ・エフ・クリエイト → —
[2026-06-24T17:48:10.166Z]   485/920（氏名 11／目標 1000） 最新: quod, LLC → —
[2026-06-24T17:48:46.907Z]   490/920（氏名 11／目標 1000） 最新: 株式会社プロディジ → —
[2026-06-24T17:49:50.283Z]   495/920（氏名 11／目標 1000） 最新: 株式会社GENEROSITY → —
[2026-06-24T17:50:23.060Z]   500/920（氏名 11／目標 1000） 最新: （株）Freewillトータルエデュケーション → —
[2026-06-24T17:51:20.164Z]   505/920（氏名 11／目標 1000） 最新: ジャパン・トゥエンティワン → —
[2026-06-24T17:52:25.651Z]   510/920（氏名 11／目標 1000） 最新: 株式会社エモーションテック → —
[2026-06-24T17:53:25.951Z]   515/920（氏名 11／目標 1000） 最新: 社会福祉法人みわの会 → —
[2026-06-24T17:54:27.945Z]   520/920（氏名 11／目標 1000） 最新: ZEROUM株式会社 → —
[2026-06-24T17:55:10.495Z]   525/920（氏名 11／目標 1000） 最新: 株式会社デザイニウム → —
[2026-06-24T17:56:00.784Z]   530/920（氏名 11／目標 1000） 最新: 株式会社デジタル・デザイナーズ・スタジオ → —
[2026-06-24T17:56:58.047Z]   535/920（氏名 11／目標 1000） 最新: 株式会社いえらぶGROUP → —
[2026-06-24T17:57:26.376Z]   540/920（氏名 12／目標 1000） 最新: 株式会社アプラ → —
[2026-06-24T17:58:08.706Z]   545/920（氏名 12／目標 1000） 最新: 株式会社ヘッドウォータース → —
[2026-06-24T17:58:53.683Z]   550/920（氏名 12／目標 1000） 最新: 株式会社トプコン → —
[2026-06-24T17:59:34.281Z]   555/920（氏名 12／目標 1000） 最新: 株式会社unerry → —
[2026-06-24T18:00:32.603Z]   560/920（氏名 12／目標 1000） 最新: 株式会社Nos → —
[2026-06-24T18:01:15.192Z]   565/920（氏名 12／目標 1000） 最新: 株式会社ＣＭａｔｒｉｘ → —
[2026-06-24T18:01:50.506Z]   570/920（氏名 12／目標 1000） 最新: 株式会社CO&CO → —
[2026-06-24T18:02:33.220Z]   575/920（氏名 12／目標 1000） 最新: 株式会社STORY CAREER → —
[2026-06-24T18:03:15.620Z]   580/920（氏名 12／目標 1000） 最新: 株式会社Crepity → —
[2026-06-24T18:03:56.777Z]   585/920（氏名 12／目標 1000） 最新: 株式会社rtv → —
[2026-06-24T18:04:38.316Z]   590/920（氏名 12／目標 1000） 最新: 株式会社CORDER → —
[2026-06-24T18:05:20.860Z]   595/920（氏名 12／目標 1000） 最新: 株式会社アクアリング → —
[2026-06-24T18:05:56.336Z]   600/920（氏名 12／目標 1000） 最新: サロウィン株式会社 → —
[2026-06-24T18:06:40.663Z]   605/920（氏名 12／目標 1000） 最新: 株式会社NSグループ → —
[2026-06-24T18:07:23.832Z]   610/920（氏名 12／目標 1000） 最新: 株式会社コンフィデンス・インターワークス → —
[2026-06-24T18:08:04.054Z]   615/920（氏名 12／目標 1000） 最新: 花まるエレメンタリースクール → —
[2026-06-24T18:08:46.896Z]   620/920（氏名 12／目標 1000） 最新: 株式会社すむたす → —
[2026-06-24T18:09:41.884Z]   625/920（氏名 12／目標 1000） 最新: 株式会社エムステージ → —
[2026-06-24T18:10:33.516Z]   630/920（氏名 12／目標 1000） 最新: 株式会社RightTouch → —
[2026-06-24T18:11:09.093Z]   635/920（氏名 12／目標 1000） 最新: 株式会社NeoRealX → —
[2026-06-24T18:11:52.659Z]   640/920（氏名 12／目標 1000） 最新: 株式会社ThinkPunks → —
[2026-06-24T18:12:42.845Z]   645/920（氏名 12／目標 1000） 最新: 株式会社アクティバリューズ → —
[2026-06-24T18:13:32.413Z]   650/920（氏名 13／目標 1000） 最新: Mazeru Share 株式会社 → —
[2026-06-24T18:14:08.015Z]   655/920（氏名 13／目標 1000） 最新: 株式会社ユニキャスト → —
[2026-06-24T18:14:52.269Z]   660/920（氏名 13／目標 1000） 最新: FISM株式会社 → —
[2026-06-24T18:15:34.565Z]   665/920（氏名 13／目標 1000） 最新: 株式会社クラビズ → —
[2026-06-24T18:16:28.964Z]   670/920（氏名 13／目標 1000） 最新: 株式会社Liberty → —
[2026-06-24T18:17:11.022Z]   675/920（氏名 13／目標 1000） 最新: GMOコネクト株式会社 → —
[2026-06-24T18:18:15.382Z]   680/920（氏名 13／目標 1000） 最新: 株式会社NECT → —
[2026-06-24T18:18:57.434Z]   685/920（氏名 13／目標 1000） 最新: 株式会社ハイボール → —
[2026-06-24T18:19:40.098Z]   690/920（氏名 13／目標 1000） 最新: 株式会社いまでや → —
[2026-06-24T18:20:15.646Z]   695/920（氏名 13／目標 1000） 最新: 株式会社キズキ → —
[2026-06-24T18:20:51.166Z]   700/920（氏名 13／目標 1000） 最新: 株式会社LOHASTYLE → —
[2026-06-24T18:21:30.697Z]   705/920（氏名 13／目標 1000） 最新: 株式会社CREAS → —
[2026-06-24T18:22:33.338Z]   710/920（氏名 13／目標 1000） 最新: 株式会社illmatics → —
[2026-06-24T18:23:17.394Z]   715/920（氏名 13／目標 1000） 最新: 株式会社TORIHADA → —
[2026-06-24T18:23:52.858Z]   720/920（氏名 13／目標 1000） 最新: 株式会社アクセット → —
[2026-06-24T18:24:38.695Z]   725/920（氏名 13／目標 1000） 最新: モンスターラボ → —
[2026-06-24T18:25:29.458Z]   730/920（氏名 13／目標 1000） 最新: 株式会社アップグレード → —
[2026-06-24T18:26:25.868Z]   735/920（氏名 13／目標 1000） 最新: ラクスル株式会社 → —
[2026-06-24T18:26:54.133Z]   740/920（氏名 13／目標 1000） 最新: 株式会社メイビンラボ → —
[2026-06-24T18:27:41.782Z]   745/920（氏名 13／目標 1000） 最新: 株式会社グロースピリット → —
[2026-06-24T18:28:25.579Z]   750/920（氏名 13／目標 1000） 最新: 株式会社ログビー → —
[2026-06-24T18:29:01.193Z]   755/920（氏名 13／目標 1000） 最新: 株式会社ウブン → —
[2026-06-24T18:30:06.559Z]   760/920（氏名 13／目標 1000） 最新: 株式会社関本管工 → —
[2026-06-24T18:30:51.871Z]   765/920（氏名 13／目標 1000） 最新: 株式会社Smallit → —
[2026-06-24T18:31:57.311Z]   770/920（氏名 13／目標 1000） 最新: NBKマーケティング株式会社 → —
[2026-06-24T18:33:00.896Z]   775/920（氏名 13／目標 1000） 最新: 株式会社QuackShift → —
[2026-06-24T18:33:51.957Z]   780/920（氏名 13／目標 1000） 最新: 株式会社ディーネット → —
[2026-06-24T18:34:45.727Z]   785/920（氏名 13／目標 1000） 最新: 株式会社ANIMA GROUP → —
[2026-06-24T18:35:33.818Z]   790/920（氏名 13／目標 1000） 最新: 株式会社SHIFT AI → —
[2026-06-24T18:36:09.326Z]   795/920（氏名 13／目標 1000） 最新: 株式会社Next STAY → —
[2026-06-24T18:36:55.011Z]   800/920（氏名 13／目標 1000） 最新: 一般社団法人徳志会 → —
[2026-06-24T18:37:59.674Z]   805/920（氏名 13／目標 1000） 最新: 株式会社デジタルシフトウェーブ → —
[2026-06-24T18:38:54.592Z]   810/920（氏名 13／目標 1000） 最新: 株式会社グランネット → —
[2026-06-24T18:39:45.387Z]   815/920（氏名 13／目標 1000） 最新: 株式会社Musubi Lab → —
[2026-06-24T18:40:39.172Z]   820/920（氏名 13／目標 1000） 最新: CIRCUS株式会社 → —
[2026-06-24T18:41:21.606Z]   825/920（氏名 13／目標 1000） 最新: 株式会社irodas → —
[2026-06-24T18:42:03.825Z]   830/920（氏名 13／目標 1000） 最新: 株式会社テックエデュケイションカンパニー → —
[2026-06-24T18:42:39.313Z]   835/920（氏名 13／目標 1000） 最新: 株式会社TYL → —
[2026-06-24T18:43:24.894Z]   840/920（氏名 13／目標 1000） 最新: Guidable株式会社 → —
[2026-06-24T18:44:30.255Z]   845/920（氏名 13／目標 1000） 最新: Y&I Group株式会社 → —
[2026-06-24T18:45:05.768Z]   850/920（氏名 13／目標 1000） 最新: 株式会社キッチハイク → —
[2026-06-24T18:45:49.722Z]   855/920（氏名 13／目標 1000） 最新: 株式会社マシェバラトーク → —
[2026-06-24T18:46:27.958Z]   860/920（氏名 13／目標 1000） 最新: 株式会社Rhelixa → —
[2026-06-24T18:47:09.462Z]   865/920（氏名 13／目標 1000） 最新: 株式会社 シャンテリー → —
[2026-06-24T18:47:50.625Z]   870/920（氏名 13／目標 1000） 最新: ユー・アンド・アース株式会社 → —
[2026-06-24T18:48:27.670Z]   875/920（氏名 13／目標 1000） 最新: 株式会社オトナル → —
[2026-06-24T18:49:17.483Z]   880/920（氏名 13／目標 1000） 最新: グリッジ株式会社 → —
[2026-06-24T18:50:07.048Z]   885/920（氏名 13／目標 1000） 最新: 株式会社BINKS → —
[2026-06-24T18:50:53.786Z]   890/920（氏名 13／目標 1000） 最新: 株式会社Piece In → —
[2026-06-24T18:51:46.647Z]   895/920（氏名 13／目標 1000） 最新: 株式会社スタディスト → —
[2026-06-24T18:52:22.954Z]   900/920（氏名 13／目標 1000） 最新: 株式会社エンジョイワークス → —
[2026-06-24T18:53:05.913Z]   905/920（氏名 13／目標 1000） 最新: 株式会社プラウドデータ → —
[2026-06-24T18:53:42.590Z]   910/920（氏名 13／目標 1000） 最新: 株式会社BUZZ GROUP → —
[2026-06-24T18:54:24.761Z]   915/920（氏名 13／目標 1000） 最新: BABY JOB株式会社 → —
[2026-06-24T18:55:10.487Z]   920/920（氏名 13／目標 1000） 最新: 株式会社AIdeaLab → —
[2026-06-24T18:55:10.490Z] 完了: 処理 1000社 ｜ 氏名取得 13名（1.3%）
[2026-06-24T18:55:10.490Z] 内訳: {"自社採用ページ深掘り":11,"Webインタビュー記事":2}
[2026-06-24T18:55:10.490Z] 出力: C:\Users\shofu\Desktop\saiyo_tantousha_poc\poc\data\recruiter-nonwantedly.csv
