[2026-07-01T14:45:34.278Z] マイナビ掲載企業を列挙（グラフ年 28）…
[2026-07-01T14:45:51.253Z]   KW「製造」まで 列挙 94社（未処理）
[2026-07-01T14:46:03.781Z]   KW「建設」まで 列挙 192社（未処理）
[2026-07-01T14:46:19.296Z]   KW「設備」まで 列挙 286社（未処理）
[2026-07-01T14:46:34.724Z]   KW「機械」まで 列挙 384社（未処理）
[2026-07-01T14:46:46.369Z]   KW「電気工事」まで 列挙 478社（未処理）
[2026-07-01T14:46:57.405Z]   KW「金属」まで 列挙 573社（未処理）
[2026-07-01T14:47:08.082Z]   KW「化学」まで 列挙 668社（未処理）
[2026-07-01T14:47:18.801Z]   KW「食品」まで 列挙 763社（未処理）
[2026-07-01T14:47:28.850Z]   KW「印刷」まで 列挙 856社（未処理）
[2026-07-01T14:47:38.932Z]   KW「包装」まで 列挙 942社（未処理）
[2026-07-01T14:47:55.555Z]   KW「産業」まで 列挙 1034社（未処理）
[2026-07-01T14:48:09.816Z]   KW「商社」まで 列挙 1113社（未処理）
[2026-07-01T14:48:20.110Z]   KW「卸売」まで 列挙 1194社（未処理）
[2026-07-01T14:48:30.338Z]   KW「小売」まで 列挙 1262社（未処理）
[2026-07-01T14:48:46.453Z]   KW「販売」まで 列挙 1348社（未処理）
[2026-07-01T14:48:56.640Z]   KW「専門商社」まで 列挙 1418社（未処理）
[2026-07-01T14:49:07.923Z]   KW「住宅」まで 列挙 1494社（未処理）
[2026-07-01T14:49:19.303Z]   KW「不動産」まで 列挙 1579社（未処理）
[2026-07-01T14:49:29.444Z]   KW「建材」まで 列挙 1651社（未処理）
[2026-07-01T14:49:39.586Z]   KW「工務店」まで 列挙 1744社（未処理）
[2026-07-01T14:49:49.897Z]   KW「リフォーム」まで 列挙 1803社（未処理）
[2026-07-01T14:50:00.157Z]   KW「運輸」まで 列挙 1900社（未処理）
[2026-07-01T14:50:10.986Z]   KW「物流」まで 列挙 1972社（未処理）
[2026-07-01T14:50:21.267Z]   KW「倉庫」まで 列挙 2032社（未処理）
[2026-07-01T14:50:31.561Z]   KW「運送」まで 列挙 2098社（未処理）
[2026-07-01T14:50:42.508Z]   KW「介護」まで 列挙 2164社（未処理）
[2026-07-01T14:50:55.363Z]   KW「福祉」まで 列挙 2249社（未処理）
[2026-07-01T14:51:12.063Z]   KW「医療」まで 列挙 2328社（未処理）
[2026-07-01T14:51:22.293Z]   KW「調剤」まで 列挙 2399社（未処理）
[2026-07-01T14:51:32.944Z]   KW「保育」まで 列挙 2460社（未処理）
[2026-07-01T14:51:47.150Z]   KW「教育」まで 列挙 2510社（未処理）
[2026-07-01T14:52:02.787Z]   KW「塾」まで 列挙 2589社（未処理）
[2026-07-01T14:52:19.784Z]   KW「システム」まで 列挙 2676社（未処理）
[2026-07-01T14:52:33.857Z]   KW「ソフト」まで 列挙 2772社（未処理）
[2026-07-01T14:52:48.979Z]   KW「情報」まで 列挙 2854社（未処理）
[2026-07-01T14:53:00.146Z]   KW「IT」まで 列挙 2915社（未処理）
[2026-07-01T14:53:16.290Z]   KW「Web」まで 列挙 2962社（未処理）
[2026-07-01T14:53:30.211Z]   KW「通信」まで 列挙 3030社（未処理）
[2026-07-01T14:53:45.815Z]   KW「電子」まで 列挙 3118社（未処理）
[2026-07-01T14:53:56.088Z]   KW「半導体」まで 列挙 3168社（未処理）
[2026-07-01T14:54:06.873Z]   KW「精密」まで 列挙 3211社（未処理）
[2026-07-01T14:54:20.629Z]   KW「自動車」まで 列挙 3281社（未処理）
[2026-07-01T14:54:36.863Z]   KW「サービス」まで 列挙 3345社（未処理）
[2026-07-01T14:54:46.998Z]   KW「外食」まで 列挙 3399社（未処理）
[2026-07-01T14:54:58.175Z]   KW「飲食」まで 列挙 3425社（未処理）
[2026-07-01T14:55:09.460Z]   KW「ホテル」まで 列挙 3503社（未処理）
[2026-07-01T14:55:19.658Z]   KW「旅行」まで 列挙 3547社（未処理）
[2026-07-01T14:55:29.659Z]   KW「警備」まで 列挙 3614社（未処理）
[2026-07-01T14:55:39.838Z]   KW「清掃」まで 列挙 3667社（未処理）
[2026-07-01T14:55:50.430Z]   KW「人材」まで 列挙 3713社（未処理）
[2026-07-01T14:56:00.989Z]   KW「広告」まで 列挙 3744社（未処理）
[2026-07-01T14:56:11.215Z]   KW「出版」まで 列挙 3793社（未処理）
[2026-07-01T14:56:21.166Z]   KW「銀行」まで 列挙 3883社（未処理）
[2026-07-01T14:56:31.044Z]   KW「信用金庫」まで 列挙 3981社（未処理）
[2026-07-01T14:56:41.688Z]   KW「保険」まで 列挙 4067社（未処理）
[2026-07-01T14:56:52.085Z]   KW「証券」まで 列挙 4155社（未処理）
[2026-07-01T14:57:02.451Z]   KW「リース」まで 列挙 4232社（未処理）
[2026-07-01T14:57:14.946Z]   KW「農業」まで 列挙 4322社（未処理）
[2026-07-01T14:57:27.325Z]   KW「水産」まで 列挙 4369社（未処理）
[2026-07-01T14:57:37.299Z]   KW「林業」まで 列挙 4459社（未処理）
[2026-07-01T14:57:56.452Z]   KW「環境」まで 列挙 4547社（未処理）
[2026-07-01T14:58:06.746Z]   KW「エネルギー」まで 列挙 4588社（未処理）
[2026-07-01T14:58:17.006Z]   KW「石油」まで 列挙 4634社（未処理）
[2026-07-01T14:58:27.293Z]   KW「ガス」まで 列挙 4714社（未処理）
[2026-07-01T14:58:37.290Z]   KW「鉄鋼」まで 列挙 4771社（未処理）
[2026-07-01T14:58:47.498Z]   KW「繊維」まで 列挙 4835社（未処理）
[2026-07-01T14:58:57.599Z]   KW「アパレル」まで 列挙 4858社（未処理）
[2026-07-01T14:59:07.905Z]   KW「化粧品」まで 列挙 4880社（未処理）
[2026-07-01T14:59:18.158Z]   KW「医薬」まで 列挙 4910社（未処理）
[2026-07-01T14:59:19.086Z]   KW「銀行」まで 列挙 4910社（未処理）
[2026-07-01T14:59:20.033Z]   KW「不動産」まで 列挙 4910社（未処理）
[2026-07-01T14:59:38.708Z]   KW「設計」まで 列挙 5001社（未処理）
[2026-07-01T14:59:55.497Z]   KW「東京」まで 列挙 5047社（未処理）
[2026-07-01T15:00:14.368Z]   KW「大阪」まで 列挙 5101社（未処理）
[2026-07-01T15:00:27.829Z]   KW「愛知」まで 列挙 5162社（未処理）
[2026-07-01T15:00:42.013Z]   KW「福岡」まで 列挙 5233社（未処理）
[2026-07-01T15:00:56.270Z]   KW「北海道」まで 列挙 5289社（未処理）
[2026-07-01T15:01:07.265Z]   KW「宮城」まで 列挙 5357社（未処理）
[2026-07-01T15:01:24.539Z]   KW「広島」まで 列挙 5425社（未処理）
[2026-07-01T15:01:38.569Z]   KW「静岡」まで 列挙 5490社（未処理）
[2026-07-01T15:01:51.013Z]   KW「新潟」まで 列挙 5570社（未処理）
[2026-07-01T15:02:01.331Z]   KW「長野」まで 列挙 5650社（未処理）
[2026-07-01T15:02:14.688Z]   KW「岡山」まで 列挙 5708社（未処理）
[2026-07-01T15:02:24.981Z]   KW「群馬」まで 列挙 5762社（未処理）
[2026-07-01T15:02:34.954Z]   KW「栃木」まで 列挙 5816社（未処理）
[2026-07-01T15:02:48.427Z]   KW「茨城」まで 列挙 5871社（未処理）
[2026-07-01T15:02:58.749Z]   KW「福島」まで 列挙 5925社（未処理）
[2026-07-01T15:03:09.313Z]   KW「岐阜」まで 列挙 5981社（未処理）
[2026-07-01T15:03:20.043Z]   KW「三重」まで 列挙 6037社（未処理）
[2026-07-01T15:03:30.364Z]   KW「滋賀」まで 列挙 6090社（未処理）
[2026-07-01T15:03:45.808Z]   KW「京都」まで 列挙 6165社（未処理）
[2026-07-01T15:03:56.155Z]   KW「兵庫」まで 列挙 6211社（未処理）
[2026-07-01T15:04:06.640Z]   KW「香川」まで 列挙 6266社（未処理）
[2026-07-01T15:04:17.212Z]   KW「愛媛」まで 列挙 6312社（未処理）
[2026-07-01T15:04:28.444Z]   KW「熊本」まで 列挙 6375社（未処理）
[2026-07-01T15:04:28.446Z] 列挙完了 6375社 → 採用担当者メッセージ抽出（目標 1000名）
[2026-07-01T15:06:37.395Z]   20/6375（採用担当者名 0/1000）
[2026-07-01T15:09:32.151Z]   40/6375（採用担当者名 1/1000）
[2026-07-01T15:12:32.261Z]   60/6375（採用担当者名 1/1000）
[2026-07-01T15:15:34.999Z]   80/6375（採用担当者名 1/1000）
[2026-07-01T15:18:34.638Z]   100/6375（採用担当者名 1/1000）
[2026-07-01T15:21:44.905Z]   120/6375（採用担当者名 1/1000）
[2026-07-01T15:24:46.005Z]   140/6375（採用担当者名 1/1000）
[2026-07-01T15:27:53.519Z]   160/6375（採用担当者名 1/1000）
[2026-07-01T15:30:53.535Z]   180/6375（採用担当者名 1/1000）
[2026-07-01T15:33:54.863Z]   200/6375（採用担当者名 2/1000）
[2026-07-01T15:36:54.973Z]   220/6375（採用担当者名 2/1000）
[2026-07-01T15:39:54.877Z]   240/6375（採用担当者名 2/1000）
[2026-07-01T15:42:53.889Z]   260/6375（採用担当者名 2/1000）
[2026-07-01T15:45:54.596Z]   280/6375（採用担当者名 2/1000）
[2026-07-01T15:49:00.536Z]   300/6375（採用担当者名 2/1000）
[2026-07-01T15:52:00.560Z]   320/6375（採用担当者名 2/1000）
[2026-07-01T15:55:02.835Z]   340/6375（採用担当者名 2/1000）
[2026-07-01T15:58:05.002Z]   360/6375（採用担当者名 2/1000）
[2026-07-01T16:01:03.790Z]   380/6375（採用担当者名 2/1000）
[2026-07-01T16:04:03.514Z]   400/6375（採用担当者名 2/1000）
[2026-07-01T16:07:05.885Z]   420/6375（採用担当者名 2/1000）
[2026-07-01T16:10:12.821Z]   440/6375（採用担当者名 2/1000）
[2026-07-01T16:13:18.505Z]   460/6375（採用担当者名 2/1000）
[2026-07-01T16:16:27.354Z]   480/6375（採用担当者名 2/1000）
[2026-07-01T16:19:30.951Z]   500/6375（採用担当者名 2/1000）
[2026-07-01T16:22:30.922Z]   520/6375（採用担当者名 2/1000）
[2026-07-01T16:25:29.946Z]   540/6375（採用担当者名 2/1000）
[2026-07-01T16:28:28.500Z]   560/6375（採用担当者名 3/1000）
[2026-07-01T16:31:29.586Z]   580/6375（採用担当者名 3/1000）
[2026-07-01T16:34:33.332Z]   600/6375（採用担当者名 3/1000）
[2026-07-01T16:37:36.629Z]   620/6375（採用担当者名 4/1000）
[2026-07-01T16:40:46.328Z]   640/6375（採用担当者名 4/1000）
[2026-07-01T16:43:51.539Z]   660/6375（採用担当者名 4/1000）
[2026-07-01T16:46:58.538Z]   680/6375（採用担当者名 4/1000）
[2026-07-01T16:50:00.607Z]   700/6375（採用担当者名 4/1000）
[2026-07-01T16:53:02.191Z]   720/6375（採用担当者名 4/1000）
[2026-07-01T16:56:10.631Z]   740/6375（採用担当者名 4/1000）
[2026-07-01T16:59:11.654Z]   760/6375（採用担当者名 4/1000）
[2026-07-01T17:02:16.594Z]   780/6375（採用担当者名 4/1000）
[2026-07-01T17:05:19.303Z]   800/6375（採用担当者名 4/1000）
[2026-07-01T17:08:19.234Z]   820/6375（採用担当者名 4/1000）
[2026-07-01T17:11:20.035Z]   840/6375（採用担当者名 4/1000）
[2026-07-01T17:14:20.588Z]   860/6375（採用担当者名 4/1000）
[2026-07-01T17:17:26.709Z]   880/6375（採用担当者名 4/1000）
[2026-07-01T17:20:28.498Z]   900/6375（採用担当者名 5/1000）
[2026-07-01T17:23:30.313Z]   920/6375（採用担当者名 5/1000）
[2026-07-01T17:26:32.897Z]   940/6375（採用担当者名 5/1000）
[2026-07-01T17:29:33.278Z]   960/6375（採用担当者名 5/1000）
[2026-07-01T17:32:35.853Z]   980/6375（採用担当者名 5/1000）
[2026-07-01T17:35:36.834Z]   1000/6375（採用担当者名 5/1000）
[2026-07-01T17:38:39.985Z]   1020/6375（採用担当者名 5/1000）
[2026-07-01T17:41:39.479Z]   1040/6375（採用担当者名 5/1000）
[2026-07-01T17:44:40.715Z]   1060/6375（採用担当者名 5/1000）
[2026-07-01T17:47:38.204Z]   1080/6375（採用担当者名 6/1000）
[2026-07-01T17:50:36.019Z]   1100/6375（採用担当者名 8/1000）
[2026-07-01T17:53:39.673Z]   1120/6375（採用担当者名 8/1000）
[2026-07-01T17:56:37.510Z]   1140/6375（採用担当者名 10/1000）
[2026-07-01T17:59:40.248Z]   1160/6375（採用担当者名 10/1000）
[2026-07-01T18:02:36.841Z]   1180/6375（採用担当者名 11/1000）
[2026-07-01T18:05:33.370Z]   1200/6375（採用担当者名 12/1000）
[2026-07-01T18:08:39.324Z]   1220/6375（採用担当者名 13/1000）
[2026-07-01T18:11:45.315Z]   1240/6375（採用担当者名 13/1000）
[2026-07-01T18:14:46.295Z]   1260/6375（採用担当者名 13/1000）
[2026-07-01T18:17:44.164Z]   1280/6375（採用担当者名 14/1000）
[2026-07-01T18:20:44.689Z]   1300/6375（採用担当者名 15/1000）
[2026-07-01T18:23:40.949Z]   1320/6375（採用担当者名 16/1000）
[2026-07-01T18:26:41.322Z]   1340/6375（採用担当者名 16/1000）
[2026-07-01T18:29:41.218Z]   1360/6375（採用担当者名 16/1000）
[2026-07-01T18:32:45.813Z]   1380/6375（採用担当者名 16/1000）
[2026-07-01T18:35:46.553Z]   1400/6375（採用担当者名 16/1000）
[2026-07-01T18:38:52.279Z]   1420/6375（採用担当者名 16/1000）
[2026-07-01T18:41:46.626Z]   1440/6375（採用担当者名 18/1000）
[2026-07-01T18:44:46.001Z]   1460/6375（採用担当者名 18/1000）
[2026-07-01T18:47:46.490Z]   1480/6375（採用担当者名 18/1000）
[2026-07-01T18:50:49.247Z]   1500/6375（採用担当者名 18/1000）
[2026-07-01T18:53:57.292Z]   1520/6375（採用担当者名 18/1000）
[2026-07-01T18:57:03.674Z]   1540/6375（採用担当者名 18/1000）
[2026-07-01T19:00:07.609Z]   1560/6375（採用担当者名 18/1000）
[2026-07-01T19:03:16.006Z]   1580/6375（採用担当者名 18/1000）
[2026-07-01T19:06:16.646Z]   1600/6375（採用担当者名 18/1000）
[2026-07-01T19:09:16.495Z]   1620/6375（採用担当者名 18/1000）
[2026-07-01T19:12:15.410Z]   1640/6375（採用担当者名 19/1000）
[2026-07-01T19:15:08.216Z]   1660/6375（採用担当者名 21/1000）
[2026-07-01T19:18:11.777Z]   1680/6375（採用担当者名 21/1000）
[2026-07-01T19:21:23.242Z]   1700/6375（採用担当者名 21/1000）
[2026-07-01T19:24:23.275Z]   1720/6375（採用担当者名 21/1000）
[2026-07-01T19:27:23.750Z]   1740/6375（採用担当者名 21/1000）
[2026-07-01T19:30:30.845Z]   1760/6375（採用担当者名 21/1000）
[2026-07-01T19:33:43.787Z]   1780/6375（採用担当者名 21/1000）
[2026-07-01T19:36:48.231Z]   1800/6375（採用担当者名 21/1000）
[2026-07-01T19:39:50.070Z]   1820/6375（採用担当者名 21/1000）
[2026-07-01T19:43:05.447Z]   1840/6375（採用担当者名 21/1000）
[2026-07-01T19:46:04.489Z]   1860/6375（採用担当者名 21/1000）
[2026-07-01T19:49:10.203Z]   1880/6375（採用担当者名 22/1000）
[2026-07-01T19:52:10.773Z]   1900/6375（採用担当者名 23/1000）
[2026-07-01T19:55:16.272Z]   1920/6375（採用担当者名 25/1000）
[2026-07-01T19:58:19.646Z]   1940/6375（採用担当者名 25/1000）
[2026-07-01T20:01:27.881Z]   1960/6375（採用担当者名 25/1000）
[2026-07-01T20:04:29.310Z]   1980/6375（採用担当者名 25/1000）
[2026-07-01T20:07:31.398Z]   2000/6375（採用担当者名 25/1000）
[2026-07-01T20:10:31.234Z]   2020/6375（採用担当者名 25/1000）
[2026-07-01T20:13:32.781Z]   2040/6375（採用担当者名 25/1000）
[2026-07-01T20:16:33.515Z]   2060/6375（採用担当者名 25/1000）
[2026-07-01T20:19:35.081Z]   2080/6375（採用担当者名 25/1000）
[2026-07-01T20:22:33.319Z]   2100/6375（採用担当者名 26/1000）
[2026-07-01T20:25:33.981Z]   2120/6375（採用担当者名 26/1000）
[2026-07-01T20:28:34.929Z]   2140/6375（採用担当者名 26/1000）
[2026-07-01T20:31:35.508Z]   2160/6375（採用担当者名 26/1000）
[2026-07-01T20:34:38.522Z]   2180/6375（採用担当者名 26/1000）
[2026-07-01T20:37:40.981Z]   2200/6375（採用担当者名 27/1000）
[2026-07-01T20:40:41.347Z]   2220/6375（採用担当者名 27/1000）
[2026-07-01T20:43:43.981Z]   2240/6375（採用担当者名 27/1000）
[2026-07-01T20:46:49.574Z]   2260/6375（採用担当者名 27/1000）
[2026-07-01T20:50:02.953Z]   2280/6375（採用担当者名 27/1000）
[2026-07-01T20:53:00.516Z]   2300/6375（採用担当者名 28/1000）
[2026-07-01T20:56:00.953Z]   2320/6375（採用担当者名 28/1000）
[2026-07-01T20:59:05.780Z]   2340/6375（採用担当者名 28/1000）
[2026-07-01T21:02:13.745Z]   2360/6375（採用担当者名 29/1000）
[2026-07-01T21:05:20.230Z]   2380/6375（採用担当者名 29/1000）
[2026-07-01T21:08:28.670Z]   2400/6375（採用担当者名 29/1000）
[2026-07-01T21:11:30.319Z]   2420/6375（採用担当者名 29/1000）
[2026-07-01T21:14:31.598Z]   2440/6375（採用担当者名 29/1000）
[2026-07-01T21:17:36.068Z]   2460/6375（採用担当者名 29/1000）
[2026-07-01T21:20:40.041Z]   2480/6375（採用担当者名 29/1000）
[2026-07-01T21:23:49.162Z]   2500/6375（採用担当者名 29/1000）
[2026-07-01T21:26:54.827Z]   2520/6375（採用担当者名 29/1000）
[2026-07-01T21:29:53.237Z]   2540/6375（採用担当者名 30/1000）
[2026-07-01T21:32:54.243Z]   2560/6375（採用担当者名 31/1000）
[2026-07-01T21:35:52.445Z]   2580/6375（採用担当者名 32/1000）
[2026-07-01T21:38:49.239Z]   2600/6375（採用担当者名 33/1000）
[2026-07-01T21:41:56.321Z]   2620/6375（採用担当者名 33/1000）
[2026-07-01T21:44:59.756Z]   2640/6375（採用担当者名 33/1000）
[2026-07-01T21:48:03.146Z]   2660/6375（採用担当者名 33/1000）
[2026-07-01T21:51:06.774Z]   2680/6375（採用担当者名 33/1000）
[2026-07-01T21:54:11.262Z]   2700/6375（採用担当者名 33/1000）
[2026-07-01T21:57:12.522Z]   2720/6375（採用担当者名 33/1000）
[2026-07-01T22:00:19.078Z]   2740/6375（採用担当者名 33/1000）
[2026-07-01T22:03:22.362Z]   2760/6375（採用担当者名 33/1000）
[2026-07-01T22:06:24.018Z]   2780/6375（採用担当者名 33/1000）
[2026-07-01T22:09:28.526Z]   2800/6375（採用担当者名 33/1000）
[2026-07-01T22:12:33.922Z]   2820/6375（採用担当者名 33/1000）
[2026-07-01T22:15:39.060Z]   2840/6375（採用担当者名 33/1000）
[2026-07-01T22:18:40.319Z]   2860/6375（採用担当者名 34/1000）
[2026-07-01T22:21:48.053Z]   2880/6375（採用担当者名 34/1000）
[2026-07-01T22:24:49.503Z]   2900/6375（採用担当者名 34/1000）
[2026-07-01T22:27:47.131Z]   2920/6375（採用担当者名 35/1000）
[2026-07-01T22:30:56.519Z]   2940/6375（採用担当者名 35/1000）
[2026-07-01T22:33:52.758Z]   2960/6375（採用担当者名 36/1000）
[2026-07-01T22:36:56.575Z]   2980/6375（採用担当者名 36/1000）
[2026-07-01T22:39:56.516Z]   3000/6375（採用担当者名 36/1000）
[2026-07-01T22:42:57.393Z]   3020/6375（採用担当者名 36/1000）
[2026-07-01T22:46:00.093Z]   3040/6375（採用担当者名 36/1000）
[2026-07-01T22:49:03.542Z]   3060/6375（採用担当者名 36/1000）
[2026-07-01T22:52:06.791Z]   3080/6375（採用担当者名 37/1000）
[2026-07-01T22:55:07.107Z]   3100/6375（採用担当者名 37/1000）
[2026-07-01T22:58:07.083Z]   3120/6375（採用担当者名 37/1000）
[2026-07-01T23:01:07.697Z]   3140/6375（採用担当者名 37/1000）
[2026-07-01T23:04:08.588Z]   3160/6375（採用担当者名 38/1000）
[2026-07-01T23:07:14.630Z]   3180/6375（採用担当者名 38/1000）
[2026-07-01T23:10:17.952Z]   3200/6375（採用担当者名 38/1000）
[2026-07-01T23:13:27.048Z]   3220/6375（採用担当者名 38/1000）
[2026-07-01T23:16:31.300Z]   3240/6375（採用担当者名 39/1000）
[2026-07-01T23:19:32.541Z]   3260/6375（採用担当者名 39/1000）
[2026-07-01T23:22:34.502Z]   3280/6375（採用担当者名 39/1000）
[2026-07-01T23:25:43.141Z]   3300/6375（採用担当者名 39/1000）
[2026-07-01T23:28:47.960Z]   3320/6375（採用担当者名 39/1000）
[2026-07-01T23:31:47.577Z]   3340/6375（採用担当者名 40/1000）
[2026-07-01T23:34:54.196Z]   3360/6375（採用担当者名 40/1000）
[2026-07-01T23:37:55.480Z]   3380/6375（採用担当者名 40/1000）
