[2026-07-01T13:17:12.265Z] 再開: 既存 0社（担当者名 0）｜ seen 0社
[2026-07-01T13:17:21.784Z] 🔍 "メーカー": 掲載 100社（新規 100社）｜ 累計担当者名 0/1000
[2026-07-01T13:18:39.503Z]   処理 10｜ 掲載 10｜ 担当者名 2（20.0%）
[2026-07-01T13:19:51.419Z]   処理 20｜ 掲載 20｜ 担当者名 5（25.0%）
[2026-07-01T13:20:59.383Z]   処理 30｜ 掲載 30｜ 担当者名 8（26.7%）
[2026-07-01T13:22:16.993Z]   処理 40｜ 掲載 40｜ 担当者名 12（30.0%）
[2026-07-01T13:23:42.666Z]   処理 50｜ 掲載 50｜ 担当者名 14（28.0%）
[2026-07-01T13:24:45.894Z]   処理 60｜ 掲載 60｜ 担当者名 20（33.3%）
[2026-07-01T13:26:19.098Z]   処理 70｜ 掲載 70｜ 担当者名 20（28.6%）
[2026-07-01T13:27:33.344Z]   処理 80｜ 掲載 80｜ 担当者名 25（31.3%）
[2026-07-01T13:28:51.761Z]   処理 90｜ 掲載 90｜ 担当者名 28（31.1%）
[2026-07-01T13:29:55.098Z]   処理 100｜ 掲載 100｜ 担当者名 33（33.0%）
[2026-07-01T13:30:03.547Z] 🔍 "食品": 掲載 100社（新規 99社）｜ 累計担当者名 33/1000
[2026-07-01T13:31:15.671Z]   処理 110｜ 掲載 110｜ 担当者名 35（31.8%）
[2026-07-01T13:32:18.259Z]   処理 120｜ 掲載 120｜ 担当者名 41（34.2%）
[2026-07-01T13:33:21.313Z]   処理 130｜ 掲載 130｜ 担当者名 47（36.2%）
[2026-07-01T13:34:28.866Z]   処理 140｜ 掲載 140｜ 担当者名 50（35.7%）
[2026-07-01T13:35:47.477Z]   処理 150｜ 掲載 150｜ 担当者名 54（36.0%）
[2026-07-01T13:37:07.258Z]   処理 160｜ 掲載 160｜ 担当者名 56（35.0%）
[2026-07-01T13:38:17.283Z]   処理 170｜ 掲載 170｜ 担当者名 59（34.7%）
[2026-07-01T13:39:33.223Z]   処理 180｜ 掲載 180｜ 担当者名 62（34.4%）
[2026-07-01T13:40:43.220Z]   処理 190｜ 掲載 190｜ 担当者名 67（35.3%）
[2026-07-01T13:41:55.735Z] 🔍 "自動車": 掲載 100社（新規 100社）｜ 累計担当者名 70/1000
[2026-07-01T13:41:59.899Z]   処理 200｜ 掲載 200｜ 担当者名 70（35.0%）
[2026-07-01T13:43:11.284Z]   処理 210｜ 掲載 210｜ 担当者名 74（35.2%）
[2026-07-01T13:44:21.240Z]   処理 220｜ 掲載 220｜ 担当者名 81（36.8%）
[2026-07-01T13:45:40.079Z]   処理 230｜ 掲載 230｜ 担当者名 85（37.0%）
[2026-07-01T13:46:51.763Z]   処理 240｜ 掲載 240｜ 担当者名 91（37.9%）
[2026-07-01T13:48:02.687Z]   処理 250｜ 掲載 250｜ 担当者名 96（38.4%）
[2026-07-01T13:49:14.565Z]   処理 260｜ 掲載 260｜ 担当者名 100（38.5%）
[2026-07-01T13:50:27.895Z]   処理 270｜ 掲載 270｜ 担当者名 104（38.5%）
[2026-07-01T13:51:27.528Z]   処理 280｜ 掲載 280｜ 担当者名 109（38.9%）
[2026-07-01T13:52:31.869Z]   処理 290｜ 掲載 290｜ 担当者名 115（39.7%）
[2026-07-01T13:53:42.018Z] 🔍 "機械": 掲載 100社（新規 98社）｜ 累計担当者名 117/1000
[2026-07-01T13:53:43.563Z]   処理 300｜ 掲載 300｜ 担当者名 118（39.3%）
[2026-07-01T13:55:02.458Z]   処理 310｜ 掲載 310｜ 担当者名 121（39.0%）
[2026-07-01T13:56:14.692Z]   処理 320｜ 掲載 320｜ 担当者名 125（39.1%）
[2026-07-01T13:57:36.003Z]   処理 330｜ 掲載 330｜ 担当者名 128（38.8%）
[2026-07-01T13:58:50.146Z]   処理 340｜ 掲載 340｜ 担当者名 131（38.5%）
[2026-07-01T14:00:02.170Z]   処理 350｜ 掲載 350｜ 担当者名 134（38.3%）
[2026-07-01T14:01:14.975Z]   処理 360｜ 掲載 360｜ 担当者名 136（37.8%）
[2026-07-01T14:02:31.125Z]   処理 370｜ 掲載 370｜ 担当者名 140（37.8%）
[2026-07-01T14:03:44.217Z]   処理 380｜ 掲載 380｜ 担当者名 144（37.9%）
[2026-07-01T14:04:58.937Z]   処理 390｜ 掲載 390｜ 担当者名 149（38.2%）
[2026-07-01T14:05:55.237Z] 🔍 "電機": 掲載 100社（新規 98社）｜ 累計担当者名 150/1000
[2026-07-01T14:06:10.622Z]   処理 400｜ 掲載 400｜ 担当者名 151（37.8%）
[2026-07-01T14:07:25.298Z]   処理 410｜ 掲載 410｜ 担当者名 153（37.3%）
[2026-07-01T14:08:37.001Z]   処理 420｜ 掲載 420｜ 担当者名 157（37.4%）
[2026-07-01T14:09:52.225Z]   処理 430｜ 掲載 430｜ 担当者名 162（37.7%）
[2026-07-01T14:11:19.762Z]   処理 440｜ 掲載 440｜ 担当者名 162（36.8%）
[2026-07-01T14:12:21.299Z]   処理 450｜ 掲載 450｜ 担当者名 168（37.3%）
[2026-07-01T14:13:44.112Z]   処理 460｜ 掲載 460｜ 担当者名 172（37.4%）
[2026-07-01T14:14:44.106Z]   処理 470｜ 掲載 470｜ 担当者名 177（37.7%）
[2026-07-01T14:16:06.257Z]   処理 480｜ 掲載 480｜ 担当者名 180（37.5%）
[2026-07-01T14:17:19.382Z]   処理 490｜ 掲載 490｜ 担当者名 183（37.3%）
[2026-07-01T14:18:05.985Z] 🔍 "電子部品": 掲載 100社（新規 92社）｜ 累計担当者名 183/1000
[2026-07-01T14:18:35.328Z]   処理 500｜ 掲載 500｜ 担当者名 186（37.2%）
[2026-07-01T14:19:47.368Z]   処理 510｜ 掲載 510｜ 担当者名 189（37.1%）
[2026-07-01T14:21:10.628Z]   処理 520｜ 掲載 520｜ 担当者名 191（36.7%）
[2026-07-01T14:22:38.894Z]   処理 530｜ 掲載 530｜ 担当者名 193（36.4%）
[2026-07-01T14:23:46.897Z]   処理 540｜ 掲載 540｜ 担当者名 198（36.7%）
[2026-07-01T14:25:00.403Z]   処理 550｜ 掲載 550｜ 担当者名 202（36.7%）
[2026-07-01T14:26:26.315Z]   処理 560｜ 掲載 560｜ 担当者名 205（36.6%）
[2026-07-01T14:27:36.341Z]   処理 570｜ 掲載 570｜ 担当者名 209（36.7%）
[2026-07-01T14:28:54.228Z]   処理 580｜ 掲載 580｜ 担当者名 211（36.4%）
[2026-07-01T14:30:04.601Z] 🔍 "半導体": 掲載 100社（新規 68社）｜ 累計担当者名 211/1000
[2026-07-01T14:30:21.766Z]   処理 590｜ 掲載 590｜ 担当者名 212（35.9%）
[2026-07-01T14:31:36.957Z]   処理 600｜ 掲載 600｜ 担当者名 215（35.8%）
[2026-07-01T14:32:50.434Z]   処理 610｜ 掲載 610｜ 担当者名 219（35.9%）
[2026-07-01T14:34:08.067Z]   処理 620｜ 掲載 620｜ 担当者名 219（35.3%）
[2026-07-01T14:36:26.695Z]   処理 630｜ 掲載 630｜ 担当者名 222（35.2%）
[2026-07-01T14:37:55.324Z]   処理 640｜ 掲載 640｜ 担当者名 225（35.2%）
[2026-07-01T14:39:05.609Z]   処理 650｜ 掲載 650｜ 担当者名 228（35.1%）
[2026-07-01T14:39:51.090Z] 🔍 "化学": 掲載 100社（新規 92社）｜ 累計担当者名 231/1000
[2026-07-01T14:40:17.621Z]   処理 660｜ 掲載 660｜ 担当者名 234（35.5%）
[2026-07-01T14:41:35.346Z]   処理 670｜ 掲載 670｜ 担当者名 235（35.1%）
[2026-07-01T14:42:47.208Z]   処理 680｜ 掲載 680｜ 担当者名 237（34.9%）
[2026-07-01T14:44:08.905Z]   処理 690｜ 掲載 690｜ 担当者名 239（34.6%）
[2026-07-01T14:45:30.652Z]   処理 700｜ 掲載 700｜ 担当者名 240（34.3%）
[2026-07-01T14:46:33.863Z]   処理 710｜ 掲載 710｜ 担当者名 245（34.5%）
[2026-07-01T14:47:45.336Z]   処理 720｜ 掲載 720｜ 担当者名 248（34.4%）
[2026-07-01T14:48:56.365Z]   処理 730｜ 掲載 730｜ 担当者名 252（34.5%）
[2026-07-01T14:50:12.510Z]   処理 740｜ 掲載 740｜ 担当者名 254（34.3%）
[2026-07-01T14:51:04.145Z] 🔍 "医薬品": 掲載 100社（新規 90社）｜ 累計担当者名 257/1000
[2026-07-01T14:51:27.797Z]   処理 750｜ 掲載 750｜ 担当者名 258（34.4%）
[2026-07-01T14:52:55.948Z]   処理 760｜ 掲載 760｜ 担当者名 260（34.2%）
[2026-07-01T14:54:09.787Z]   処理 770｜ 掲載 770｜ 担当者名 264（34.3%）
[2026-07-01T14:55:25.727Z]   処理 780｜ 掲載 780｜ 担当者名 268（34.4%）
[2026-07-01T14:56:50.648Z]   処理 790｜ 掲載 790｜ 担当者名 268（33.9%）
[2026-07-01T14:58:06.179Z]   処理 800｜ 掲載 800｜ 担当者名 272（34.0%）
[2026-07-01T14:59:17.189Z]   処理 810｜ 掲載 810｜ 担当者名 276（34.1%）
[2026-07-01T15:00:32.298Z]   処理 820｜ 掲載 820｜ 担当者名 278（33.9%）
[2026-07-01T15:01:54.369Z]   処理 830｜ 掲載 830｜ 担当者名 280（33.7%）
[2026-07-01T15:02:50.355Z] 🔍 "化粧品": 掲載 100社（新規 69社）｜ 累計担当者名 282/1000
[2026-07-01T15:03:08.368Z]   処理 840｜ 掲載 840｜ 担当者名 284（33.8%）
[2026-07-01T15:04:23.567Z]   処理 850｜ 掲載 850｜ 担当者名 286（33.6%）
[2026-07-01T15:05:44.869Z]   処理 860｜ 掲載 860｜ 担当者名 288（33.5%）
[2026-07-01T15:06:57.187Z]   処理 870｜ 掲載 870｜ 担当者名 291（33.4%）
[2026-07-01T15:07:59.617Z]   処理 880｜ 掲載 880｜ 担当者名 295（33.5%）
[2026-07-01T15:09:05.967Z]   処理 890｜ 掲載 890｜ 担当者名 300（33.7%）
[2026-07-01T15:10:07.246Z]   処理 900｜ 掲載 900｜ 担当者名 303（33.7%）
[2026-07-01T15:10:52.193Z] 🔍 "金属": 掲載 100社（新規 94社）｜ 累計担当者名 306/1000
[2026-07-01T15:11:18.584Z]   処理 910｜ 掲載 910｜ 担当者名 307（33.7%）
[2026-07-01T15:12:30.410Z]   処理 920｜ 掲載 920｜ 担当者名 310（33.7%）
[2026-07-01T15:13:42.353Z]   処理 930｜ 掲載 930｜ 担当者名 314（33.8%）
[2026-07-01T15:14:50.039Z]   処理 940｜ 掲載 940｜ 担当者名 318（33.8%）
[2026-07-01T15:16:02.459Z]   処理 950｜ 掲載 950｜ 担当者名 324（34.1%）
[2026-07-01T15:17:23.294Z]   処理 960｜ 掲載 960｜ 担当者名 328（34.2%）
[2026-07-01T15:18:38.953Z]   処理 970｜ 掲載 970｜ 担当者名 331（34.1%）
[2026-07-01T15:19:51.586Z]   処理 980｜ 掲載 980｜ 担当者名 339（34.6%）
[2026-07-01T15:20:55.739Z]   処理 990｜ 掲載 990｜ 担当者名 343（34.6%）
[2026-07-01T15:22:21.179Z]   処理 1000｜ 掲載 1000｜ 担当者名 345（34.5%）
[2026-07-01T15:22:26.419Z] 🔍 "鉄鋼": 掲載 100社（新規 85社）｜ 累計担当者名 345/1000
[2026-07-01T15:23:49.869Z]   処理 1010｜ 掲載 1010｜ 担当者名 347（34.4%）
[2026-07-01T15:24:53.351Z]   処理 1020｜ 掲載 1020｜ 担当者名 352（34.5%）
[2026-07-01T15:26:11.602Z]   処理 1030｜ 掲載 1030｜ 担当者名 354（34.4%）
[2026-07-01T15:27:35.741Z]   処理 1040｜ 掲載 1040｜ 担当者名 357（34.3%）
[2026-07-01T15:28:45.172Z]   処理 1050｜ 掲載 1050｜ 担当者名 360（34.3%）
[2026-07-01T15:29:51.799Z]   処理 1060｜ 掲載 1060｜ 担当者名 363（34.2%）
[2026-07-01T15:31:06.522Z]   処理 1070｜ 掲載 1070｜ 担当者名 364（34.0%）
[2026-07-01T15:32:18.789Z]   処理 1080｜ 掲載 1080｜ 担当者名 369（34.2%）
[2026-07-01T15:33:05.822Z] 🔍 "繊維": 掲載 100社（新規 89社）｜ 累計担当者名 370/1000
[2026-07-01T15:33:41.852Z]   処理 1090｜ 掲載 1090｜ 担当者名 371（34.0%）
[2026-07-01T15:34:54.867Z]   処理 1100｜ 掲載 1100｜ 担当者名 374（34.0%）
[2026-07-01T15:36:00.072Z]   処理 1110｜ 掲載 1110｜ 担当者名 379（34.1%）
[2026-07-01T15:37:14.105Z]   処理 1120｜ 掲載 1120｜ 担当者名 383（34.2%）
[2026-07-01T15:38:36.760Z]   処理 1130｜ 掲載 1130｜ 担当者名 388（34.3%）
[2026-07-01T15:39:50.074Z]   処理 1140｜ 掲載 1140｜ 担当者名 391（34.3%）
[2026-07-01T15:41:10.563Z]   処理 1150｜ 掲載 1150｜ 担当者名 394（34.3%）
[2026-07-01T15:42:27.290Z]   処理 1160｜ 掲載 1160｜ 担当者名 398（34.3%）
[2026-07-01T15:43:46.401Z]   処理 1170｜ 掲載 1170｜ 担当者名 401（34.3%）
[2026-07-01T15:44:17.306Z] 🔍 "印刷": 掲載 100社（新規 93社）｜ 累計担当者名 403/1000
[2026-07-01T15:45:06.678Z]   処理 1180｜ 掲載 1180｜ 担当者名 405（34.3%）
[2026-07-01T15:46:28.392Z]   処理 1190｜ 掲載 1190｜ 担当者名 407（34.2%）
[2026-07-01T15:47:34.260Z]   処理 1200｜ 掲載 1200｜ 担当者名 410（34.2%）
[2026-07-01T15:48:43.173Z]   処理 1210｜ 掲載 1210｜ 担当者名 416（34.4%）
[2026-07-01T15:49:56.139Z]   処理 1220｜ 掲載 1220｜ 担当者名 420（34.4%）
[2026-07-01T15:50:59.479Z]   処理 1230｜ 掲載 1230｜ 担当者名 423（34.4%）
[2026-07-01T15:51:56.044Z]   処理 1240｜ 掲載 1240｜ 担当者名 427（34.4%）
[2026-07-01T15:53:08.460Z]   処理 1250｜ 掲載 1250｜ 担当者名 432（34.6%）
[2026-07-01T15:54:34.088Z]   処理 1260｜ 掲載 1260｜ 担当者名 434（34.4%）
[2026-07-01T15:55:28.425Z] 🔍 "紙": 掲載 100社（新規 93社）｜ 累計担当者名 434/1000
[2026-07-01T15:55:47.192Z]   処理 1270｜ 掲載 1270｜ 担当者名 435（34.3%）
[2026-07-01T15:56:55.686Z]   処理 1280｜ 掲載 1280｜ 担当者名 441（34.5%）
[2026-07-01T15:58:15.090Z]   処理 1290｜ 掲載 1290｜ 担当者名 447（34.7%）
[2026-07-01T15:59:36.416Z]   処理 1300｜ 掲載 1300｜ 担当者名 451（34.7%）
[2026-07-01T16:00:55.879Z]   処理 1310｜ 掲載 1310｜ 担当者名 454（34.7%）
[2026-07-01T16:02:15.337Z]   処理 1320｜ 掲載 1320｜ 担当者名 457（34.6%）
[2026-07-01T16:03:35.598Z]   処理 1330｜ 掲載 1330｜ 担当者名 461（34.7%）
[2026-07-01T16:04:52.810Z]   処理 1340｜ 掲載 1340｜ 担当者名 462（34.5%）
[2026-07-01T16:06:01.901Z]   処理 1350｜ 掲載 1350｜ 担当者名 465（34.4%）
[2026-07-01T16:07:15.165Z]   処理 1360｜ 掲載 1360｜ 担当者名 466（34.3%）
[2026-07-01T16:07:20.474Z] 🔍 "ガラス": 掲載 100社（新規 91社）｜ 累計担当者名 466/1000
[2026-07-01T16:08:26.690Z]   処理 1370｜ 掲載 1370｜ 担当者名 471（34.4%）
[2026-07-01T16:09:45.110Z]   処理 1380｜ 掲載 1380｜ 担当者名 472（34.2%）
[2026-07-01T16:11:00.047Z]   処理 1390｜ 掲載 1390｜ 担当者名 475（34.2%）
[2026-07-01T16:12:16.001Z]   処理 1400｜ 掲載 1400｜ 担当者名 479（34.2%）
[2026-07-01T16:13:33.568Z]   処理 1410｜ 掲載 1410｜ 担当者名 481（34.1%）
[2026-07-01T16:14:40.889Z]   処理 1420｜ 掲載 1420｜ 担当者名 484（34.1%）
[2026-07-01T16:15:55.030Z]   処理 1430｜ 掲載 1430｜ 担当者名 488（34.1%）
[2026-07-01T16:17:07.442Z]   処理 1440｜ 掲載 1440｜ 担当者名 491（34.1%）
[2026-07-01T16:18:23.682Z]   処理 1450｜ 掲載 1450｜ 担当者名 495（34.1%）
[2026-07-01T16:18:34.965Z] 🔍 "ゴム": 掲載 100社（新規 92社）｜ 累計担当者名 495/1000
[2026-07-01T16:19:41.346Z]   処理 1460｜ 掲載 1460｜ 担当者名 497（34.0%）
[2026-07-01T16:21:06.680Z]   処理 1470｜ 掲載 1470｜ 担当者名 497（33.8%）
[2026-07-01T16:22:20.602Z]   処理 1480｜ 掲載 1480｜ 担当者名 499（33.7%）
[2026-07-01T16:23:31.062Z]   処理 1490｜ 掲載 1490｜ 担当者名 504（33.8%）
[2026-07-01T16:24:56.741Z]   処理 1500｜ 掲載 1500｜ 担当者名 506（33.7%）
[2026-07-01T16:26:19.799Z]   処理 1510｜ 掲載 1510｜ 担当者名 511（33.8%）
[2026-07-01T16:27:40.077Z]   処理 1520｜ 掲載 1520｜ 担当者名 515（33.9%）
[2026-07-01T16:28:56.251Z]   処理 1530｜ 掲載 1530｜ 担当者名 518（33.9%）
[2026-07-01T16:30:09.071Z]   処理 1540｜ 掲載 1540｜ 担当者名 523（34.0%）
[2026-07-01T16:30:39.798Z] 🔍 "住宅": 掲載 100社（新規 94社）｜ 累計担当者名 524/1000
[2026-07-01T16:31:25.554Z]   処理 1550｜ 掲載 1550｜ 担当者名 528（34.1%）
[2026-07-01T16:32:37.787Z]   処理 1560｜ 掲載 1560｜ 担当者名 532（34.1%）
[2026-07-01T16:33:39.820Z]   処理 1570｜ 掲載 1570｜ 担当者名 538（34.3%）
[2026-07-01T16:34:52.144Z]   処理 1580｜ 掲載 1580｜ 担当者名 542（34.3%）
[2026-07-01T16:36:06.557Z]   処理 1590｜ 掲載 1590｜ 担当者名 543（34.2%）
[2026-07-01T16:37:31.356Z]   処理 1600｜ 掲載 1600｜ 担当者名 545（34.1%）
[2026-07-01T16:38:48.682Z]   処理 1610｜ 掲載 1610｜ 担当者名 551（34.2%）
[2026-07-01T16:40:00.878Z]   処理 1620｜ 掲載 1620｜ 担当者名 553（34.1%）
[2026-07-01T16:41:10.498Z]   処理 1630｜ 掲載 1630｜ 担当者名 558（34.2%）
[2026-07-01T16:42:21.364Z] 🔍 "建設": 掲載 100社（新規 99社）｜ 累計担当者名 560/1000
[2026-07-01T16:42:37.462Z]   処理 1640｜ 掲載 1640｜ 担当者名 560（34.1%）
[2026-07-01T16:43:46.310Z]   処理 1650｜ 掲載 1650｜ 担当者名 565（34.2%）
[2026-07-01T16:44:59.454Z]   処理 1660｜ 掲載 1660｜ 担当者名 568（34.2%）
[2026-07-01T16:46:14.040Z]   処理 1670｜ 掲載 1670｜ 担当者名 572（34.3%）
[2026-07-01T16:47:24.377Z]   処理 1680｜ 掲載 1680｜ 担当者名 575（34.2%）
[2026-07-01T16:48:32.726Z]   処理 1690｜ 掲載 1690｜ 担当者名 579（34.3%）
[2026-07-01T16:49:44.629Z]   処理 1700｜ 掲載 1700｜ 担当者名 584（34.4%）
[2026-07-01T16:50:54.137Z]   処理 1710｜ 掲載 1710｜ 担当者名 586（34.3%）
[2026-07-01T16:52:12.107Z]   処理 1720｜ 掲載 1720｜ 担当者名 591（34.4%）
[2026-07-01T16:53:14.596Z]   処理 1730｜ 掲載 1730｜ 担当者名 596（34.5%）
[2026-07-01T16:54:00.634Z] 🔍 "建築": 掲載 100社（新規 76社）｜ 累計担当者名 600/1000
[2026-07-01T16:54:25.800Z]   処理 1740｜ 掲載 1740｜ 担当者名 601（34.5%）
[2026-07-01T16:55:31.839Z]   処理 1750｜ 掲載 1750｜ 担当者名 602（34.4%）
[2026-07-01T16:56:36.116Z]   処理 1760｜ 掲載 1760｜ 担当者名 605（34.4%）
[2026-07-01T16:57:53.108Z]   処理 1770｜ 掲載 1770｜ 担当者名 608（34.4%）
[2026-07-01T16:59:01.030Z]   処理 1780｜ 掲載 1780｜ 担当者名 610（34.3%）
[2026-07-01T17:00:16.129Z]   処理 1790｜ 掲載 1790｜ 担当者名 611（34.1%）
[2026-07-01T17:01:40.318Z]   処理 1800｜ 掲載 1800｜ 担当者名 616（34.2%）
[2026-07-01T17:03:00.086Z]   処理 1810｜ 掲載 1810｜ 担当者名 619（34.2%）
[2026-07-01T17:03:23.512Z] 🔍 "土木": 掲載 100社（新規 70社）｜ 累計担当者名 619/1000
[2026-07-01T17:04:11.121Z]   処理 1820｜ 掲載 1820｜ 担当者名 622（34.2%）
[2026-07-01T17:05:27.344Z]   処理 1830｜ 掲載 1830｜ 担当者名 626（34.2%）
[2026-07-01T17:06:40.988Z]   処理 1840｜ 掲載 1840｜ 担当者名 626（34.0%）
[2026-07-01T17:07:46.578Z]   処理 1850｜ 掲載 1850｜ 担当者名 631（34.1%）
[2026-07-01T17:08:57.782Z]   処理 1860｜ 掲載 1860｜ 担当者名 635（34.1%）
[2026-07-01T17:10:11.859Z]   処理 1870｜ 掲載 1870｜ 担当者名 640（34.2%）
[2026-07-01T17:11:17.559Z]   処理 1880｜ 掲載 1880｜ 担当者名 645（34.3%）
[2026-07-01T17:11:44.229Z] 🔍 "設備": 掲載 100社（新規 86社）｜ 累計担当者名 645/1000
[2026-07-01T17:12:42.825Z]   処理 1890｜ 掲載 1890｜ 担当者名 648（34.3%）
[2026-07-01T17:13:53.446Z]   処理 1900｜ 掲載 1900｜ 担当者名 653（34.4%）
[2026-07-01T17:15:11.739Z]   処理 1910｜ 掲載 1910｜ 担当者名 657（34.4%）
[2026-07-01T17:16:17.385Z]   処理 1920｜ 掲載 1920｜ 担当者名 662（34.5%）
[2026-07-01T17:17:26.280Z]   処理 1930｜ 掲載 1930｜ 担当者名 666（34.5%）
[2026-07-01T17:18:39.777Z]   処理 1940｜ 掲載 1940｜ 担当者名 669（34.5%）
[2026-07-01T17:20:00.918Z]   処理 1950｜ 掲載 1950｜ 担当者名 671（34.4%）
[2026-07-01T17:21:15.900Z]   処理 1960｜ 掲載 1960｜ 担当者名 673（34.3%）
[2026-07-01T17:22:11.644Z] 🔍 "不動産": 掲載 100社（新規 99社）｜ 累計担当者名 677/1000
[2026-07-01T17:22:23.380Z]   処理 1970｜ 掲載 1970｜ 担当者名 679（34.5%）
[2026-07-01T17:23:41.046Z]   処理 1980｜ 掲載 1980｜ 担当者名 681（34.4%）
[2026-07-01T17:24:52.308Z]   処理 1990｜ 掲載 1990｜ 担当者名 683（34.3%）
[2026-07-01T17:26:03.093Z]   処理 2000｜ 掲載 2000｜ 担当者名 687（34.4%）
[2026-07-01T17:27:17.566Z]   処理 2010｜ 掲載 2010｜ 担当者名 691（34.4%）
[2026-07-01T17:28:29.663Z]   処理 2020｜ 掲載 2020｜ 担当者名 695（34.4%）
[2026-07-01T17:29:39.673Z]   処理 2030｜ 掲載 2030｜ 担当者名 697（34.3%）
[2026-07-01T17:30:56.610Z]   処理 2040｜ 掲載 2040｜ 担当者名 699（34.3%）
[2026-07-01T17:32:11.288Z]   処理 2050｜ 掲載 2050｜ 担当者名 702（34.2%）
[2026-07-01T17:33:16.060Z]   処理 2060｜ 掲載 2060｜ 担当者名 704（34.2%）
[2026-07-01T17:34:17.587Z] 🔍 "商社": 掲載 100社（新規 62社）｜ 累計担当者名 705/1000
[2026-07-01T17:34:44.032Z]   処理 2070｜ 掲載 2070｜ 担当者名 705（34.1%）
[2026-07-01T17:35:55.895Z]   処理 2080｜ 掲載 2080｜ 担当者名 709（34.1%）
[2026-07-01T17:37:14.593Z]   処理 2090｜ 掲載 2090｜ 担当者名 712（34.1%）
[2026-07-01T17:38:25.283Z]   処理 2100｜ 掲載 2100｜ 担当者名 716（34.1%）
[2026-07-01T17:39:37.579Z]   処理 2110｜ 掲載 2110｜ 担当者名 722（34.2%）
[2026-07-01T17:40:43.936Z]   処理 2120｜ 掲載 2120｜ 担当者名 726（34.2%）
[2026-07-01T17:41:50.838Z] 🔍 "専門商社": 掲載 100社（新規 73社）｜ 累計担当者名 729/1000
[2026-07-01T17:41:58.533Z]   処理 2130｜ 掲載 2130｜ 担当者名 729（34.2%）
[2026-07-01T17:43:01.206Z]   処理 2140｜ 掲載 2140｜ 担当者名 732（34.2%）
[2026-07-01T17:44:13.629Z]   処理 2150｜ 掲載 2150｜ 担当者名 734（34.1%）
[2026-07-01T17:45:30.643Z]   処理 2160｜ 掲載 2160｜ 担当者名 738（34.2%）
[2026-07-01T17:46:37.567Z]   処理 2170｜ 掲載 2170｜ 担当者名 740（34.1%）
[2026-07-01T17:47:42.923Z]   処理 2180｜ 掲載 2180｜ 担当者名 744（34.1%）
[2026-07-01T17:48:59.903Z]   処理 2190｜ 掲載 2190｜ 担当者名 748（34.2%）
[2026-07-01T17:50:08.757Z]   処理 2200｜ 掲載 2200｜ 担当者名 752（34.2%）
[2026-07-01T17:50:25.967Z] 🔍 "卸売": 掲載 100社（新規 69社）｜ 累計担当者名 752/1000
[2026-07-01T17:51:14.807Z]   処理 2210｜ 掲載 2210｜ 担当者名 755（34.2%）
[2026-07-01T17:52:15.658Z]   処理 2220｜ 掲載 2220｜ 担当者名 757（34.1%）
[2026-07-01T17:53:19.323Z]   処理 2230｜ 掲載 2230｜ 担当者名 763（34.2%）
[2026-07-01T17:54:27.060Z]   処理 2240｜ 掲載 2240｜ 担当者名 765（34.2%）
[2026-07-01T17:55:37.201Z]   処理 2250｜ 掲載 2250｜ 担当者名 769（34.2%）
[2026-07-01T17:56:58.364Z]   処理 2260｜ 掲載 2260｜ 担当者名 772（34.2%）
[2026-07-01T17:58:09.226Z]   処理 2270｜ 掲載 2270｜ 担当者名 774（34.1%）
[2026-07-01T17:58:20.000Z] 🔍 "小売": 掲載 100社（新規 56社）｜ 累計担当者名 775/1000
[2026-07-01T17:59:24.880Z]   処理 2280｜ 掲載 2280｜ 担当者名 776（34.0%）
[2026-07-01T18:00:34.818Z]   処理 2290｜ 掲載 2290｜ 担当者名 780（34.1%）
[2026-07-01T18:01:43.344Z]   処理 2300｜ 掲載 2300｜ 担当者名 783（34.0%）
[2026-07-01T18:02:53.962Z]   処理 2310｜ 掲載 2310｜ 担当者名 785（34.0%）
[2026-07-01T18:03:58.853Z]   処理 2320｜ 掲載 2320｜ 担当者名 788（34.0%）
[2026-07-01T18:04:54.402Z] 🔍 "スーパー": 掲載 100社（新規 66社）｜ 累計担当者名 791/1000
[2026-07-01T18:05:12.609Z]   処理 2330｜ 掲載 2330｜ 担当者名 793（34.0%）
[2026-07-01T18:06:34.891Z]   処理 2340｜ 掲載 2340｜ 担当者名 797（34.1%）
[2026-07-01T18:07:36.303Z]   処理 2350｜ 掲載 2350｜ 担当者名 800（34.0%）
[2026-07-01T18:08:34.325Z]   処理 2360｜ 掲載 2360｜ 担当者名 806（34.2%）
[2026-07-01T18:09:42.222Z]   処理 2370｜ 掲載 2370｜ 担当者名 810（34.2%）
[2026-07-01T18:10:43.078Z]   処理 2380｜ 掲載 2380｜ 担当者名 815（34.2%）
[2026-07-01T18:11:49.314Z]   処理 2390｜ 掲載 2390｜ 担当者名 820（34.3%）
[2026-07-01T18:12:16.914Z] 🔍 "百貨店": 掲載 100社（新規 85社）｜ 累計担当者名 821/1000
[2026-07-01T18:12:55.988Z]   処理 2400｜ 掲載 2400｜ 担当者名 822（34.3%）
[2026-07-01T18:13:59.695Z]   処理 2410｜ 掲載 2410｜ 担当者名 824（34.2%）
[2026-07-01T18:15:05.445Z]   処理 2420｜ 掲載 2420｜ 担当者名 827（34.2%）
[2026-07-01T18:16:16.106Z]   処理 2430｜ 掲載 2430｜ 担当者名 830（34.2%）
[2026-07-01T18:17:38.422Z]   処理 2440｜ 掲載 2440｜ 担当者名 831（34.1%）
[2026-07-01T18:18:50.563Z]   処理 2450｜ 掲載 2450｜ 担当者名 833（34.0%）
[2026-07-01T18:20:16.004Z]   処理 2460｜ 掲載 2460｜ 担当者名 835（33.9%）
[2026-07-01T18:21:23.829Z]   処理 2470｜ 掲載 2470｜ 担当者名 836（33.8%）
[2026-07-01T18:22:19.991Z] 🔍 "専門店": 掲載 100社（新規 37社）｜ 累計担当者名 838/1000
[2026-07-01T18:22:37.143Z]   処理 2480｜ 掲載 2480｜ 担当者名 838（33.8%）
[2026-07-01T18:23:41.713Z]   処理 2490｜ 掲載 2490｜ 担当者名 841（33.8%）
[2026-07-01T18:24:56.097Z]   処理 2500｜ 掲載 2500｜ 担当者名 844（33.8%）
[2026-07-01T18:26:00.053Z]   処理 2510｜ 掲載 2510｜ 担当者名 851（33.9%）
[2026-07-01T18:26:43.380Z] 🔍 "アパレル": 掲載 100社（新規 48社）｜ 累計担当者名 851/1000
[2026-07-01T18:27:18.261Z]   処理 2520｜ 掲載 2520｜ 担当者名 852（33.8%）
[2026-07-01T18:28:26.477Z]   処理 2530｜ 掲載 2530｜ 担当者名 854（33.8%）
[2026-07-01T18:29:39.272Z]   処理 2540｜ 掲載 2540｜ 担当者名 858（33.8%）
[2026-07-01T18:31:04.440Z]   処理 2550｜ 掲載 2550｜ 担当者名 861（33.8%）
[2026-07-01T18:32:16.096Z]   処理 2560｜ 掲載 2560｜ 担当者名 864（33.8%）
[2026-07-01T18:32:43.432Z] 🔍 "外食": 掲載 100社（新規 63社）｜ 累計担当者名 864/1000
[2026-07-01T18:33:25.826Z]   処理 2570｜ 掲載 2570｜ 担当者名 866（33.7%）
[2026-07-01T18:34:38.298Z]   処理 2580｜ 掲載 2580｜ 担当者名 870（33.7%）
[2026-07-01T18:35:56.645Z]   処理 2590｜ 掲載 2590｜ 担当者名 874（33.7%）
[2026-07-01T18:37:09.975Z]   処理 2600｜ 掲載 2600｜ 担当者名 877（33.7%）
[2026-07-01T18:38:21.773Z]   処理 2610｜ 掲載 2610｜ 担当者名 878（33.6%）
[2026-07-01T18:39:38.541Z]   処理 2620｜ 掲載 2620｜ 担当者名 879（33.5%）
[2026-07-01T18:40:17.624Z] 🔍 "飲食": 掲載 100社（新規 26社）｜ 累計担当者名 881/1000
[2026-07-01T18:40:45.752Z]   処理 2630｜ 掲載 2630｜ 担当者名 882（33.5%）
[2026-07-01T18:41:57.154Z]   処理 2640｜ 掲載 2640｜ 担当者名 885（33.5%）
[2026-07-01T18:43:13.009Z]   処理 2650｜ 掲載 2650｜ 担当者名 889（33.5%）
[2026-07-01T18:43:32.544Z] 🔍 "ホテル": 掲載 100社（新規 84社）｜ 累計担当者名 889/1000
[2026-07-01T18:44:16.791Z]   処理 2660｜ 掲載 2660｜ 担当者名 893（33.6%）
[2026-07-01T18:45:31.707Z]   処理 2670｜ 掲載 2670｜ 担当者名 895（33.5%）
[2026-07-01T18:46:57.089Z]   処理 2680｜ 掲載 2680｜ 担当者名 898（33.5%）
[2026-07-01T18:48:09.722Z]   処理 2690｜ 掲載 2690｜ 担当者名 903（33.6%）
[2026-07-01T18:49:19.420Z]   処理 2700｜ 掲載 2700｜ 担当者名 907（33.6%）
[2026-07-01T18:50:18.481Z]   処理 2710｜ 掲載 2710｜ 担当者名 910（33.6%）
[2026-07-01T18:51:38.581Z]   処理 2720｜ 掲載 2720｜ 担当者名 913（33.6%）
[2026-07-01T18:52:49.414Z]   処理 2730｜ 掲載 2730｜ 担当者名 916（33.6%）
[2026-07-01T18:53:40.007Z] 🔍 "旅行": 掲載 100社（新規 46社）｜ 累計担当者名 918/1000
[2026-07-01T18:54:04.596Z]   処理 2740｜ 掲載 2740｜ 担当者名 920（33.6%）
[2026-07-01T18:55:14.981Z]   処理 2750｜ 掲載 2750｜ 担当者名 921（33.5%）
[2026-07-01T18:56:33.156Z]   処理 2760｜ 掲載 2760｜ 担当者名 923（33.4%）
[2026-07-01T18:57:53.301Z]   処理 2770｜ 掲載 2770｜ 担当者名 926（33.4%）
[2026-07-01T18:59:01.920Z]   処理 2780｜ 掲載 2780｜ 担当者名 927（33.3%）
[2026-07-01T18:59:16.876Z] 🔍 "ブライダル": 掲載 100社（新規 70社）｜ 累計担当者名 928/1000
[2026-07-01T19:00:10.950Z]   処理 2790｜ 掲載 2790｜ 担当者名 929（33.3%）
[2026-07-01T19:01:27.626Z]   処理 2800｜ 掲載 2800｜ 担当者名 931（33.3%）
[2026-07-01T19:02:34.994Z]   処理 2810｜ 掲載 2810｜ 担当者名 933（33.2%）
[2026-07-01T19:03:39.975Z]   処理 2820｜ 掲載 2820｜ 担当者名 937（33.2%）
[2026-07-01T19:04:49.965Z]   処理 2830｜ 掲載 2830｜ 担当者名 941（33.3%）
[2026-07-01T19:06:08.544Z]   処理 2840｜ 掲載 2840｜ 担当者名 944（33.2%）
[2026-07-01T19:07:18.252Z]   処理 2850｜ 掲載 2850｜ 担当者名 946（33.2%）
[2026-07-01T19:07:36.627Z] 🔍 "物流": 掲載 100社（新規 77社）｜ 累計担当者名 947/1000
[2026-07-01T19:08:24.088Z]   処理 2860｜ 掲載 2860｜ 担当者名 948（33.1%）
[2026-07-01T19:09:29.004Z]   処理 2870｜ 掲載 2870｜ 担当者名 952（33.2%）
[2026-07-01T19:10:36.195Z]   処理 2880｜ 掲載 2880｜ 担当者名 957（33.2%）
[2026-07-01T19:11:47.532Z]   処理 2890｜ 掲載 2890｜ 担当者名 959（33.2%）
[2026-07-01T19:12:54.940Z]   処理 2900｜ 掲載 2900｜ 担当者名 962（33.2%）
[2026-07-01T19:14:15.201Z]   処理 2910｜ 掲載 2910｜ 担当者名 963（33.1%）
[2026-07-01T19:15:29.265Z]   処理 2920｜ 掲載 2920｜ 担当者名 964（33.0%）
[2026-07-01T19:16:47.485Z] 🔍 "運輸": 掲載 100社（新規 87社）｜ 累計担当者名 967/1000
[2026-07-01T19:16:55.059Z]   処理 2930｜ 掲載 2930｜ 担当者名 968（33.0%）
[2026-07-01T19:17:54.101Z]   処理 2940｜ 掲載 2940｜ 担当者名 972（33.1%）
[2026-07-01T19:19:02.588Z]   処理 2950｜ 掲載 2950｜ 担当者名 977（33.1%）
[2026-07-01T19:20:27.546Z]   処理 2960｜ 掲載 2960｜ 担当者名 980（33.1%）
[2026-07-01T19:21:25.116Z]   処理 2970｜ 掲載 2970｜ 担当者名 984（33.1%）
[2026-07-01T19:22:41.307Z]   処理 2980｜ 掲載 2980｜ 担当者名 988（33.2%）
[2026-07-01T19:23:53.259Z]   処理 2990｜ 掲載 2990｜ 担当者名 990（33.1%）
[2026-07-01T19:24:58.968Z]   処理 3000｜ 掲載 3000｜ 担当者名 995（33.2%）
[2026-07-01T19:26:09.327Z]   処理 3010｜ 掲載 3010｜ 担当者名 998（33.2%）
[2026-07-01T19:26:37.707Z] 完了: 3013社処理 ｜ 担当者名 1000件（33.2%）
[2026-07-01T19:26:37.707Z] 出力: C:\Users\shofu\Desktop\saiyo_tantousha_poc\poc\data\recruiter-mynavi-1000.csv
[2026-07-01T19:26:37.708Z] パターン別: {"伝言板の名乗り":211,"担当者メッセージ":374,"問合せ先":263,"メール推定":77,"インタビュー話者注記":69,"インタビュー帰属":6}
