[2026-06-30T23:29:38.216Z] 再開: 既存 100社をスキップ
[2026-06-30T23:29:38.251Z] マイナビ担当者名取得: 未処理 5808社（全 5908）
[2026-06-30T23:30:00.782Z]   5/5808（掲載 77 / 担当者名 13）
[2026-06-30T23:30:25.686Z]   10/5808（掲載 81 / 担当者名 13）
[2026-06-30T23:30:40.699Z]   15/5808（掲載 83 / 担当者名 13）
[2026-06-30T23:31:00.544Z]   20/5808（掲載 86 / 担当者名 13）
[2026-06-30T23:31:15.777Z]   25/5808（掲載 88 / 担当者名 14）
[2026-06-30T23:31:45.143Z]   30/5808（掲載 93 / 担当者名 14）
[2026-06-30T23:32:00.082Z]   35/5808（掲載 95 / 担当者名 14）
[2026-06-30T23:32:15.089Z]   40/5808（掲載 97 / 担当者名 14）
[2026-06-30T23:32:31.482Z]   45/5808（掲載 99 / 担当者名 14）
[2026-06-30T23:32:51.213Z]   50/5808（掲載 102 / 担当者名 14）
[2026-06-30T23:33:07.932Z]   55/5808（掲載 105 / 担当者名 15）
[2026-06-30T23:33:22.832Z]   60/5808（掲載 107 / 担当者名 15）
[2026-06-30T23:33:37.695Z]   65/5808（掲載 109 / 担当者名 15）
[2026-06-30T23:33:52.819Z]   70/5808（掲載 111 / 担当者名 15）
[2026-06-30T23:34:07.199Z]   75/5808（掲載 113 / 担当者名 16）
[2026-06-30T23:34:29.041Z]   80/5808（掲載 117 / 担当者名 17）
[2026-06-30T23:34:58.346Z]   85/5808（掲載 122 / 担当者名 17）
[2026-06-30T23:35:13.843Z]   90/5808（掲載 124 / 担当者名 17）
[2026-06-30T23:35:26.978Z]   95/5808（掲載 126 / 担当者名 18）
[2026-06-30T23:35:37.342Z]   100/5808（掲載 127 / 担当者名 18）
[2026-06-30T23:35:59.344Z]   105/5808（掲載 131 / 担当者名 19）
[2026-06-30T23:36:23.958Z]   110/5808（掲載 135 / 担当者名 19）
[2026-06-30T23:36:53.410Z]   115/5808（掲載 140 / 担当者名 19）
[2026-06-30T23:37:12.377Z]   120/5808（掲載 144 / 担当者名 21）
[2026-06-30T23:37:32.895Z]   125/5808（掲載 147 / 担当者名 21）
[2026-06-30T23:37:47.884Z]   130/5808（掲載 149 / 担当者名 21）
[2026-06-30T23:38:02.294Z]   135/5808（掲載 151 / 担当者名 22）
[2026-06-30T23:38:22.409Z]   140/5808（掲載 154 / 担当者名 22）
[2026-06-30T23:38:33.532Z]   145/5808（掲載 155 / 担当者名 22）
[2026-06-30T23:39:03.302Z]   150/5808（掲載 160 / 担当者名 23）
[2026-06-30T23:39:34.278Z]   155/5808（掲載 165 / 担当者名 25）
[2026-06-30T23:39:56.045Z]   160/5808（掲載 168 / 担当者名 25）
[2026-06-30T23:40:03.961Z]   165/5808（掲載 169 / 担当者名 26）
[2026-06-30T23:40:14.071Z]   170/5808（掲載 170 / 担当者名 27）
[2026-06-30T23:40:29.127Z]   175/5808（掲載 172 / 担当者名 27）
[2026-06-30T23:40:46.362Z]   180/5808（掲載 175 / 担当者名 28）
[2026-06-30T23:41:02.273Z]   185/5808（掲載 177 / 担当者名 29）
[2026-06-30T23:41:58.416Z]   190/5808（掲載 181 / 担当者名 29）
[2026-06-30T23:42:23.083Z]   195/5808（掲載 185 / 担当者名 30）
[2026-06-30T23:42:28.889Z]   200/5808（掲載 185 / 担当者名 30）
[2026-06-30T23:42:44.800Z]   205/5808（掲載 187 / 担当者名 30）
[2026-06-30T23:43:05.201Z]   210/5808（掲載 190 / 担当者名 30）
[2026-06-30T23:43:20.775Z]   215/5808（掲載 192 / 担当者名 30）
[2026-06-30T23:43:31.083Z]   220/5808（掲載 193 / 担当者名 30）
[2026-06-30T23:43:46.657Z]   225/5808（掲載 195 / 担当者名 30）
[2026-06-30T23:44:02.202Z]   230/5808（掲載 197 / 担当者名 30）
[2026-06-30T23:44:25.545Z]   235/5808（掲載 200 / 担当者名 30）
[2026-06-30T23:44:48.059Z]   240/5808（掲載 204 / 担当者名 31）
[2026-06-30T23:45:08.297Z]   245/5808（掲載 207 / 担当者名 31）
[2026-06-30T23:45:28.327Z]   250/5808（掲載 210 / 担当者名 31）
[2026-06-30T23:45:54.666Z]   255/5808（掲載 214 / 担当者名 32）
[2026-06-30T23:46:00.336Z]   260/5808（掲載 214 / 担当者名 32）
[2026-06-30T23:46:10.926Z]   265/5808（掲載 215 / 担当者名 32）
[2026-06-30T23:46:23.591Z]   270/5808（掲載 217 / 担当者名 33）
[2026-06-30T23:46:39.018Z]   275/5808（掲載 219 / 担当者名 33）
[2026-06-30T23:46:53.632Z]   280/5808（掲載 221 / 担当者名 34）
[2026-06-30T23:47:08.606Z]   285/5808（掲載 223 / 担当者名 35）
[2026-06-30T23:47:23.814Z]   290/5808（掲載 225 / 担当者名 35）
[2026-06-30T23:47:34.996Z]   295/5808（掲載 226 / 担当者名 35）
[2026-06-30T23:47:45.605Z]   300/5808（掲載 227 / 担当者名 35）
[2026-06-30T23:48:03.217Z]   305/5808（掲載 230 / 担当者名 36）
[2026-06-30T23:48:15.431Z]   310/5808（掲載 231 / 担当者名 36）
[2026-06-30T23:48:35.976Z]   315/5808（掲載 234 / 担当者名 36）
[2026-06-30T23:48:41.824Z]   320/5808（掲載 234 / 担当者名 36）
[2026-06-30T23:49:02.879Z]   325/5808（掲載 236 / 担当者名 37）
[2026-06-30T23:49:15.627Z]   330/5808（掲載 236 / 担当者名 37）
[2026-06-30T23:50:38.421Z]   335/5808（掲載 237 / 担当者名 38）
[2026-06-30T23:50:52.039Z]   340/5808（掲載 238 / 担当者名 39）
[2026-06-30T23:53:17.870Z]   345/5808（掲載 240 / 担当者名 39）
[2026-06-30T23:55:37.730Z]   350/5808（掲載 241 / 担当者名 40）
[2026-06-30T23:58:06.475Z]   355/5808（掲載 243 / 担当者名 40）
[2026-06-30T23:58:17.127Z]   360/5808（掲載 244 / 担当者名 40）
[2026-06-30T23:58:39.226Z]   365/5808（掲載 246 / 担当者名 41）
[2026-06-30T23:59:49.130Z]   370/5808（掲載 246 / 担当者名 41）
[2026-07-01T00:01:04.803Z]   375/5808（掲載 247 / 担当者名 41）
[2026-07-01T00:01:11.207Z]   380/5808（掲載 247 / 担当者名 41）
[2026-07-01T00:01:25.561Z]   385/5808（掲載 249 / 担当者名 41）
[2026-07-01T00:01:25.563Z]   390/5808（掲載 249 / 担当者名 41）
[2026-07-01T00:01:25.566Z]   395/5808（掲載 249 / 担当者名 41）
[2026-07-01T00:01:25.569Z]   400/5808（掲載 249 / 担当者名 41）
[2026-07-01T00:01:25.571Z]   405/5808（掲載 249 / 担当者名 41）
[2026-07-01T00:01:25.574Z]   410/5808（掲載 249 / 担当者名 41）
[2026-07-01T00:01:25.576Z]   415/5808（掲載 249 / 担当者名 41）
[2026-07-01T00:01:25.578Z]   420/5808（掲載 249 / 担当者名 41）
[2026-07-01T00:01:25.580Z]   425/5808（掲載 249 / 担当者名 41）
[2026-07-01T00:01:25.583Z]   430/5808（掲載 249 / 担当者名 41）
[2026-07-01T00:01:25.586Z]   435/5808（掲載 249 / 担当者名 41）
[2026-07-01T00:01:25.588Z]   440/5808（掲載 249 / 担当者名 41）
[2026-07-01T00:01:25.591Z]   445/5808（掲載 249 / 担当者名 41）
[2026-07-01T00:01:25.593Z]   450/5808（掲載 249 / 担当者名 41）
[2026-07-01T00:01:25.595Z]   455/5808（掲載 249 / 担当者名 41）
[2026-07-01T00:01:25.597Z]   460/5808（掲載 249 / 担当者名 41）
[2026-07-01T00:01:25.599Z]   465/5808（掲載 249 / 担当者名 41）
[2026-07-01T00:01:25.602Z]   470/5808（掲載 249 / 担当者名 41）
[2026-07-01T00:01:25.604Z]   475/5808（掲載 249 / 担当者名 41）
[2026-07-01T00:01:25.606Z]   480/5808（掲載 249 / 担当者名 41）
[2026-07-01T00:01:25.608Z]   485/5808（掲載 249 / 担当者名 41）
[2026-07-01T00:01:25.611Z]   490/5808（掲載 249 / 担当者名 41）
[2026-07-01T00:01:25.613Z]   495/5808（掲載 249 / 担当者名 41）
[2026-07-01T00:01:25.615Z]   500/5808（掲載 249 / 担当者名 41）
[2026-07-01T00:01:25.618Z]   505/5808（掲載 249 / 担当者名 41）
[2026-07-01T00:01:25.621Z]   510/5808（掲載 249 / 担当者名 41）
[2026-07-01T00:01:25.623Z]   515/5808（掲載 249 / 担当者名 41）
[2026-07-01T00:01:25.626Z]   520/5808（掲載 249 / 担当者名 41）
[2026-07-01T00:01:25.628Z]   525/5808（掲載 249 / 担当者名 41）
[2026-07-01T00:01:25.631Z]   530/5808（掲載 249 / 担当者名 41）
[2026-07-01T00:01:25.633Z]   535/5808（掲載 249 / 担当者名 41）
[2026-07-01T00:01:25.636Z]   540/5808（掲載 249 / 担当者名 41）
[2026-07-01T00:01:25.638Z]   545/5808（掲載 249 / 担当者名 41）
[2026-07-01T00:01:25.640Z]   550/5808（掲載 249 / 担当者名 41）
[2026-07-01T00:01:25.643Z]   555/5808（掲載 249 / 担当者名 41）
[2026-07-01T00:01:25.646Z]   560/5808（掲載 249 / 担当者名 41）
[2026-07-01T00:01:25.650Z]   565/5808（掲載 249 / 担当者名 41）
[2026-07-01T00:01:25.654Z]   570/5808（掲載 249 / 担当者名 41）
[2026-07-01T00:01:25.657Z]   575/5808（掲載 249 / 担当者名 41）
[2026-07-01T00:01:25.659Z]   580/5808（掲載 249 / 担当者名 41）
[2026-07-01T00:01:25.661Z]   585/5808（掲載 249 / 担当者名 41）
[2026-07-01T00:01:25.664Z]   590/5808（掲載 249 / 担当者名 41）
[2026-07-01T00:01:25.667Z]   595/5808（掲載 249 / 担当者名 41）
[2026-07-01T00:01:25.670Z]   600/5808（掲載 249 / 担当者名 41）
[2026-07-01T00:01:25.673Z]   605/5808（掲載 249 / 担当者名 41）
[2026-07-01T00:01:25.675Z]   610/5808（掲載 249 / 担当者名 41）
[2026-07-01T00:01:25.678Z]   615/5808（掲載 249 / 担当者名 41）
[2026-07-01T00:01:25.680Z]   620/5808（掲載 249 / 担当者名 41）
[2026-07-01T00:01:25.683Z]   625/5808（掲載 249 / 担当者名 41）
[2026-07-01T00:01:25.686Z]   630/5808（掲載 249 / 担当者名 41）
[2026-07-01T00:01:25.689Z]   635/5808（掲載 249 / 担当者名 41）
[2026-07-01T00:01:25.691Z]   640/5808（掲載 249 / 担当者名 41）
[2026-07-01T00:01:25.694Z]   645/5808（掲載 249 / 担当者名 41）
[2026-07-01T00:01:25.696Z]   650/5808（掲載 249 / 担当者名 41）
[2026-07-01T00:01:25.699Z]   655/5808（掲載 249 / 担当者名 41）
[2026-07-01T00:01:25.702Z]   660/5808（掲載 249 / 担当者名 41）
[2026-07-01T00:01:25.704Z]   665/5808（掲載 249 / 担当者名 41）
[2026-07-01T00:01:25.707Z]   670/5808（掲載 249 / 担当者名 41）
[2026-07-01T00:01:25.709Z]   675/5808（掲載 249 / 担当者名 41）
[2026-07-01T00:01:25.712Z]   680/5808（掲載 249 / 担当者名 41）
[2026-07-01T00:01:25.714Z]   685/5808（掲載 249 / 担当者名 41）
[2026-07-01T00:01:25.717Z]   690/5808（掲載 249 / 担当者名 41）
[2026-07-01T00:01:25.720Z]   695/5808（掲載 249 / 担当者名 41）
[2026-07-01T00:01:25.722Z]   700/5808（掲載 249 / 担当者名 41）
[2026-07-01T00:01:25.725Z]   705/5808（掲載 249 / 担当者名 41）
[2026-07-01T00:01:25.727Z]   710/5808（掲載 249 / 担当者名 41）
[2026-07-01T00:01:25.730Z]   715/5808（掲載 249 / 担当者名 41）
[2026-07-01T00:01:25.734Z]   720/5808（掲載 249 / 担当者名 41）
[2026-07-01T00:01:25.736Z]   725/5808（掲載 249 / 担当者名 41）
[2026-07-01T00:01:25.739Z]   730/5808（掲載 249 / 担当者名 41）
[2026-07-01T00:01:25.742Z]   735/5808（掲載 249 / 担当者名 41）
[2026-07-01T00:01:25.744Z]   740/5808（掲載 249 / 担当者名 41）
[2026-07-01T00:01:25.747Z]   745/5808（掲載 249 / 担当者名 41）
[2026-07-01T00:01:25.750Z]   750/5808（掲載 249 / 担当者名 41）
[2026-07-01T00:01:25.753Z]   755/5808（掲載 249 / 担当者名 41）
[2026-07-01T00:01:25.756Z]   760/5808（掲載 249 / 担当者名 41）
[2026-07-01T00:01:25.759Z]   765/5808（掲載 249 / 担当者名 41）
[2026-07-01T00:01:25.762Z]   770/5808（掲載 249 / 担当者名 41）
[2026-07-01T00:01:25.764Z]   775/5808（掲載 249 / 担当者名 41）
[2026-07-01T00:01:25.768Z]   780/5808（掲載 249 / 担当者名 41）
[2026-07-01T00:01:25.771Z]   785/5808（掲載 249 / 担当者名 41）
[2026-07-01T00:01:25.774Z]   790/5808（掲載 249 / 担当者名 41）
[2026-07-01T00:01:25.776Z]   795/5808（掲載 249 / 担当者名 41）
[2026-07-01T00:01:25.779Z]   800/5808（掲載 249 / 担当者名 41）
[2026-07-01T00:01:25.783Z]   805/5808（掲載 249 / 担当者名 41）
[2026-07-01T00:01:25.785Z]   810/5808（掲載 249 / 担当者名 41）
[2026-07-01T00:01:25.788Z]   815/5808（掲載 249 / 担当者名 41）
[2026-07-01T00:01:25.791Z]   820/5808（掲載 249 / 担当者名 41）
[2026-07-01T00:01:25.794Z]   825/5808（掲載 249 / 担当者名 41）
[2026-07-01T00:01:25.797Z]   830/5808（掲載 249 / 担当者名 41）
[2026-07-01T00:01:25.800Z]   835/5808（掲載 249 / 担当者名 41）
[2026-07-01T00:01:25.803Z]   840/5808（掲載 249 / 担当者名 41）
[2026-07-01T00:01:25.806Z]   845/5808（掲載 249 / 担当者名 41）
[2026-07-01T00:01:25.808Z]   850/5808（掲載 249 / 担当者名 41）
[2026-07-01T00:01:25.811Z]   855/5808（掲載 249 / 担当者名 41）
[2026-07-01T00:01:25.814Z]   860/5808（掲載 249 / 担当者名 41）
[2026-07-01T00:01:25.817Z]   865/5808（掲載 249 / 担当者名 41）
[2026-07-01T00:01:25.819Z]   870/5808（掲載 249 / 担当者名 41）
[2026-07-01T00:01:25.822Z]   875/5808（掲載 249 / 担当者名 41）
[2026-07-01T00:01:25.825Z]   880/5808（掲載 249 / 担当者名 41）
[2026-07-01T00:01:25.828Z]   885/5808（掲載 249 / 担当者名 41）
[2026-07-01T00:01:25.831Z]   890/5808（掲載 249 / 担当者名 41）
[2026-07-01T00:01:25.833Z]   895/5808（掲載 249 / 担当者名 41）
[2026-07-01T00:01:25.836Z]   900/5808（掲載 249 / 担当者名 41）
[2026-07-01T00:01:25.839Z]   905/5808（掲載 249 / 担当者名 41）
[2026-07-01T00:01:25.842Z]   910/5808（掲載 249 / 担当者名 41）
[2026-07-01T00:01:25.845Z]   915/5808（掲載 249 / 担当者名 41）
[2026-07-01T00:01:25.847Z]   920/5808（掲載 249 / 担当者名 41）
[2026-07-01T00:01:25.850Z]   925/5808（掲載 249 / 担当者名 41）
[2026-07-01T00:01:25.853Z]   930/5808（掲載 249 / 担当者名 41）
[2026-07-01T00:01:25.856Z]   935/5808（掲載 249 / 担当者名 41）
[2026-07-01T00:01:25.859Z]   940/5808（掲載 249 / 担当者名 41）
[2026-07-01T00:01:25.861Z]   945/5808（掲載 249 / 担当者名 41）
[2026-07-01T00:01:25.864Z]   950/5808（掲載 249 / 担当者名 41）
[2026-07-01T00:01:25.867Z]   955/5808（掲載 249 / 担当者名 41）
[2026-07-01T00:01:25.870Z]   960/5808（掲載 249 / 担当者名 41）
[2026-07-01T00:01:25.873Z]   965/5808（掲載 249 / 担当者名 41）
[2026-07-01T00:01:25.876Z]   970/5808（掲載 249 / 担当者名 41）
[2026-07-01T00:01:25.879Z]   975/5808（掲載 249 / 担当者名 41）
[2026-07-01T00:01:25.882Z]   980/5808（掲載 249 / 担当者名 41）
[2026-07-01T00:01:25.885Z]   985/5808（掲載 249 / 担当者名 41）
[2026-07-01T00:01:25.888Z]   990/5808（掲載 249 / 担当者名 41）
[2026-07-01T00:01:25.891Z]   995/5808（掲載 249 / 担当者名 41）
[2026-07-01T00:01:25.894Z]   1000/5808（掲載 249 / 担当者名 41）
[2026-07-01T00:01:25.897Z]   1005/5808（掲載 249 / 担当者名 41）
[2026-07-01T00:01:25.900Z]   1010/5808（掲載 249 / 担当者名 41）
[2026-07-01T00:01:25.903Z]   1015/5808（掲載 249 / 担当者名 41）
[2026-07-01T00:01:25.906Z]   1020/5808（掲載 249 / 担当者名 41）
[2026-07-01T00:01:25.909Z]   1025/5808（掲載 249 / 担当者名 41）
[2026-07-01T00:01:25.912Z]   1030/5808（掲載 249 / 担当者名 41）
[2026-07-01T00:01:25.915Z]   1035/5808（掲載 249 / 担当者名 41）
[2026-07-01T00:01:25.918Z]   1040/5808（掲載 249 / 担当者名 41）
[2026-07-01T00:01:25.921Z]   1045/5808（掲載 249 / 担当者名 41）
[2026-07-01T00:01:25.929Z]   1050/5808（掲載 249 / 担当者名 41）
[2026-07-01T00:01:25.934Z]   1055/5808（掲載 249 / 担当者名 41）
[2026-07-01T00:01:25.937Z]   1060/5808（掲載 249 / 担当者名 41）
[2026-07-01T00:01:25.940Z]   1065/5808（掲載 249 / 担当者名 41）
[2026-07-01T00:01:25.943Z]   1070/5808（掲載 249 / 担当者名 41）
[2026-07-01T00:01:25.947Z]   1075/5808（掲載 249 / 担当者名 41）
[2026-07-01T00:01:25.950Z]   1080/5808（掲載 249 / 担当者名 41）
[2026-07-01T00:01:25.956Z]   1085/5808（掲載 249 / 担当者名 41）
[2026-07-01T00:01:25.959Z]   1090/5808（掲載 249 / 担当者名 41）
[2026-07-01T00:01:25.963Z]   1095/5808（掲載 249 / 担当者名 41）
[2026-07-01T00:01:25.966Z]   1100/5808（掲載 249 / 担当者名 41）
[2026-07-01T00:01:25.981Z]   1105/5808（掲載 249 / 担当者名 41）
[2026-07-01T00:01:26.006Z]   1110/5808（掲載 249 / 担当者名 41）
[2026-07-01T00:01:26.010Z]   1115/5808（掲載 249 / 担当者名 41）
[2026-07-01T00:01:26.014Z]   1120/5808（掲載 249 / 担当者名 41）
[2026-07-01T00:01:26.017Z]   1125/5808（掲載 249 / 担当者名 41）
[2026-07-01T00:01:26.020Z]   1130/5808（掲載 249 / 担当者名 41）
[2026-07-01T00:01:26.023Z]   1135/5808（掲載 249 / 担当者名 41）
[2026-07-01T00:01:26.027Z]   1140/5808（掲載 249 / 担当者名 41）
[2026-07-01T00:01:26.030Z]   1145/5808（掲載 249 / 担当者名 41）
[2026-07-01T00:01:26.033Z]   1150/5808（掲載 249 / 担当者名 41）
[2026-07-01T00:01:26.036Z]   1155/5808（掲載 249 / 担当者名 41）
[2026-07-01T00:01:26.039Z]   1160/5808（掲載 249 / 担当者名 41）
[2026-07-01T00:01:26.042Z]   1165/5808（掲載 249 / 担当者名 41）
[2026-07-01T00:01:26.045Z]   1170/5808（掲載 249 / 担当者名 41）
[2026-07-01T00:01:26.049Z]   1175/5808（掲載 249 / 担当者名 41）
[2026-07-01T00:01:26.052Z]   1180/5808（掲載 249 / 担当者名 41）
[2026-07-01T00:01:26.056Z]   1185/5808（掲載 249 / 担当者名 41）
[2026-07-01T00:01:26.059Z]   1190/5808（掲載 249 / 担当者名 41）
[2026-07-01T00:01:26.062Z]   1195/5808（掲載 249 / 担当者名 41）
[2026-07-01T00:01:26.066Z]   1200/5808（掲載 249 / 担当者名 41）
[2026-07-01T00:01:26.068Z]   1205/5808（掲載 249 / 担当者名 41）
[2026-07-01T00:01:26.072Z]   1210/5808（掲載 249 / 担当者名 41）
[2026-07-01T00:01:26.074Z]   1215/5808（掲載 249 / 担当者名 41）
[2026-07-01T00:01:26.078Z]   1220/5808（掲載 249 / 担当者名 41）
[2026-07-01T00:01:26.081Z]   1225/5808（掲載 249 / 担当者名 41）
[2026-07-01T00:01:26.084Z]   1230/5808（掲載 249 / 担当者名 41）
[2026-07-01T00:01:26.087Z]   1235/5808（掲載 249 / 担当者名 41）
[2026-07-01T00:01:26.090Z]   1240/5808（掲載 249 / 担当者名 41）
[2026-07-01T00:01:26.093Z]   1245/5808（掲載 249 / 担当者名 41）
[2026-07-01T00:01:26.096Z]   1250/5808（掲載 249 / 担当者名 41）
[2026-07-01T00:01:26.099Z]   1255/5808（掲載 249 / 担当者名 41）
[2026-07-01T00:01:26.103Z]   1260/5808（掲載 249 / 担当者名 41）
[2026-07-01T00:01:26.117Z]   1265/5808（掲載 249 / 担当者名 41）
[2026-07-01T00:01:26.120Z]   1270/5808（掲載 249 / 担当者名 41）
[2026-07-01T00:01:26.123Z]   1275/5808（掲載 249 / 担当者名 41）
[2026-07-01T00:01:26.127Z]   1280/5808（掲載 249 / 担当者名 41）
[2026-07-01T00:01:26.130Z]   1285/5808（掲載 249 / 担当者名 41）
[2026-07-01T00:01:26.134Z]   1290/5808（掲載 249 / 担当者名 41）
[2026-07-01T00:01:26.137Z]   1295/5808（掲載 249 / 担当者名 41）
[2026-07-01T00:01:26.141Z]   1300/5808（掲載 249 / 担当者名 41）
[2026-07-01T00:01:26.144Z]   1305/5808（掲載 249 / 担当者名 41）
[2026-07-01T00:01:26.147Z]   1310/5808（掲載 249 / 担当者名 41）
[2026-07-01T00:01:26.150Z]   1315/5808（掲載 249 / 担当者名 41）
[2026-07-01T00:01:26.154Z]   1320/5808（掲載 249 / 担当者名 41）
[2026-07-01T00:01:26.157Z]   1325/5808（掲載 249 / 担当者名 41）
[2026-07-01T00:01:26.187Z]   1330/5808（掲載 249 / 担当者名 41）
[2026-07-01T00:01:26.191Z]   1335/5808（掲載 249 / 担当者名 41）
[2026-07-01T00:01:26.195Z]   1340/5808（掲載 249 / 担当者名 41）
[2026-07-01T00:01:26.215Z]   1345/5808（掲載 249 / 担当者名 41）
[2026-07-01T00:01:26.218Z]   1350/5808（掲載 249 / 担当者名 41）
[2026-07-01T00:01:26.222Z]   1355/5808（掲載 249 / 担当者名 41）
[2026-07-01T00:01:26.226Z]   1360/5808（掲載 249 / 担当者名 41）
[2026-07-01T00:01:26.229Z]   1365/5808（掲載 249 / 担当者名 41）
[2026-07-01T00:01:26.233Z]   1370/5808（掲載 249 / 担当者名 41）
[2026-07-01T00:01:26.236Z]   1375/5808（掲載 249 / 担当者名 41）
[2026-07-01T00:01:26.239Z]   1380/5808（掲載 249 / 担当者名 41）
[2026-07-01T00:01:26.243Z]   1385/5808（掲載 249 / 担当者名 41）
[2026-07-01T00:01:26.246Z]   1390/5808（掲載 249 / 担当者名 41）
[2026-07-01T00:01:26.249Z]   1395/5808（掲載 249 / 担当者名 41）
[2026-07-01T00:01:26.252Z]   1400/5808（掲載 249 / 担当者名 41）
[2026-07-01T00:01:26.256Z]   1405/5808（掲載 249 / 担当者名 41）
[2026-07-01T00:01:26.259Z]   1410/5808（掲載 249 / 担当者名 41）
[2026-07-01T00:01:26.263Z]   1415/5808（掲載 249 / 担当者名 41）
[2026-07-01T00:01:26.266Z]   1420/5808（掲載 249 / 担当者名 41）
[2026-07-01T00:01:26.269Z]   1425/5808（掲載 249 / 担当者名 41）
[2026-07-01T00:01:26.272Z]   1430/5808（掲載 249 / 担当者名 41）
[2026-07-01T00:01:26.276Z]   1435/5808（掲載 249 / 担当者名 41）
[2026-07-01T00:01:26.282Z]   1440/5808（掲載 249 / 担当者名 41）
[2026-07-01T00:01:26.285Z]   1445/5808（掲載 249 / 担当者名 41）
[2026-07-01T00:01:26.289Z]   1450/5808（掲載 249 / 担当者名 41）
[2026-07-01T00:01:26.292Z]   1455/5808（掲載 249 / 担当者名 41）
[2026-07-01T00:01:26.295Z]   1460/5808（掲載 249 / 担当者名 41）
[2026-07-01T00:01:26.298Z]   1465/5808（掲載 249 / 担当者名 41）
[2026-07-01T00:01:26.302Z]   1470/5808（掲載 249 / 担当者名 41）
[2026-07-01T00:01:26.305Z]   1475/5808（掲載 249 / 担当者名 41）
[2026-07-01T00:01:26.308Z]   1480/5808（掲載 249 / 担当者名 41）
[2026-07-01T00:01:26.312Z]   1485/5808（掲載 249 / 担当者名 41）
[2026-07-01T00:01:26.316Z]   1490/5808（掲載 249 / 担当者名 41）
[2026-07-01T00:01:26.320Z]   1495/5808（掲載 249 / 担当者名 41）
[2026-07-01T00:01:26.324Z]   1500/5808（掲載 249 / 担当者名 41）
[2026-07-01T00:01:26.328Z]   1505/5808（掲載 249 / 担当者名 41）
[2026-07-01T00:01:26.331Z]   1510/5808（掲載 249 / 担当者名 41）
[2026-07-01T00:01:26.335Z]   1515/5808（掲載 249 / 担当者名 41）
[2026-07-01T00:01:26.339Z]   1520/5808（掲載 249 / 担当者名 41）
[2026-07-01T00:01:26.342Z]   1525/5808（掲載 249 / 担当者名 41）
[2026-07-01T00:01:26.346Z]   1530/5808（掲載 249 / 担当者名 41）
[2026-07-01T00:01:26.370Z]   1535/5808（掲載 249 / 担当者名 41）
[2026-07-01T00:01:26.374Z]   1540/5808（掲載 249 / 担当者名 41）
[2026-07-01T00:01:26.378Z]   1545/5808（掲載 249 / 担当者名 41）
[2026-07-01T00:01:26.381Z]   1550/5808（掲載 249 / 担当者名 41）
[2026-07-01T00:01:26.385Z]   1555/5808（掲載 249 / 担当者名 41）
[2026-07-01T00:01:26.388Z]   1560/5808（掲載 249 / 担当者名 41）
[2026-07-01T00:01:26.391Z]   1565/5808（掲載 249 / 担当者名 41）
[2026-07-01T00:01:26.395Z]   1570/5808（掲載 249 / 担当者名 41）
[2026-07-01T00:01:26.399Z]   1575/5808（掲載 249 / 担当者名 41）
[2026-07-01T00:01:26.402Z]   1580/5808（掲載 249 / 担当者名 41）
[2026-07-01T00:01:26.406Z]   1585/5808（掲載 249 / 担当者名 41）
[2026-07-01T00:01:26.409Z]   1590/5808（掲載 249 / 担当者名 41）
[2026-07-01T00:01:26.413Z]   1595/5808（掲載 249 / 担当者名 41）
[2026-07-01T00:01:26.417Z]   1600/5808（掲載 249 / 担当者名 41）
[2026-07-01T00:01:26.420Z]   1605/5808（掲載 249 / 担当者名 41）
[2026-07-01T00:01:26.423Z]   1610/5808（掲載 249 / 担当者名 41）
[2026-07-01T00:01:26.426Z]   1615/5808（掲載 249 / 担当者名 41）
[2026-07-01T00:01:26.430Z]   1620/5808（掲載 249 / 担当者名 41）
[2026-07-01T00:01:26.433Z]   1625/5808（掲載 249 / 担当者名 41）
[2026-07-01T00:01:26.437Z]   1630/5808（掲載 249 / 担当者名 41）
[2026-07-01T00:01:26.440Z]   1635/5808（掲載 249 / 担当者名 41）
[2026-07-01T00:01:26.444Z]   1640/5808（掲載 249 / 担当者名 41）
[2026-07-01T00:01:26.447Z]   1645/5808（掲載 249 / 担当者名 41）
[2026-07-01T00:01:26.451Z]   1650/5808（掲載 249 / 担当者名 41）
[2026-07-01T00:01:26.454Z]   1655/5808（掲載 249 / 担当者名 41）
[2026-07-01T00:01:26.458Z]   1660/5808（掲載 249 / 担当者名 41）
[2026-07-01T00:01:26.461Z]   1665/5808（掲載 249 / 担当者名 41）
[2026-07-01T00:01:26.465Z]   1670/5808（掲載 249 / 担当者名 41）
[2026-07-01T00:01:26.468Z]   1675/5808（掲載 249 / 担当者名 41）
[2026-07-01T00:01:26.472Z]   1680/5808（掲載 249 / 担当者名 41）
[2026-07-01T00:01:26.475Z]   1685/5808（掲載 249 / 担当者名 41）
[2026-07-01T00:01:26.479Z]   1690/5808（掲載 249 / 担当者名 41）
[2026-07-01T00:01:26.482Z]   1695/5808（掲載 249 / 担当者名 41）
[2026-07-01T00:01:26.485Z]   1700/5808（掲載 249 / 担当者名 41）
[2026-07-01T00:01:26.506Z]   1705/5808（掲載 249 / 担当者名 41）
[2026-07-01T00:01:26.510Z]   1710/5808（掲載 249 / 担当者名 41）
[2026-07-01T00:01:26.532Z]   1715/5808（掲載 249 / 担当者名 41）
[2026-07-01T00:01:26.536Z]   1720/5808（掲載 249 / 担当者名 41）
[2026-07-01T00:01:26.540Z]   1725/5808（掲載 249 / 担当者名 41）
[2026-07-01T00:01:26.544Z]   1730/5808（掲載 249 / 担当者名 41）
[2026-07-01T00:01:26.548Z]   1735/5808（掲載 249 / 担当者名 41）
[2026-07-01T00:01:26.559Z]   1740/5808（掲載 249 / 担当者名 41）
[2026-07-01T00:01:26.563Z]   1745/5808（掲載 249 / 担当者名 41）
[2026-07-01T00:01:26.567Z]   1750/5808（掲載 249 / 担当者名 41）
[2026-07-01T00:01:26.571Z]   1755/5808（掲載 249 / 担当者名 41）
[2026-07-01T00:01:26.575Z]   1760/5808（掲載 249 / 担当者名 41）
[2026-07-01T00:01:26.579Z]   1765/5808（掲載 249 / 担当者名 41）
[2026-07-01T00:01:26.583Z]   1770/5808（掲載 249 / 担当者名 41）
[2026-07-01T00:01:26.586Z]   1775/5808（掲載 249 / 担当者名 41）
[2026-07-01T00:01:26.590Z]   1780/5808（掲載 249 / 担当者名 41）
[2026-07-01T00:01:26.594Z]   1785/5808（掲載 249 / 担当者名 41）
[2026-07-01T00:01:26.598Z]   1790/5808（掲載 249 / 担当者名 41）
[2026-07-01T00:01:26.602Z]   1795/5808（掲載 249 / 担当者名 41）
[2026-07-01T00:01:26.606Z]   1800/5808（掲載 249 / 担当者名 41）
[2026-07-01T00:01:26.611Z]   1805/5808（掲載 249 / 担当者名 41）
[2026-07-01T00:01:26.615Z]   1810/5808（掲載 249 / 担当者名 41）
[2026-07-01T00:01:26.619Z]   1815/5808（掲載 249 / 担当者名 41）
[2026-07-01T00:01:26.622Z]   1820/5808（掲載 249 / 担当者名 41）
[2026-07-01T00:01:26.626Z]   1825/5808（掲載 249 / 担当者名 41）
[2026-07-01T00:01:26.630Z]   1830/5808（掲載 249 / 担当者名 41）
[2026-07-01T00:01:26.634Z]   1835/5808（掲載 249 / 担当者名 41）
[2026-07-01T00:01:26.638Z]   1840/5808（掲載 249 / 担当者名 41）
[2026-07-01T00:01:26.642Z]   1845/5808（掲載 249 / 担当者名 41）
[2026-07-01T00:01:26.645Z]   1850/5808（掲載 249 / 担当者名 41）
[2026-07-01T00:01:26.650Z]   1855/5808（掲載 249 / 担当者名 41）
[2026-07-01T00:01:26.653Z]   1860/5808（掲載 249 / 担当者名 41）
[2026-07-01T00:01:26.657Z]   1865/5808（掲載 249 / 担当者名 41）
[2026-07-01T00:01:26.660Z]   1870/5808（掲載 249 / 担当者名 41）
[2026-07-01T00:01:26.664Z]   1875/5808（掲載 249 / 担当者名 41）
[2026-07-01T00:01:26.668Z]   1880/5808（掲載 249 / 担当者名 41）
[2026-07-01T00:01:26.672Z]   1885/5808（掲載 249 / 担当者名 41）
[2026-07-01T00:01:26.703Z]   1890/5808（掲載 249 / 担当者名 41）
[2026-07-01T00:01:26.707Z]   1895/5808（掲載 249 / 担当者名 41）
[2026-07-01T00:01:26.712Z]   1900/5808（掲載 249 / 担当者名 41）
[2026-07-01T00:01:26.716Z]   1905/5808（掲載 249 / 担当者名 41）
[2026-07-01T00:01:26.720Z]   1910/5808（掲載 249 / 担当者名 41）
[2026-07-01T00:01:26.725Z]   1915/5808（掲載 249 / 担当者名 41）
[2026-07-01T00:01:26.729Z]   1920/5808（掲載 249 / 担当者名 41）
[2026-07-01T00:01:26.732Z]   1925/5808（掲載 249 / 担当者名 41）
[2026-07-01T00:01:26.737Z]   1930/5808（掲載 249 / 担当者名 41）
[2026-07-01T00:01:26.740Z]   1935/5808（掲載 249 / 担当者名 41）
[2026-07-01T00:01:26.744Z]   1940/5808（掲載 249 / 担当者名 41）
[2026-07-01T00:01:26.748Z]   1945/5808（掲載 249 / 担当者名 41）
[2026-07-01T00:01:26.752Z]   1950/5808（掲載 249 / 担当者名 41）
[2026-07-01T00:01:26.756Z]   1955/5808（掲載 249 / 担当者名 41）
[2026-07-01T00:01:26.760Z]   1960/5808（掲載 249 / 担当者名 41）
[2026-07-01T00:01:26.764Z]   1965/5808（掲載 249 / 担当者名 41）
[2026-07-01T00:01:26.768Z]   1970/5808（掲載 249 / 担当者名 41）
[2026-07-01T00:01:26.772Z]   1975/5808（掲載 249 / 担当者名 41）
[2026-07-01T00:01:26.775Z]   1980/5808（掲載 249 / 担当者名 41）
[2026-07-01T00:01:26.779Z]   1985/5808（掲載 249 / 担当者名 41）
[2026-07-01T00:01:26.783Z]   1990/5808（掲載 249 / 担当者名 41）
[2026-07-01T00:01:26.786Z]   1995/5808（掲載 249 / 担当者名 41）
[2026-07-01T00:01:26.790Z]   2000/5808（掲載 249 / 担当者名 41）
[2026-07-01T00:01:26.794Z]   2005/5808（掲載 249 / 担当者名 41）
[2026-07-01T00:01:26.797Z]   2010/5808（掲載 249 / 担当者名 41）
[2026-07-01T00:01:26.802Z]   2015/5808（掲載 249 / 担当者名 41）
[2026-07-01T00:01:26.806Z]   2020/5808（掲載 249 / 担当者名 41）
[2026-07-01T00:01:26.810Z]   2025/5808（掲載 249 / 担当者名 41）
[2026-07-01T00:01:26.814Z]   2030/5808（掲載 249 / 担当者名 41）
[2026-07-01T00:01:26.818Z]   2035/5808（掲載 249 / 担当者名 41）
[2026-07-01T00:01:26.823Z]   2040/5808（掲載 249 / 担当者名 41）
[2026-07-01T00:01:26.827Z]   2045/5808（掲載 249 / 担当者名 41）
[2026-07-01T00:01:26.830Z]   2050/5808（掲載 249 / 担当者名 41）
[2026-07-01T00:01:26.835Z]   2055/5808（掲載 249 / 担当者名 41）
[2026-07-01T00:01:26.838Z]   2060/5808（掲載 249 / 担当者名 41）
[2026-07-01T00:01:26.843Z]   2065/5808（掲載 249 / 担当者名 41）
[2026-07-01T00:01:26.846Z]   2070/5808（掲載 249 / 担当者名 41）
[2026-07-01T00:01:26.850Z]   2075/5808（掲載 249 / 担当者名 41）
[2026-07-01T00:01:26.855Z]   2080/5808（掲載 249 / 担当者名 41）
[2026-07-01T00:01:26.859Z]   2085/5808（掲載 249 / 担当者名 41）
[2026-07-01T00:01:26.863Z]   2090/5808（掲載 249 / 担当者名 41）
[2026-07-01T00:01:26.867Z]   2095/5808（掲載 249 / 担当者名 41）
[2026-07-01T00:01:26.871Z]   2100/5808（掲載 249 / 担当者名 41）
[2026-07-01T00:01:26.875Z]   2105/5808（掲載 249 / 担当者名 41）
[2026-07-01T00:01:26.899Z]   2110/5808（掲載 249 / 担当者名 41）
[2026-07-01T00:01:26.904Z]   2115/5808（掲載 249 / 担当者名 41）
[2026-07-01T00:01:26.908Z]   2120/5808（掲載 249 / 担当者名 41）
[2026-07-01T00:01:26.913Z]   2125/5808（掲載 249 / 担当者名 41）
[2026-07-01T00:01:26.917Z]   2130/5808（掲載 249 / 担当者名 41）
[2026-07-01T00:01:26.921Z]   2135/5808（掲載 249 / 担当者名 41）
[2026-07-01T00:01:26.925Z]   2140/5808（掲載 249 / 担当者名 41）
[2026-07-01T00:01:26.929Z]   2145/5808（掲載 249 / 担当者名 41）
[2026-07-01T00:01:26.933Z]   2150/5808（掲載 249 / 担当者名 41）
[2026-07-01T00:01:26.937Z]   2155/5808（掲載 249 / 担当者名 41）
[2026-07-01T00:01:26.942Z]   2160/5808（掲載 249 / 担当者名 41）
[2026-07-01T00:01:26.946Z]   2165/5808（掲載 249 / 担当者名 41）
[2026-07-01T00:01:26.949Z]   2170/5808（掲載 249 / 担当者名 41）
[2026-07-01T00:01:26.953Z]   2175/5808（掲載 249 / 担当者名 41）
[2026-07-01T00:01:26.956Z]   2180/5808（掲載 249 / 担当者名 41）
[2026-07-01T00:01:26.961Z]   2185/5808（掲載 249 / 担当者名 41）
[2026-07-01T00:01:26.965Z]   2190/5808（掲載 249 / 担当者名 41）
[2026-07-01T00:01:26.969Z]   2195/5808（掲載 249 / 担当者名 41）
[2026-07-01T00:01:26.972Z]   2200/5808（掲載 249 / 担当者名 41）
[2026-07-01T00:01:26.976Z]   2205/5808（掲載 249 / 担当者名 41）
[2026-07-01T00:01:26.980Z]   2210/5808（掲載 249 / 担当者名 41）
[2026-07-01T00:01:26.984Z]   2215/5808（掲載 249 / 担当者名 41）
[2026-07-01T00:01:27.009Z]   2220/5808（掲載 249 / 担当者名 41）
[2026-07-01T00:01:27.014Z]   2225/5808（掲載 249 / 担当者名 41）
FATAL Error: EPERM: operation not permitted, rename 'C:\Users\shofu\Desktop\saiyo_tantousha_poc\poc\sources\A-mynavi-public.csv.tmp' -> 'C:\Users\shofu\Desktop\saiyo_tantousha_poc\poc\sources\A-mynavi-public.csv'
    at Object.renameSync (node:fs:1032:11)
    at flush (C:\Users\shofu\Desktop\saiyo_tantousha_poc\poc\src\build-mynavi-names.js:61:101)
    at run (C:\Users\shofu\Desktop\saiyo_tantousha_poc\poc\src\build-mynavi-names.js:79:9)
