対象 483社（公式URLあり・未処理）｜既処理 0社・既HIT 0件｜並列4｜採用ページ特化・正規表現（API不要）
  …20/483（累計HIT 0）
  …40/483（累計HIT 0）
  …60/483（累計HIT 0）
  …80/483（累計HIT 0）
  ✓ 株式会社端野メディカル → 竹内（採用・regex・確度0.82）
  …100/483（累計HIT 1）
  …120/483（累計HIT 1）
  …140/483（累計HIT 1）
  …160/483（累計HIT 1）
  …180/483（累計HIT 1）
  …200/483（累計HIT 1）
  …220/483（累計HIT 1）
  …240/483（累計HIT 1）
  …260/483（累計HIT 1）
  …280/483（累計HIT 1）
  …300/483（累計HIT 1）
  …320/483（累計HIT 1）
  …340/483（累計HIT 1）
  …360/483（累計HIT 1）
  …380/483（累計HIT 1）
  ✓ 株式会社ＫＩＳ → 大塚（採用担当・regex・確度0.82）
  …400/483（累計HIT 2）
  …420/483（累計HIT 2）
  …440/483（累計HIT 2）
  …460/483（累計HIT 2）
  …480/483（累計HIT 2）

===== 完了 ｜ 累計HIT 2/483社（歩留まり 0.4%）｜1845秒 =====
出力: C:\Users\shofu\Desktop\saiyo_tantousha_poc\poc\data\recruiter-fresh.csv
