[2026-06-14T08:48:15.131Z] ===== 1000件フル取得ジョブ開始（target=1000, concurrency=6）=====
[2026-06-14T08:48:15.133Z] 発掘開始: 目標 1000社 / クエリ 405本
[2026-06-14T08:48:24.139Z]   「東京 IT 企業」 +60（累計 60/1000）
[2026-06-14T08:48:50.613Z]   「東京 SaaS 企業」 +2（累計 62/1000）
[2026-06-14T08:49:17.284Z]   「東京 システム開発 企業」 +0（累計 62/1000）
[2026-06-14T08:49:43.767Z]   「東京 Web制作 企業」 +0（累計 62/1000）
[2026-06-14T08:50:10.397Z]   「東京 製造 企業」 +0（累計 62/1000）
[2026-06-14T08:50:36.708Z]   「東京 メーカー 企業」 +0（累計 62/1000）
[2026-06-14T08:51:03.806Z]   「東京 機械 企業」 +0（累計 62/1000）
[2026-06-14T08:51:30.185Z]   「東京 電子部品 企業」 +0（累計 62/1000）
[2026-06-14T08:51:56.664Z]   「東京 建設 企業」 +0（累計 62/1000）
[2026-06-14T08:52:22.964Z]   「東京 不動産 企業」 +0（累計 62/1000）
[2026-06-14T08:52:49.964Z]   「東京 人材 企業」 +0（累計 62/1000）
[2026-06-14T08:53:21.909Z]   「東京 広告 企業」 +0（累計 62/1000）
[2026-06-14T08:53:48.465Z]   「東京 物流 企業」 +0（累計 62/1000）
[2026-06-14T08:54:15.271Z]   「東京 商社 企業」 +0（累計 62/1000）
[2026-06-14T08:54:41.587Z]   「東京 小売 企業」 +0（累計 62/1000）
[2026-06-14T08:55:08.453Z]   「東京 飲食 企業」 +0（累計 62/1000）
[2026-06-14T08:55:35.111Z]   「東京 食品 企業」 +0（累計 62/1000）
[2026-06-14T08:56:01.417Z]   「東京 医療機器 企業」 +0（累計 62/1000）
[2026-06-14T08:56:28.208Z]   「東京 介護 企業」 +0（累計 62/1000）
[2026-06-14T08:56:54.938Z]   「東京 教育 企業」 +0（累計 62/1000）
[2026-06-14T08:57:21.711Z]   「東京 コンサルティング 企業」 +0（累計 62/1000）
[2026-06-14T08:57:48.122Z]   「東京 金融 企業」 +0（累計 62/1000）
[2026-06-14T08:58:20.930Z]   「東京 アパレル 企業」 +0（累計 62/1000）
[2026-06-14T08:58:47.329Z]   「東京 印刷 企業」 +0（累計 62/1000）
[2026-06-14T08:59:13.463Z]   「東京 運輸 企業」 +0（累計 62/1000）
[2026-06-14T08:59:39.817Z]   「東京 化学 企業」 +0（累計 62/1000）
[2026-06-14T09:00:06.539Z]   「東京 環境 企業」 +0（累計 62/1000）
[2026-06-14T09:00:11.905Z]   「大阪 IT 企業」 +59（累計 121/1000）
[2026-06-14T09:00:50.440Z]   「大阪 SaaS 企業」 +0（累計 121/1000）
[2026-06-14T09:01:29.234Z]   「大阪 システム開発 企業」 +0（累計 121/1000）
[2026-06-14T09:02:08.877Z]   「大阪 Web制作 企業」 +0（累計 121/1000）
[2026-06-14T09:03:31.932Z]   「大阪 製造 企業」 +0（累計 121/1000）
[2026-06-14T09:03:39.865Z]   「大阪 メーカー 企業」 +59（累計 180/1000）
[2026-06-14T09:04:05.395Z]   「大阪 機械 企業」 +0（累計 180/1000）
[2026-06-14T09:04:38.499Z]   「大阪 電子部品 企業」 +0（累計 180/1000）
[2026-06-14T09:05:09.691Z]   「大阪 建設 企業」 +0（累計 180/1000）
[2026-06-14T09:05:44.752Z]   「大阪 不動産 企業」 +0（累計 180/1000）
[2026-06-14T09:06:18.946Z]   「大阪 人材 企業」 +0（累計 180/1000）
[2026-06-14T09:07:03.258Z]   「大阪 広告 企業」 +0（累計 180/1000）
[2026-06-14T09:07:44.813Z]   「大阪 物流 企業」 +2（累計 182/1000）
[2026-06-14T09:08:10.321Z]   「大阪 商社 企業」 +0（累計 182/1000）
[2026-06-14T09:09:01.222Z]   「大阪 小売 企業」 +0（累計 182/1000）
[2026-06-14T09:09:33.981Z]   「大阪 飲食 企業」 +0（累計 182/1000）
[2026-06-14T09:10:08.165Z]   「大阪 食品 企業」 +0（累計 182/1000）
[2026-06-14T09:10:40.807Z]   「大阪 医療機器 企業」 +0（累計 182/1000）
[2026-06-14T09:11:29.434Z]   「大阪 介護 企業」 +0（累計 182/1000）
[2026-06-14T09:11:58.649Z]   「大阪 教育 企業」 +0（累計 182/1000）
[2026-06-14T09:12:54.093Z]   「大阪 コンサルティング 企業」 +0（累計 182/1000）
[2026-06-14T09:13:27.121Z]   「大阪 金融 企業」 +0（累計 182/1000）
[2026-06-14T09:13:55.317Z]   「大阪 アパレル 企業」 +0（累計 182/1000）
[2026-06-14T09:14:31.133Z]   「大阪 印刷 企業」 +0（累計 182/1000）
[2026-06-14T09:15:06.419Z]   「大阪 運輸 企業」 +0（累計 182/1000）
[2026-06-14T09:15:35.736Z]   「大阪 化学 企業」 +0（累計 182/1000）
[2026-06-14T09:16:02.486Z]   「大阪 環境 企業」 +54（累計 236/1000）
[2026-06-14T09:16:28.388Z]   「名古屋 IT 企業」 +46（累計 282/1000）
[2026-06-14T09:16:54.935Z]   「名古屋 SaaS 企業」 +7（累計 289/1000）
[2026-06-14T09:17:21.036Z]   「名古屋 システム開発 企業」 +0（累計 289/1000）
[2026-06-14T09:17:50.392Z]   「名古屋 Web制作 企業」 +0（累計 289/1000）
[2026-06-14T09:18:16.936Z]   「名古屋 製造 企業」 +0（累計 289/1000）
[2026-06-14T09:18:43.218Z]   「名古屋 メーカー 企業」 +0（累計 289/1000）
[2026-06-14T09:19:09.868Z]   「名古屋 機械 企業」 +0（累計 289/1000）
[2026-06-14T09:19:47.507Z]   「名古屋 電子部品 企業」 +0（累計 289/1000）
[2026-06-14T09:20:13.908Z]   「名古屋 建設 企業」 +0（累計 289/1000）
[2026-06-14T09:20:55.232Z]   「名古屋 不動産 企業」 +0（累計 289/1000）
[2026-06-14T09:21:21.709Z]   「名古屋 人材 企業」 +0（累計 289/1000）
[2026-06-14T09:21:48.128Z]   「名古屋 広告 企業」 +0（累計 289/1000）
[2026-06-14T09:22:14.753Z]   「名古屋 物流 企業」 +0（累計 289/1000）
[2026-06-14T09:22:41.415Z]   「名古屋 商社 企業」 +0（累計 289/1000）
[2026-06-14T09:23:08.448Z]   「名古屋 小売 企業」 +0（累計 289/1000）
[2026-06-14T09:23:34.814Z]   「名古屋 飲食 企業」 +0（累計 289/1000）
[2026-06-14T09:24:01.334Z]   「名古屋 食品 企業」 +0（累計 289/1000）
[2026-06-14T09:24:27.782Z]   「名古屋 医療機器 企業」 +0（累計 289/1000）
[2026-06-14T09:24:54.536Z]   「名古屋 介護 企業」 +0（累計 289/1000）
[2026-06-14T09:25:21.038Z]   「名古屋 教育 企業」 +0（累計 289/1000）
[2026-06-14T09:25:48.230Z]   「名古屋 コンサルティング 企業」 +0（累計 289/1000）
[2026-06-14T09:26:14.752Z]   「名古屋 金融 企業」 +0（累計 289/1000）
[2026-06-14T09:26:41.786Z]   「名古屋 アパレル 企業」 +0（累計 289/1000）
[2026-06-14T09:27:08.250Z]   「名古屋 印刷 企業」 +0（累計 289/1000）
[2026-06-14T09:27:35.203Z]   「名古屋 運輸 企業」 +0（累計 289/1000）
[2026-06-14T09:28:01.461Z]   「名古屋 化学 企業」 +0（累計 289/1000）
[2026-06-14T09:28:27.993Z]   「名古屋 環境 企業」 +0（累計 289/1000）
[2026-06-14T09:28:56.640Z]   「横浜 IT 企業」 +6（累計 295/1000）
[2026-06-14T09:29:22.017Z]   「横浜 SaaS 企業」 +0（累計 295/1000）
[2026-06-14T09:29:47.692Z]   「横浜 システム開発 企業」 +0（累計 295/1000）
[2026-06-14T09:30:14.072Z]   「横浜 Web制作 企業」 +0（累計 295/1000）
[2026-06-14T09:30:40.232Z]   「横浜 製造 企業」 +0（累計 295/1000）
[2026-06-14T09:31:06.148Z]   「横浜 メーカー 企業」 +0（累計 295/1000）
[2026-06-14T09:31:32.357Z]   「横浜 機械 企業」 +0（累計 295/1000）
[2026-06-14T09:31:58.529Z]   「横浜 電子部品 企業」 +0（累計 295/1000）
[2026-06-14T09:32:26.886Z]   「横浜 建設 企業」 +0（累計 295/1000）
[2026-06-14T09:32:53.054Z]   「横浜 不動産 企業」 +0（累計 295/1000）
[2026-06-14T09:33:19.051Z]   「横浜 人材 企業」 +0（累計 295/1000）
[2026-06-14T09:33:45.114Z]   「横浜 広告 企業」 +0（累計 295/1000）
[2026-06-14T09:34:11.163Z]   「横浜 物流 企業」 +0（累計 295/1000）
[2026-06-14T09:34:39.430Z]   「横浜 商社 企業」 +0（累計 295/1000）
[2026-06-14T09:35:05.370Z]   「横浜 小売 企業」 +0（累計 295/1000）
[2026-06-14T09:35:31.711Z]   「横浜 飲食 企業」 +0（累計 295/1000）
[2026-06-14T09:35:57.738Z]   「横浜 食品 企業」 +0（累計 295/1000）
[2026-06-14T09:36:23.739Z]   「横浜 医療機器 企業」 +0（累計 295/1000）
[2026-06-14T09:36:49.432Z]   「横浜 介護 企業」 +0（累計 295/1000）
[2026-06-14T09:37:15.280Z]   「横浜 教育 企業」 +0（累計 295/1000）
[2026-06-14T09:37:40.773Z]   「横浜 コンサルティング 企業」 +0（累計 295/1000）
[2026-06-14T09:38:06.732Z]   「横浜 金融 企業」 +0（累計 295/1000）
[2026-06-14T09:38:32.485Z]   「横浜 アパレル 企業」 +0（累計 295/1000）
[2026-06-14T09:38:58.701Z]   「横浜 印刷 企業」 +0（累計 295/1000）
[2026-06-14T09:39:24.360Z]   「横浜 運輸 企業」 +0（累計 295/1000）
[2026-06-14T09:39:50.373Z]   「横浜 化学 企業」 +0（累計 295/1000）
[2026-06-14T09:40:16.240Z]   「横浜 環境 企業」 +0（累計 295/1000）
[2026-06-14T09:40:25.465Z]   「福岡 IT 企業」 +59（累計 354/1000）
[2026-06-14T09:40:53.307Z]   「福岡 SaaS 企業」 +1（累計 355/1000）
[2026-06-14T09:41:20.585Z]   「福岡 システム開発 企業」 +0（累計 355/1000）
[2026-06-14T09:41:52.166Z]   「福岡 Web制作 企業」 +0（累計 355/1000）
[2026-06-14T09:42:21.106Z]   「福岡 製造 企業」 +0（累計 355/1000）
[2026-06-14T09:42:48.758Z]   「福岡 メーカー 企業」 +0（累計 355/1000）
[2026-06-14T09:43:16.613Z]   「福岡 機械 企業」 +0（累計 355/1000）
[2026-06-14T09:43:44.080Z]   「福岡 電子部品 企業」 +0（累計 355/1000）
[2026-06-14T09:44:12.216Z]   「福岡 建設 企業」 +0（累計 355/1000）
[2026-06-14T09:44:39.768Z]   「福岡 不動産 企業」 +0（累計 355/1000）
[2026-06-14T09:45:07.816Z]   「福岡 人材 企業」 +0（累計 355/1000）
[2026-06-14T09:45:35.709Z]   「福岡 広告 企業」 +0（累計 355/1000）
[2026-06-14T09:46:05.128Z]   「福岡 物流 企業」 +0（累計 355/1000）
[2026-06-14T09:46:33.068Z]   「福岡 商社 企業」 +0（累計 355/1000）
[2026-06-14T09:47:02.137Z]   「福岡 小売 企業」 +0（累計 355/1000）
[2026-06-14T09:47:29.531Z]   「福岡 飲食 企業」 +0（累計 355/1000）
[2026-06-14T09:47:58.392Z]   「福岡 食品 企業」 +0（累計 355/1000）
[2026-06-14T09:48:26.123Z]   「福岡 医療機器 企業」 +0（累計 355/1000）
[2026-06-14T09:48:54.381Z]   「福岡 介護 企業」 +0（累計 355/1000）
[2026-06-14T09:49:21.770Z]   「福岡 教育 企業」 +0（累計 355/1000）
[2026-06-14T09:49:49.385Z]   「福岡 コンサルティング 企業」 +0（累計 355/1000）
[2026-06-14T09:50:16.732Z]   「福岡 金融 企業」 +0（累計 355/1000）
[2026-06-14T09:50:43.941Z]   「福岡 アパレル 企業」 +0（累計 355/1000）
[2026-06-14T09:51:12.226Z]   「福岡 印刷 企業」 +0（累計 355/1000）
[2026-06-14T09:51:39.580Z]   「福岡 運輸 企業」 +0（累計 355/1000）
[2026-06-14T09:52:09.549Z]   「福岡 化学 企業」 +0（累計 355/1000）
[2026-06-14T09:52:37.115Z]   「福岡 環境 企業」 +0（累計 355/1000）
[2026-06-14T09:53:03.354Z]   「札幌 IT 企業」 +0（累計 355/1000）
[2026-06-14T09:53:28.604Z]   「札幌 SaaS 企業」 +0（累計 355/1000）
[2026-06-14T09:53:53.876Z]   「札幌 システム開発 企業」 +0（累計 355/1000）
[2026-06-14T09:54:19.229Z]   「札幌 Web制作 企業」 +0（累計 355/1000）
[2026-06-14T09:54:44.519Z]   「札幌 製造 企業」 +0（累計 355/1000）
[2026-06-14T09:55:11.604Z]   「札幌 メーカー 企業」 +0（累計 355/1000）
[2026-06-14T09:55:36.923Z]   「札幌 機械 企業」 +0（累計 355/1000）
[2026-06-14T09:56:02.258Z]   「札幌 電子部品 企業」 +0（累計 355/1000）
[2026-06-14T09:56:27.512Z]   「札幌 建設 企業」 +0（累計 355/1000）
[2026-06-14T09:56:53.015Z]   「札幌 不動産 企業」 +0（累計 355/1000）
[2026-06-14T09:57:18.407Z]   「札幌 人材 企業」 +0（累計 355/1000）
[2026-06-14T09:57:44.375Z]   「札幌 広告 企業」 +0（累計 355/1000）
[2026-06-14T09:58:12.122Z]   「札幌 物流 企業」 +0（累計 355/1000）
[2026-06-14T09:58:37.477Z]   「札幌 商社 企業」 +0（累計 355/1000）
[2026-06-14T09:59:03.731Z]   「札幌 小売 企業」 +0（累計 355/1000）
[2026-06-14T09:59:28.978Z]   「札幌 飲食 企業」 +0（累計 355/1000）
[2026-06-14T09:59:54.633Z]   「札幌 食品 企業」 +0（累計 355/1000）
[2026-06-14T10:00:19.998Z]   「札幌 医療機器 企業」 +0（累計 355/1000）
[2026-06-14T10:00:47.159Z]   「札幌 介護 企業」 +0（累計 355/1000）
[2026-06-14T10:01:12.582Z]   「札幌 教育 企業」 +0（累計 355/1000）
[2026-06-14T10:01:37.927Z]   「札幌 コンサルティング 企業」 +0（累計 355/1000）
[2026-06-14T10:02:03.185Z]   「札幌 金融 企業」 +0（累計 355/1000）
[2026-06-14T10:02:29.377Z]   「札幌 アパレル 企業」 +0（累計 355/1000）
[2026-06-14T10:02:54.801Z]   「札幌 印刷 企業」 +0（累計 355/1000）
[2026-06-14T10:03:21.167Z]   「札幌 運輸 企業」 +0（累計 355/1000）
[2026-06-14T10:03:46.862Z]   「札幌 化学 企業」 +0（累計 355/1000）
[2026-06-14T10:04:12.214Z]   「札幌 環境 企業」 +0（累計 355/1000）
[2026-06-14T10:04:41.835Z]   「神戸 IT 企業」 +5（累計 360/1000）
[2026-06-14T10:05:10.679Z]   「神戸 SaaS 企業」 +0（累計 360/1000）
[2026-06-14T10:05:39.133Z]   「神戸 システム開発 企業」 +0（累計 360/1000）
[2026-06-14T10:06:07.543Z]   「神戸 Web制作 企業」 +0（累計 360/1000）
[2026-06-14T10:06:35.668Z]   「神戸 製造 企業」 +0（累計 360/1000）
[2026-06-14T10:07:06.307Z]   「神戸 メーカー 企業」 +0（累計 360/1000）
[2026-06-14T10:07:38.205Z]   「神戸 機械 企業」 +0（累計 360/1000）
[2026-06-14T10:08:07.482Z]   「神戸 電子部品 企業」 +0（累計 360/1000）
[2026-06-14T10:08:36.071Z]   「神戸 建設 企業」 +0（累計 360/1000）
[2026-06-14T10:09:05.189Z]   「神戸 不動産 企業」 +0（累計 360/1000）
[2026-06-14T10:09:33.936Z]   「神戸 人材 企業」 +0（累計 360/1000）
[2026-06-14T10:10:02.820Z]   「神戸 広告 企業」 +0（累計 360/1000）
[2026-06-14T10:10:31.510Z]   「神戸 物流 企業」 +0（累計 360/1000）
[2026-06-14T10:11:01.334Z]   「神戸 商社 企業」 +0（累計 360/1000）
[2026-06-14T10:11:30.112Z]   「神戸 小売 企業」 +0（累計 360/1000）
[2026-06-14T10:11:58.359Z]   「神戸 飲食 企業」 +0（累計 360/1000）
[2026-06-14T10:12:26.928Z]   「神戸 食品 企業」 +0（累計 360/1000）
[2026-06-14T10:12:56.842Z]   「神戸 医療機器 企業」 +0（累計 360/1000）
[2026-06-14T10:13:25.614Z]   「神戸 介護 企業」 +0（累計 360/1000）
[2026-06-14T10:13:54.268Z]   「神戸 教育 企業」 +0（累計 360/1000）
[2026-06-14T10:14:23.051Z]   「神戸 コンサルティング 企業」 +0（累計 360/1000）
[2026-06-14T10:14:51.307Z]   「神戸 金融 企業」 +0（累計 360/1000）
[2026-06-14T10:15:25.494Z]   「神戸 アパレル 企業」 +0（累計 360/1000）
[2026-06-14T10:15:53.764Z]   「神戸 印刷 企業」 +0（累計 360/1000）
[2026-06-14T10:16:22.628Z]   「神戸 運輸 企業」 +0（累計 360/1000）
[2026-06-14T10:16:56.688Z]   「神戸 化学 企業」 +0（累計 360/1000）
[2026-06-14T10:17:24.883Z]   「神戸 環境 企業」 +0（累計 360/1000）
[2026-06-14T10:17:49.491Z]   「京都 IT 企業」 +0（累計 360/1000）
[2026-06-14T10:18:14.731Z]   「京都 SaaS 企業」 +0（累計 360/1000）
[2026-06-14T10:18:39.838Z]   「京都 システム開発 企業」 +0（累計 360/1000）
[2026-06-14T10:19:05.100Z]   「京都 Web制作 企業」 +0（累計 360/1000）
[2026-06-14T10:19:30.420Z]   「京都 製造 企業」 +0（累計 360/1000）
[2026-06-14T10:19:57.589Z]   「京都 メーカー 企業」 +0（累計 360/1000）
[2026-06-14T10:20:22.440Z]   「京都 機械 企業」 +0（累計 360/1000）
[2026-06-14T10:20:47.154Z]   「京都 電子部品 企業」 +0（累計 360/1000）
[2026-06-14T10:21:13.065Z]   「京都 建設 企業」 +0（累計 360/1000）
[2026-06-14T10:21:37.887Z]   「京都 不動産 企業」 +0（累計 360/1000）
[2026-06-14T10:22:02.505Z]   「京都 人材 企業」 +0（累計 360/1000）
[2026-06-14T10:22:27.257Z]   「京都 広告 企業」 +0（累計 360/1000）
[2026-06-14T10:22:51.949Z]   「京都 物流 企業」 +0（累計 360/1000）
[2026-06-14T10:23:16.801Z]   「京都 商社 企業」 +0（累計 360/1000）
[2026-06-14T10:23:41.684Z]   「京都 小売 企業」 +0（累計 360/1000）
[2026-06-14T10:24:05.969Z]   「京都 飲食 企業」 +0（累計 360/1000）
[2026-06-14T10:24:36.943Z]   「京都 食品 企業」 +0（累計 360/1000）
[2026-06-14T10:25:01.409Z]   「京都 医療機器 企業」 +0（累計 360/1000）
[2026-06-14T10:25:27.182Z]   「京都 介護 企業」 +0（累計 360/1000）
[2026-06-14T10:25:52.850Z]   「京都 教育 企業」 +0（累計 360/1000）
[2026-06-14T10:26:17.985Z]   「京都 コンサルティング 企業」 +0（累計 360/1000）
[2026-06-14T10:26:42.431Z]   「京都 金融 企業」 +0（累計 360/1000）
[2026-06-14T10:27:06.923Z]   「京都 アパレル 企業」 +0（累計 360/1000）
[2026-06-14T10:27:31.427Z]   「京都 印刷 企業」 +0（累計 360/1000）
[2026-06-14T10:28:04.806Z]   「京都 運輸 企業」 +0（累計 360/1000）
[2026-06-14T10:28:30.221Z]   「京都 化学 企業」 +0（累計 360/1000）
[2026-06-14T10:28:54.885Z]   「京都 環境 企業」 +0（累計 360/1000）
[2026-06-14T10:29:22.425Z]   「埼玉 IT 企業」 +6（累計 366/1000）
[2026-06-14T10:29:50.591Z]   「埼玉 SaaS 企業」 +0（累計 366/1000）
[2026-06-14T10:30:18.306Z]   「埼玉 システム開発 企業」 +0（累計 366/1000）
[2026-06-14T10:30:46.101Z]   「埼玉 Web制作 企業」 +0（累計 366/1000）
[2026-06-14T10:31:14.230Z]   「埼玉 製造 企業」 +0（累計 366/1000）
[2026-06-14T10:31:41.796Z]   「埼玉 メーカー 企業」 +0（累計 366/1000）
[2026-06-14T10:32:09.576Z]   「埼玉 機械 企業」 +0（累計 366/1000）
[2026-06-14T10:32:37.029Z]   「埼玉 電子部品 企業」 +0（累計 366/1000）
[2026-06-14T10:33:04.803Z]   「埼玉 建設 企業」 +0（累計 366/1000）
[2026-06-14T10:33:32.297Z]   「埼玉 不動産 企業」 +0（累計 366/1000）
[2026-06-14T10:33:59.709Z]   「埼玉 人材 企業」 +0（累計 366/1000）
[2026-06-14T10:34:27.261Z]   「埼玉 広告 企業」 +0（累計 366/1000）
[2026-06-14T10:34:55.663Z]   「埼玉 物流 企業」 +0（累計 366/1000）
[2026-06-14T10:35:23.334Z]   「埼玉 商社 企業」 +0（累計 366/1000）
[2026-06-14T10:35:51.434Z]   「埼玉 小売 企業」 +0（累計 366/1000）
[2026-06-14T10:36:19.106Z]   「埼玉 飲食 企業」 +0（累計 366/1000）
[2026-06-14T10:36:46.847Z]   「埼玉 食品 企業」 +0（累計 366/1000）
[2026-06-14T10:37:14.527Z]   「埼玉 医療機器 企業」 +0（累計 366/1000）
[2026-06-14T10:37:41.779Z]   「埼玉 介護 企業」 +0（累計 366/1000）
[2026-06-14T10:38:09.183Z]   「埼玉 教育 企業」 +0（累計 366/1000）
[2026-06-14T10:38:37.265Z]   「埼玉 コンサルティング 企業」 +0（累計 366/1000）
[2026-06-14T10:39:05.185Z]   「埼玉 金融 企業」 +0（累計 366/1000）
[2026-06-14T10:39:33.986Z]   「埼玉 アパレル 企業」 +0（累計 366/1000）
[2026-06-14T10:40:02.149Z]   「埼玉 印刷 企業」 +0（累計 366/1000）
[2026-06-14T10:40:29.936Z]   「埼玉 運輸 企業」 +0（累計 366/1000）
[2026-06-14T10:40:58.036Z]   「埼玉 化学 企業」 +0（累計 366/1000）
[2026-06-14T10:41:26.790Z]   「埼玉 環境 企業」 +0（累計 366/1000）
[2026-06-14T10:41:55.623Z]   「千葉 IT 企業」 +0（累計 366/1000）
[2026-06-14T10:42:24.543Z]   「千葉 SaaS 企業」 +0（累計 366/1000）
[2026-06-14T10:42:53.294Z]   「千葉 システム開発 企業」 +0（累計 366/1000）
[2026-06-14T10:43:22.119Z]   「千葉 Web制作 企業」 +0（累計 366/1000）
[2026-06-14T10:43:51.015Z]   「千葉 製造 企業」 +0（累計 366/1000）
[2026-06-14T10:44:20.090Z]   「千葉 メーカー 企業」 +0（累計 366/1000）
[2026-06-14T10:44:49.226Z]   「千葉 機械 企業」 +0（累計 366/1000）
[2026-06-14T10:45:18.339Z]   「千葉 電子部品 企業」 +0（累計 366/1000）
[2026-06-14T10:45:47.635Z]   「千葉 建設 企業」 +0（累計 366/1000）
[2026-06-14T10:46:16.555Z]   「千葉 不動産 企業」 +0（累計 366/1000）
[2026-06-14T10:46:45.847Z]   「千葉 人材 企業」 +0（累計 366/1000）
[2026-06-14T10:47:14.831Z]   「千葉 広告 企業」 +0（累計 366/1000）
[2026-06-14T10:47:44.046Z]   「千葉 物流 企業」 +0（累計 366/1000）
[2026-06-14T10:48:13.149Z]   「千葉 商社 企業」 +0（累計 366/1000）
[2026-06-14T10:48:53.000Z]   「千葉 小売 企業」 +0（累計 366/1000）
[2026-06-14T10:49:21.742Z]   「千葉 飲食 企業」 +0（累計 366/1000）
[2026-06-14T10:49:50.923Z]   「千葉 食品 企業」 +0（累計 366/1000）
[2026-06-14T10:50:20.038Z]   「千葉 医療機器 企業」 +0（累計 366/1000）
[2026-06-14T10:50:49.673Z]   「千葉 介護 企業」 +0（累計 366/1000）
[2026-06-14T10:51:27.108Z]   「千葉 教育 企業」 +0（累計 366/1000）
[2026-06-14T10:51:55.801Z]   「千葉 コンサルティング 企業」 +0（累計 366/1000）
[2026-06-14T10:52:24.502Z]   「千葉 金融 企業」 +0（累計 366/1000）
[2026-06-14T10:52:53.091Z]   「千葉 アパレル 企業」 +0（累計 366/1000）
[2026-06-14T10:53:23.176Z]   「千葉 印刷 企業」 +0（累計 366/1000）
[2026-06-14T10:53:52.054Z]   「千葉 運輸 企業」 +0（累計 366/1000）
[2026-06-14T10:54:20.136Z]   「千葉 化学 企業」 +0（累計 366/1000）
[2026-06-14T10:54:48.912Z]   「千葉 環境 企業」 +0（累計 366/1000）
[2026-06-14T10:55:23.026Z]   「仙台 IT 企業」 +4（累計 370/1000）
[2026-06-14T10:55:57.550Z]   「仙台 SaaS 企業」 +0（累計 370/1000）
[2026-06-14T10:56:34.516Z]   「仙台 システム開発 企業」 +0（累計 370/1000）
[2026-06-14T10:57:07.286Z]   「仙台 Web制作 企業」 +1（累計 371/1000）
[2026-06-14T10:57:41.000Z]   「仙台 製造 企業」 +2（累計 373/1000）
[2026-06-14T10:58:15.835Z]   「仙台 メーカー 企業」 +1（累計 374/1000）
[2026-06-14T10:58:50.918Z]   「仙台 機械 企業」 +0（累計 374/1000）
[2026-06-14T10:59:27.095Z]   「仙台 電子部品 企業」 +1（累計 375/1000）
[2026-06-14T11:00:03.424Z]   「仙台 建設 企業」 +3（累計 378/1000）
[2026-06-14T11:00:38.446Z]   「仙台 不動産 企業」 +0（累計 378/1000）
[2026-06-14T11:01:16.892Z]   「仙台 人材 企業」 +0（累計 378/1000）
[2026-06-14T11:01:57.530Z]   「仙台 広告 企業」 +0（累計 378/1000）
[2026-06-14T11:02:34.871Z]   「仙台 物流 企業」 +0（累計 378/1000）
[2026-06-14T11:03:10.433Z]   「仙台 商社 企業」 +0（累計 378/1000）
[2026-06-14T11:03:46.982Z]   「仙台 小売 企業」 +0（累計 378/1000）
[2026-06-14T11:04:20.595Z]   「仙台 飲食 企業」 +2（累計 380/1000）
[2026-06-14T11:04:53.988Z]   「仙台 食品 企業」 +0（累計 380/1000）
[2026-06-14T11:05:28.434Z]   「仙台 医療機器 企業」 +0（累計 380/1000）
[2026-06-14T11:06:02.781Z]   「仙台 介護 企業」 +0（累計 380/1000）
[2026-06-14T11:06:35.950Z]   「仙台 教育 企業」 +0（累計 380/1000）
[2026-06-14T11:07:12.687Z]   「仙台 コンサルティング 企業」 +0（累計 380/1000）
[2026-06-14T11:07:48.497Z]   「仙台 金融 企業」 +0（累計 380/1000）
[2026-06-14T11:08:21.586Z]   「仙台 アパレル 企業」 +0（累計 380/1000）
[2026-06-14T11:08:54.831Z]   「仙台 印刷 企業」 +0（累計 380/1000）
[2026-06-14T11:09:30.334Z]   「仙台 運輸 企業」 +0（累計 380/1000）
[2026-06-14T11:10:09.441Z]   「仙台 化学 企業」 +0（累計 380/1000）
[2026-06-14T11:10:43.691Z]   「仙台 環境 企業」 +0（累計 380/1000）
[2026-06-14T11:10:53.162Z]   「広島 IT 企業」 +59（累計 439/1000）
[2026-06-14T11:11:19.742Z]   「広島 SaaS 企業」 +2（累計 441/1000）
[2026-06-14T11:11:46.010Z]   「広島 システム開発 企業」 +0（累計 441/1000）
[2026-06-14T11:12:21.027Z]   「広島 Web制作 企業」 +0（累計 441/1000）
[2026-06-14T11:12:46.895Z]   「広島 製造 企業」 +0（累計 441/1000）
[2026-06-14T11:13:14.056Z]   「広島 メーカー 企業」 +0（累計 441/1000）
[2026-06-14T11:13:39.816Z]   「広島 機械 企業」 +0（累計 441/1000）
[2026-06-14T11:14:05.990Z]   「広島 電子部品 企業」 +0（累計 441/1000）
[2026-06-14T11:14:32.381Z]   「広島 建設 企業」 +0（累計 441/1000）
[2026-06-14T11:14:58.076Z]   「広島 不動産 企業」 +0（累計 441/1000）
[2026-06-14T11:15:25.142Z]   「広島 人材 企業」 +0（累計 441/1000）
[2026-06-14T11:15:50.940Z]   「広島 広告 企業」 +0（累計 441/1000）
[2026-06-14T11:16:17.066Z]   「広島 物流 企業」 +0（累計 441/1000）
[2026-06-14T11:16:43.231Z]   「広島 商社 企業」 +0（累計 441/1000）
[2026-06-14T11:17:09.070Z]   「広島 小売 企業」 +0（累計 441/1000）
[2026-06-14T11:17:35.107Z]   「広島 飲食 企業」 +0（累計 441/1000）
[2026-06-14T11:18:01.020Z]   「広島 食品 企業」 +0（累計 441/1000）
[2026-06-14T11:18:27.248Z]   「広島 医療機器 企業」 +0（累計 441/1000）
[2026-06-14T11:18:52.934Z]   「広島 介護 企業」 +0（累計 441/1000）
[2026-06-14T11:19:20.501Z]   「広島 教育 企業」 +0（累計 441/1000）
[2026-06-14T11:19:46.453Z]   「広島 コンサルティング 企業」 +0（累計 441/1000）
[2026-06-14T11:20:12.590Z]   「広島 金融 企業」 +0（累計 441/1000）
[2026-06-14T11:20:38.427Z]   「広島 アパレル 企業」 +0（累計 441/1000）
[2026-06-14T11:21:10.126Z]   「広島 印刷 企業」 +0（累計 441/1000）
[2026-06-14T11:21:36.093Z]   「広島 運輸 企業」 +0（累計 441/1000）
[2026-06-14T11:22:02.157Z]   「広島 化学 企業」 +0（累計 441/1000）
[2026-06-14T11:22:28.328Z]   「広島 環境 企業」 +0（累計 441/1000）
[2026-06-14T11:22:54.834Z]   「静岡 IT 企業」 +2（累計 443/1000）
[2026-06-14T11:23:23.096Z]   「静岡 SaaS 企業」 +0（累計 443/1000）
[2026-06-14T11:23:49.705Z]   「静岡 システム開発 企業」 +0（累計 443/1000）
[2026-06-14T11:24:16.620Z]   「静岡 Web制作 企業」 +0（累計 443/1000）
[2026-06-14T11:24:43.479Z]   「静岡 製造 企業」 +0（累計 443/1000）
[2026-06-14T11:25:11.191Z]   「静岡 メーカー 企業」 +0（累計 443/1000）
[2026-06-14T11:25:38.127Z]   「静岡 機械 企業」 +0（累計 443/1000）
[2026-06-14T11:26:05.029Z]   「静岡 電子部品 企業」 +0（累計 443/1000）
[2026-06-14T11:26:33.725Z]   「静岡 建設 企業」 +0（累計 443/1000）
[2026-06-14T11:27:00.055Z]   「静岡 不動産 企業」 +0（累計 443/1000）
[2026-06-14T11:27:26.996Z]   「静岡 人材 企業」 +0（累計 443/1000）
[2026-06-14T11:27:53.514Z]   「静岡 広告 企業」 +0（累計 443/1000）
[2026-06-14T11:28:20.354Z]   「静岡 物流 企業」 +0（累計 443/1000）
[2026-06-14T11:28:46.649Z]   「静岡 商社 企業」 +0（累計 443/1000）
[2026-06-14T11:29:13.048Z]   「静岡 小売 企業」 +0（累計 443/1000）
[2026-06-14T11:29:39.583Z]   「静岡 飲食 企業」 +0（累計 443/1000）
[2026-06-14T11:30:06.260Z]   「静岡 食品 企業」 +0（累計 443/1000）
[2026-06-14T11:30:33.097Z]   「静岡 医療機器 企業」 +0（累計 443/1000）
[2026-06-14T11:30:58.934Z]   「静岡 介護 企業」 +0（累計 443/1000）
[2026-06-14T11:31:25.822Z]   「静岡 教育 企業」 +0（累計 443/1000）
[2026-06-14T11:31:52.228Z]   「静岡 コンサルティング 企業」 +0（累計 443/1000）
[2026-06-14T11:32:19.389Z]   「静岡 金融 企業」 +0（累計 443/1000）
[2026-06-14T11:32:45.972Z]   「静岡 アパレル 企業」 +0（累計 443/1000）
[2026-06-14T11:33:12.886Z]   「静岡 印刷 企業」 +0（累計 443/1000）
[2026-06-14T11:33:39.386Z]   「静岡 運輸 企業」 +0（累計 443/1000）
[2026-06-14T11:34:06.680Z]   「静岡 化学 企業」 +0（累計 443/1000）
[2026-06-14T11:34:33.133Z]   「静岡 環境 企業」 +0（累計 443/1000）
[2026-06-14T11:34:39.505Z]   「新潟 IT 企業」 +59（累計 502/1000）
[2026-06-14T11:35:06.425Z]   「新潟 SaaS 企業」 +1（累計 503/1000）
[2026-06-14T11:35:33.599Z]   「新潟 システム開発 企業」 +0（累計 503/1000）
[2026-06-14T11:36:12.619Z]   「新潟 Web制作 企業」 +1（累計 504/1000）
[2026-06-14T11:36:39.578Z]   「新潟 製造 企業」 +0（累計 504/1000）
[2026-06-14T11:37:07.098Z]   「新潟 メーカー 企業」 +0（累計 504/1000）
[2026-06-14T11:37:34.157Z]   「新潟 機械 企業」 +0（累計 504/1000）
[2026-06-14T11:38:02.063Z]   「新潟 電子部品 企業」 +0（累計 504/1000）
[2026-06-14T11:38:29.133Z]   「新潟 建設 企業」 +0（累計 504/1000）
[2026-06-14T11:38:56.883Z]   「新潟 不動産 企業」 +0（累計 504/1000）
[2026-06-14T11:39:24.444Z]   「新潟 人材 企業」 +0（累計 504/1000）
[2026-06-14T11:39:51.399Z]   「新潟 広告 企業」 +0（累計 504/1000）
[2026-06-14T11:40:19.482Z]   「新潟 物流 企業」 +0（累計 504/1000）
[2026-06-14T11:40:46.512Z]   「新潟 商社 企業」 +0（累計 504/1000）
[2026-06-14T11:41:13.433Z]   「新潟 小売 企業」 +0（累計 504/1000）
[2026-06-14T11:41:41.749Z]   「新潟 飲食 企業」 +0（累計 504/1000）
[2026-06-14T11:42:08.733Z]   「新潟 食品 企業」 +0（累計 504/1000）
[2026-06-14T11:42:35.952Z]   「新潟 医療機器 企業」 +0（累計 504/1000）
[2026-06-14T11:43:03.103Z]   「新潟 介護 企業」 +0（累計 504/1000）
[2026-06-14T11:43:30.393Z]   「新潟 教育 企業」 +0（累計 504/1000）
[2026-06-14T11:43:57.280Z]   「新潟 コンサルティング 企業」 +0（累計 504/1000）
[2026-06-14T11:44:24.540Z]   「新潟 金融 企業」 +0（累計 504/1000）
[2026-06-14T11:44:51.636Z]   「新潟 アパレル 企業」 +0（累計 504/1000）
[2026-06-14T11:45:19.355Z]   「新潟 印刷 企業」 +0（累計 504/1000）
[2026-06-14T11:45:46.381Z]   「新潟 運輸 企業」 +0（累計 504/1000）
[2026-06-14T11:46:13.589Z]   「新潟 化学 企業」 +0（累計 504/1000）
[2026-06-14T11:46:43.660Z]   「新潟 環境 企業」 +0（累計 504/1000）
[2026-06-14T11:47:11.648Z]   「金沢 IT 企業」 +3（累計 507/1000）
[2026-06-14T11:47:39.397Z]   「金沢 SaaS 企業」 +0（累計 507/1000）
[2026-06-14T11:48:06.812Z]   「金沢 システム開発 企業」 +0（累計 507/1000）
[2026-06-14T11:48:34.195Z]   「金沢 Web制作 企業」 +0（累計 507/1000）
[2026-06-14T11:49:02.009Z]   「金沢 製造 企業」 +0（累計 507/1000）
[2026-06-14T11:49:29.761Z]   「金沢 メーカー 企業」 +0（累計 507/1000）
[2026-06-14T11:49:57.263Z]   「金沢 機械 企業」 +0（累計 507/1000）
[2026-06-14T11:50:24.877Z]   「金沢 電子部品 企業」 +0（累計 507/1000）
[2026-06-14T11:50:52.087Z]   「金沢 建設 企業」 +0（累計 507/1000）
[2026-06-14T11:51:19.994Z]   「金沢 不動産 企業」 +0（累計 507/1000）
[2026-06-14T11:51:47.196Z]   「金沢 人材 企業」 +0（累計 507/1000）
[2026-06-14T11:52:14.874Z]   「金沢 広告 企業」 +0（累計 507/1000）
[2026-06-14T11:52:42.352Z]   「金沢 物流 企業」 +0（累計 507/1000）
[2026-06-14T11:53:22.266Z]   「金沢 商社 企業」 +0（累計 507/1000）
[2026-06-14T11:53:49.216Z]   「金沢 小売 企業」 +0（累計 507/1000）
[2026-06-14T11:54:27.333Z]   「金沢 飲食 企業」 +0（累計 507/1000）
[2026-06-14T11:54:55.691Z]   「金沢 食品 企業」 +0（累計 507/1000）
[2026-06-14T11:55:23.305Z]   「金沢 医療機器 企業」 +0（累計 507/1000）
[2026-06-14T11:55:50.808Z]   「金沢 介護 企業」 +0（累計 507/1000）
[2026-06-14T11:56:18.031Z]   「金沢 教育 企業」 +0（累計 507/1000）
[2026-06-14T11:56:45.252Z]   「金沢 コンサルティング 企業」 +0（累計 507/1000）
[2026-06-14T11:57:14.433Z]   「金沢 金融 企業」 +0（累計 507/1000）
[2026-06-14T11:57:41.825Z]   「金沢 アパレル 企業」 +0（累計 507/1000）
[2026-06-14T11:58:09.031Z]   「金沢 印刷 企業」 +0（累計 507/1000）
[2026-06-14T11:58:36.399Z]   「金沢 運輸 企業」 +0（累計 507/1000）
[2026-06-14T11:59:04.102Z]   「金沢 化学 企業」 +0（累計 507/1000）
[2026-06-14T11:59:31.972Z]   「金沢 環境 企業」 +0（累計 507/1000）
[2026-06-14T11:59:31.975Z] 発掘完了: 507社（C:\Users\shofu\Desktop\saiyo_tantousha_poc\poc\data\names-1000.json に保存）
[2026-06-14T11:59:31.976Z] ⚠ 発掘が目標未達: 507/1000（取得できた分で続行）
[2026-06-14T11:59:31.978Z] フル取得対象: 507社（完了済み 0社をスキップ）
[2026-06-14T12:00:11.008Z] 進捗 10/507（URL取得10 / 担当者HIT1）｜0.00社/s｜ETA約9539.0分
[2026-06-14T12:00:44.059Z] 進捗 20/507（URL取得20 / 担当者HIT1）｜0.00社/s｜ETA約4686.9分
[2026-06-14T12:01:11.003Z] 進捗 30/507（URL取得29 / 担当者HIT1）｜0.00社/s｜ETA約3067.6分
[2026-06-14T12:01:39.218Z] 進捗 40/507（URL取得39 / 担当者HIT1）｜0.00社/s｜ETA約2258.0分
[2026-06-14T12:02:12.025Z] 進捗 50/507（URL取得49 / 担当者HIT2）｜0.00社/s｜ETA約1772.7分
[2026-06-14T12:02:46.782Z] 進捗 60/507（URL取得59 / 担当者HIT2）｜0.01社/s｜ETA約1449.2分
[2026-06-14T12:03:17.026Z] 進捗 70/507（URL取得69 / 担当者HIT2）｜0.01社/s｜ETA約1217.6分
[2026-06-14T12:03:48.598Z] 進捗 80/507（URL取得79 / 担当者HIT3）｜0.01社/s｜ETA約1043.8分
[2026-06-14T12:04:10.017Z] 進捗 90/507（URL取得89 / 担当者HIT4）｜0.01社/s｜ETA約907.7分
[2026-06-14T12:04:38.204Z] 進捗 100/507（URL取得99 / 担当者HIT6）｜0.01社/s｜ETA約799.3分
[2026-06-14T12:05:13.039Z] 進捗 110/507（URL取得109 / 担当者HIT6）｜0.01社/s｜ETA約710.9分
[2026-06-14T12:05:43.367Z] 進捗 120/507（URL取得119 / 担当者HIT6）｜0.01社/s｜ETA約636.8分
[2026-06-14T12:06:22.236Z] 進捗 130/507（URL取得129 / 担当者HIT7）｜0.01社/s｜ETA約574.5分
[2026-06-14T12:06:44.003Z] 進捗 140/507（URL取得139 / 担当者HIT7）｜0.01社/s｜ETA約520.3分
[2026-06-14T12:07:16.061Z] 進捗 150/507（URL取得149 / 担当者HIT7）｜0.01社/s｜ETA約473.7分
[2026-06-14T12:07:39.648Z] 進捗 160/507（URL取得159 / 担当者HIT7）｜0.01社/s｜ETA約432.5分
[2026-06-14T12:08:11.867Z] 進捗 170/507（URL取得169 / 担当者HIT7）｜0.01社/s｜ETA約396.4分
[2026-06-14T12:08:43.864Z] 進捗 180/507（URL取得179 / 担当者HIT7）｜0.01社/s｜ETA約364.2分
[2026-06-14T12:09:13.697Z] 進捗 190/507（URL取得189 / 担当者HIT8）｜0.02社/s｜ETA約335.3分
[2026-06-14T12:09:47.470Z] 進捗 200/507（URL取得199 / 担当者HIT8）｜0.02社/s｜ETA約309.4分
[2026-06-14T12:10:23.013Z] 進捗 210/507（URL取得209 / 担当者HIT8）｜0.02社/s｜ETA約285.9分
[2026-06-14T12:10:49.180Z] 進捗 220/507（URL取得219 / 担当者HIT8）｜0.02社/s｜ETA約264.3分
[2026-06-14T12:11:18.440Z] 進捗 230/507（URL取得228 / 担当者HIT8）｜0.02社/s｜ETA約244.5分
[2026-06-14T12:11:49.085Z] 進捗 240/507（URL取得238 / 担当者HIT8）｜0.02社/s｜ETA約226.5分
[2026-06-14T12:12:19.433Z] 進捗 250/507（URL取得248 / 担当者HIT9）｜0.02社/s｜ETA約209.8分
[2026-06-14T12:13:02.079Z] 進捗 260/507（URL取得258 / 担当者HIT10）｜0.02社/s｜ETA約194.5分
[2026-06-14T12:13:36.834Z] 進捗 270/507（URL取得267 / 担当者HIT10）｜0.02社/s｜ETA約180.3分
[2026-06-14T12:14:09.991Z] 進捗 280/507（URL取得277 / 担当者HIT10）｜0.02社/s｜ETA約166.9分
[2026-06-14T12:14:44.527Z] 進捗 290/507（URL取得287 / 担当者HIT11）｜0.02社/s｜ETA約154.5分
[2026-06-14T12:15:30.348Z] 進捗 300/507（URL取得297 / 担当者HIT11）｜0.02社/s｜ETA約143.0分
[2026-06-14T12:15:55.878Z] 進捗 310/507（URL取得307 / 担当者HIT11）｜0.02社/s｜ETA約132.0分
[2026-06-14T12:16:25.728Z] 進捗 320/507（URL取得317 / 担当者HIT11）｜0.03社/s｜ETA約121.7分
[2026-06-14T12:16:45.136Z] 進捗 330/507（URL取得327 / 担当者HIT12）｜0.03社/s｜ETA約111.8分
[2026-06-14T12:17:17.343Z] 進捗 340/507（URL取得337 / 担当者HIT12）｜0.03社/s｜ETA約102.7分
[2026-06-14T12:18:06.295Z] 進捗 350/507（URL取得347 / 担当者HIT12）｜0.03社/s｜ETA約94.1分
[2026-06-14T12:18:38.898Z] 進捗 360/507（URL取得357 / 担当者HIT13）｜0.03社/s｜ETA約85.9分
[2026-06-14T12:19:11.650Z] 進捗 370/507（URL取得367 / 担当者HIT15）｜0.03社/s｜ETA約78.1分
[2026-06-14T12:19:42.855Z] 進捗 380/507（URL取得377 / 担当者HIT15）｜0.03社/s｜ETA約70.7分
[2026-06-14T12:20:15.343Z] 進捗 390/507（URL取得387 / 担当者HIT15）｜0.03社/s｜ETA約63.6分
[2026-06-14T12:20:35.748Z] 進捗 400/507（URL取得396 / 担当者HIT16）｜0.03社/s｜ETA約56.8分
[2026-06-14T12:21:01.501Z] 進捗 410/507（URL取得406 / 担当者HIT17）｜0.03社/s｜ETA約50.3分
[2026-06-14T12:21:34.178Z] 進捗 420/507（URL取得416 / 担当者HIT17）｜0.03社/s｜ETA約44.2分
[2026-06-14T12:21:58.899Z] 進捗 430/507（URL取得426 / 担当者HIT17）｜0.03社/s｜ETA約38.3分
[2026-06-14T12:22:31.802Z] 進捗 440/507（URL取得436 / 担当者HIT17）｜0.03社/s｜ETA約32.6分
[2026-06-14T12:23:06.125Z] 進捗 450/507（URL取得445 / 担当者HIT17）｜0.03社/s｜ETA約27.2分
[2026-06-14T12:23:40.333Z] 進捗 460/507（URL取得455 / 担当者HIT17）｜0.04社/s｜ETA約22.0分
[2026-06-14T12:24:10.059Z] 進捗 470/507（URL取得465 / 担当者HIT17）｜0.04社/s｜ETA約17.0分
[2026-06-14T12:24:32.720Z] 進捗 480/507（URL取得475 / 担当者HIT17）｜0.04社/s｜ETA約12.2分
[2026-06-14T12:25:04.303Z] 進捗 490/507（URL取得485 / 担当者HIT17）｜0.04社/s｜ETA約7.5分
[2026-06-14T12:25:36.994Z] 進捗 500/507（URL取得495 / 担当者HIT17）｜0.04社/s｜ETA約3.0分
[2026-06-14T12:25:56.412Z] ===== 完了: 507件 ｜ URL取得 502 ｜ 担当者HIT 17 =====
[2026-06-14T12:25:56.413Z] Tier内訳: A=0 B=17 C=0 D=490
[2026-06-14T12:25:56.413Z] 出力: C:\Users\shofu\Desktop\saiyo_tantousha_poc\poc\leads-1000.csv（所要 217.7分）
[2026-06-14T12:29:39.614Z] ===== 1000件フル取得ジョブ開始（target=1000, 取得並列=6, 発掘並列=3）=====
[2026-06-14T12:29:39.618Z] 発掘: 既存 507社 を引き継ぎ
[2026-06-14T12:29:39.623Z] 発掘開始: 目標 1000社 / 追加クエリ 5714本（並列3）
[2026-06-14T12:29:49.188Z]   「渋谷区 ソフトウェア 企業」 +4（累計 511/1000）
[2026-06-14T12:29:50.335Z]   「渋谷区 DX ベンチャー」 +0（累計 511/1000）
[2026-06-14T12:29:53.254Z]   「渋谷区 アプリ開発 企業 一覧」 +0（累計 511/1000）
[2026-06-14T12:29:59.553Z]   「渋谷区 AI 中小企業」 +0（累計 511/1000）
[2026-06-14T12:29:59.726Z]   「渋谷区 通信 BtoB 企業」 +0（累計 511/1000）
[2026-06-14T12:30:02.253Z]   「渋谷区 半導体 優良企業」 +0（累計 511/1000）
[2026-06-14T12:30:08.434Z]   「渋谷区 自動車部品 メーカー 一覧」 +0（累計 511/1000）
[2026-06-14T12:30:09.748Z]   「渋谷区 精密機器 企業」 +0（累計 511/1000）
[2026-06-14T12:30:11.166Z]   「渋谷区 鉄鋼 企業 一覧」 +0（累計 511/1000）
[2026-06-14T12:30:17.520Z]   「渋谷区 繊維 ベンチャー」 +0（累計 511/1000）
[2026-06-14T12:30:18.588Z]   「渋谷区 化粧品 中小企業」 +0（累計 511/1000）
[2026-06-14T12:30:20.024Z]   「渋谷区 日用品 BtoB 企業」 +0（累計 511/1000）
[2026-06-14T12:30:26.419Z]   「渋谷区 玩具 優良企業」 +0（累計 511/1000）
[2026-06-14T12:30:27.588Z]   「渋谷区 出版 メーカー 一覧」 +0（累計 511/1000）
[2026-06-14T12:30:29.080Z]   「渋谷区 放送 企業」 +0（累計 511/1000）
[2026-06-14T12:30:35.776Z]   「渋谷区 ゲーム 企業 一覧」 +0（累計 511/1000）
[2026-06-14T12:30:36.589Z]   「渋谷区 エンタメ ベンチャー」 +0（累計 511/1000）
[2026-06-14T12:30:37.990Z]   「渋谷区 スポーツ 中小企業」 +0（累計 511/1000）
[2026-06-14T12:30:44.676Z]   「渋谷区 警備 BtoB 企業」 +0（累計 511/1000）
[2026-06-14T12:30:45.661Z]   「渋谷区 清掃 優良企業」 +0（累計 511/1000）
[2026-06-14T12:30:46.872Z]   「渋谷区 リフォーム メーカー 一覧」 +0（累計 511/1000）
[2026-06-14T12:30:53.626Z]   「渋谷区 住宅 企業」 +0（累計 511/1000）
[2026-06-14T12:30:54.543Z]   「渋谷区 設備工事 企業 一覧」 +0（累計 511/1000）
[2026-06-14T12:30:55.866Z]   「渋谷区 卸売 ベンチャー」 +0（累計 511/1000）
[2026-06-14T12:31:02.512Z]   「渋谷区 専門商社 中小企業」 +0（累計 511/1000）
[2026-06-14T12:31:03.528Z]   「渋谷区 保険 BtoB 企業」 +0（累計 511/1000）
[2026-06-14T12:31:04.844Z]   「渋谷区 証券 優良企業」 +0（累計 511/1000）
[2026-06-14T12:31:11.349Z]   「渋谷区 リース メーカー 一覧」 +0（累計 511/1000）
[2026-06-14T12:31:12.368Z]   「渋谷区 会計事務所 企業」 +0（累計 511/1000）
[2026-06-14T12:31:13.757Z]   「渋谷区 病院 企業 一覧」 +0（累計 511/1000）
[2026-06-14T12:31:20.398Z]   「渋谷区 薬局 ベンチャー」 +0（累計 511/1000）
[2026-06-14T12:31:21.452Z]   「渋谷区 保育 中小企業」 +0（累計 511/1000）
[2026-06-14T12:31:22.748Z]   「渋谷区 学習塾 BtoB 企業」 +0（累計 511/1000）
[2026-06-14T12:31:29.302Z]   「渋谷区 専門学校 優良企業」 +0（累計 511/1000）
[2026-06-14T12:31:30.356Z]   「渋谷区 農業 メーカー 一覧」 +0（累計 511/1000）
[2026-06-14T12:31:31.631Z]   「渋谷区 水産 企業」 +0（累計 511/1000）
[2026-06-14T12:31:38.338Z]   「渋谷区 観光 企業 一覧」 +0（累計 511/1000）
[2026-06-14T12:31:39.275Z]   「渋谷区 ホテル ベンチャー」 +0（累計 511/1000）
[2026-06-14T12:31:40.493Z]   「渋谷区 旅館 中小企業」 +0（累計 511/1000）
[2026-06-14T12:31:48.151Z]   「渋谷区 鉄道 優良企業」 +0（累計 511/1000）
[2026-06-14T12:31:48.845Z]   「渋谷区 航空 BtoB 企業」 +0（累計 511/1000）
[2026-06-14T12:31:49.564Z]   「渋谷区 倉庫 メーカー 一覧」 +0（累計 511/1000）
[2026-06-14T12:31:57.082Z]   「渋谷区 飲料 企業」 +0（累計 511/1000）
[2026-06-14T12:31:58.472Z]   「渋谷区 製薬 企業 一覧」 +0（累計 511/1000）
[2026-06-14T12:31:58.919Z]   「渋谷区 電機 ベンチャー」 +0（累計 511/1000）
[2026-06-14T12:32:05.987Z]   「渋谷区 IT 中小企業」 +0（累計 511/1000）
[2026-06-14T12:32:07.395Z]   「渋谷区 SaaS BtoB 企業」 +0（累計 511/1000）
[2026-06-14T12:32:07.947Z]   「渋谷区 システム開発 優良企業」 +0（累計 511/1000）
[2026-06-14T12:32:14.936Z]   「渋谷区 Web制作 メーカー 一覧」 +0（累計 511/1000）
[2026-06-14T12:32:16.331Z]   「渋谷区 製造 企業」 +0（累計 511/1000）
[2026-06-14T12:32:17.058Z]   「渋谷区 メーカー 企業 一覧」 +0（累計 511/1000）
[2026-06-14T12:32:23.903Z]   「渋谷区 機械 ベンチャー」 +0（累計 511/1000）
[2026-06-14T12:32:25.356Z]   「渋谷区 電子部品 中小企業」 +0（累計 511/1000）
[2026-06-14T12:32:26.077Z]   「渋谷区 建設 BtoB 企業」 +0（累計 511/1000）
[2026-06-14T12:32:32.985Z]   「渋谷区 不動産 優良企業」 +0（累計 511/1000）
[2026-06-14T12:32:35.104Z]   「渋谷区 広告 企業」 +0（累計 511/1000）
[2026-06-14T12:32:35.383Z]   「渋谷区 人材 メーカー 一覧」 +0（累計 511/1000）
[2026-06-14T12:32:42.077Z]   「渋谷区 物流 企業 一覧」 +0（累計 511/1000）
[2026-06-14T12:32:44.051Z]   「渋谷区 商社 ベンチャー」 +0（累計 511/1000）
[2026-06-14T12:32:44.298Z]   「渋谷区 小売 中小企業」 +0（累計 511/1000）
[2026-06-14T12:32:51.030Z]   「渋谷区 飲食 BtoB 企業」 +0（累計 511/1000）
[2026-06-14T12:32:53.004Z]   「渋谷区 食品 優良企業」 +0（累計 511/1000）
[2026-06-14T12:32:53.229Z]   「渋谷区 医療機器 メーカー 一覧」 +0（累計 511/1000）
[2026-06-14T12:32:59.939Z]   「渋谷区 介護 企業」 +0（累計 511/1000）
[2026-06-14T12:33:01.889Z]   「渋谷区 教育 企業 一覧」 +0（累計 511/1000）
[2026-06-14T12:33:02.132Z]   「渋谷区 コンサルティング ベンチャー」 +0（累計 511/1000）
[2026-06-14T12:33:08.826Z]   「渋谷区 金融 中小企業」 +0（累計 511/1000）
[2026-06-14T12:33:10.970Z]   「渋谷区 印刷 優良企業」 +0（累計 511/1000）
[2026-06-14T12:33:12.120Z]   「渋谷区 アパレル BtoB 企業」 +0（累計 511/1000）
[2026-06-14T12:33:17.693Z]   「渋谷区 運輸 メーカー 一覧」 +0（累計 511/1000）
[2026-06-14T12:33:20.990Z]   「渋谷区 環境 企業 一覧」 +0（累計 511/1000）
[2026-06-14T12:33:25.727Z]   「渋谷区 化学 企業」 +0（累計 511/1000）
[2026-06-14T12:33:27.437Z]   「新宿区 ソフトウェア 企業 一覧」 +5（累計 516/1000）
[2026-06-14T12:33:30.150Z]   「新宿区 アプリ開発 ベンチャー」 +0（累計 516/1000）
[2026-06-14T12:33:34.952Z]   「新宿区 DX 中小企業」 +0（累計 516/1000）
[2026-06-14T12:33:36.612Z]   「新宿区 AI BtoB 企業」 +0（累計 516/1000）
[2026-06-14T12:33:39.309Z]   「新宿区 通信 優良企業」 +0（累計 516/1000）
[2026-06-14T12:33:44.340Z]   「新宿区 半導体 メーカー 一覧」 +0（累計 516/1000）
[2026-06-14T12:33:45.738Z]   「新宿区 自動車部品 企業」 +0（累計 516/1000）
[2026-06-14T12:33:48.459Z]   「新宿区 精密機器 企業 一覧」 +0（累計 516/1000）
[2026-06-14T12:33:53.503Z]   「新宿区 鉄鋼 ベンチャー」 +0（累計 516/1000）
[2026-06-14T12:33:54.929Z]   「新宿区 繊維 中小企業」 +0（累計 516/1000）
[2026-06-14T12:33:57.730Z]   「新宿区 化粧品 BtoB 企業」 +0（累計 516/1000）
[2026-06-14T12:34:02.693Z]   「新宿区 日用品 優良企業」 +0（累計 516/1000）
[2026-06-14T12:34:04.033Z]   「新宿区 玩具 メーカー 一覧」 +0（累計 516/1000）
[2026-06-14T12:34:06.842Z]   「新宿区 出版 企業」 +0（累計 516/1000）
[2026-06-14T12:34:12.845Z]   「新宿区 放送 企業 一覧」 +0（累計 516/1000）
[2026-06-14T12:34:13.160Z]   「新宿区 ゲーム ベンチャー」 +0（累計 516/1000）
[2026-06-14T12:34:16.393Z]   「新宿区 エンタメ 中小企業」 +0（累計 516/1000）
[2026-06-14T12:34:21.954Z]   「新宿区 スポーツ BtoB 企業」 +0（累計 516/1000）
[2026-06-14T12:34:22.646Z]   「新宿区 警備 優良企業」 +0（累計 516/1000）
[2026-06-14T12:34:31.143Z]   「新宿区 リフォーム 企業」 +0（累計 516/1000）
[2026-06-14T12:34:31.771Z]   「新宿区 住宅 企業 一覧」 +0（累計 516/1000）
[2026-06-14T12:34:40.083Z]   「新宿区 清掃 メーカー 一覧」 +0（累計 516/1000）
[2026-06-14T12:34:40.413Z]   「新宿区 設備工事 ベンチャー」 +0（累計 516/1000）
[2026-06-14T12:34:46.018Z]   「新宿区 卸売 中小企業」 +0（累計 516/1000）
[2026-06-14T12:34:49.876Z]   「新宿区 保険 優良企業」 +0（累計 516/1000）
[2026-06-14T12:34:51.206Z]   「新宿区 専門商社 BtoB 企業」 +0（累計 516/1000）
[2026-06-14T12:34:55.425Z]   「新宿区 証券 メーカー 一覧」 +0（累計 516/1000）
[2026-06-14T12:34:59.281Z]   「新宿区 リース 企業」 +0（累計 516/1000）
[2026-06-14T12:35:00.529Z]   「新宿区 会計事務所 企業 一覧」 +0（累計 516/1000）
[2026-06-14T12:35:04.927Z]   「新宿区 病院 ベンチャー」 +0（累計 516/1000）
[2026-06-14T12:35:10.080Z]   「新宿区 保育 BtoB 企業」 +0（累計 516/1000）
[2026-06-14T12:35:14.210Z]   「新宿区 学習塾 優良企業」 +0（累計 516/1000）
[2026-06-14T12:35:19.581Z]   「新宿区 専門学校 メーカー 一覧」 +0（累計 516/1000）
[2026-06-14T12:35:20.807Z]   「新宿区 薬局 中小企業」 +0（累計 516/1000）
[2026-06-14T12:35:23.695Z]   「新宿区 農業 企業」 +0（累計 516/1000）
[2026-06-14T12:35:33.658Z]   「新宿区 観光 ベンチャー」 +0（累計 516/1000）
[2026-06-14T12:35:33.687Z]   「新宿区 水産 企業 一覧」 +0（累計 516/1000）
[2026-06-14T12:35:36.676Z]   「新宿区 ホテル 中小企業」 +0（累計 516/1000）
[2026-06-14T12:35:42.749Z]   「新宿区 旅館 BtoB 企業」 +0（累計 516/1000）
[2026-06-14T12:35:42.873Z]   「新宿区 航空 優良企業」 +0（累計 516/1000）
[2026-06-14T12:35:45.764Z]   「新宿区 鉄道 メーカー 一覧」 +0（累計 516/1000）
[2026-06-14T12:35:51.961Z]   「新宿区 倉庫 企業」 +0（累計 516/1000）
[2026-06-14T12:35:52.138Z]   「新宿区 飲料 企業 一覧」 +0（累計 516/1000）
[2026-06-14T12:35:54.977Z]   「新宿区 製薬 ベンチャー」 +0（累計 516/1000）
[2026-06-14T12:36:01.245Z]   「新宿区 IT BtoB 企業」 +0（累計 516/1000）
[2026-06-14T12:36:02.162Z]   「新宿区 電機 中小企業」 +0（累計 516/1000）
[2026-06-14T12:36:04.072Z]   「新宿区 SaaS 優良企業」 +0（累計 516/1000）
[2026-06-14T12:36:10.576Z]   「新宿区 システム開発 メーカー 一覧」 +0（累計 516/1000）
[2026-06-14T12:36:11.488Z]   「新宿区 Web制作 企業」 +0（累計 516/1000）
[2026-06-14T12:36:13.272Z]   「新宿区 製造 企業 一覧」 +0（累計 516/1000）
[2026-06-14T12:36:19.669Z]   「新宿区 メーカー ベンチャー」 +0（累計 516/1000）
[2026-06-14T12:36:20.636Z]   「新宿区 機械 中小企業」 +0（累計 516/1000）
[2026-06-14T12:36:22.605Z]   「新宿区 電子部品 BtoB 企業」 +0（累計 516/1000）
[2026-06-14T12:36:28.835Z]   「新宿区 建設 優良企業」 +0（累計 516/1000）
[2026-06-14T12:36:29.747Z]   「新宿区 不動産 メーカー 一覧」 +0（累計 516/1000）
[2026-06-14T12:36:31.721Z]   「新宿区 人材 企業」 +0（累計 516/1000）
[2026-06-14T12:36:37.975Z]   「新宿区 広告 企業 一覧」 +0（累計 516/1000）
[2026-06-14T12:36:39.097Z]   「新宿区 物流 ベンチャー」 +0（累計 516/1000）
[2026-06-14T12:36:40.902Z]   「新宿区 商社 中小企業」 +0（累計 516/1000）
[2026-06-14T12:36:47.180Z]   「新宿区 小売 BtoB 企業」 +0（累計 516/1000）
[2026-06-14T12:36:48.210Z]   「新宿区 飲食 優良企業」 +0（累計 516/1000）
[2026-06-14T12:36:50.063Z]   「新宿区 食品 メーカー 一覧」 +0（累計 516/1000）
[2026-06-14T12:36:56.337Z]   「新宿区 医療機器 企業」 +0（累計 516/1000）
[2026-06-14T12:36:57.448Z]   「新宿区 介護 企業 一覧」 +0（累計 516/1000）
[2026-06-14T12:36:59.242Z]   「新宿区 教育 ベンチャー」 +0（累計 516/1000）
[2026-06-14T12:37:06.131Z]   「新宿区 コンサルティング 中小企業」 +0（累計 516/1000）
[2026-06-14T12:37:06.610Z]   「新宿区 金融 BtoB 企業」 +0（累計 516/1000）
[2026-06-14T12:37:08.600Z]   「新宿区 アパレル 優良企業」 +0（累計 516/1000）
[2026-06-14T12:37:15.249Z]   「新宿区 印刷 メーカー 一覧」 +0（累計 516/1000）
[2026-06-14T12:37:15.728Z]   「新宿区 運輸 企業」 +0（累計 516/1000）
[2026-06-14T12:37:17.747Z]   「新宿区 化学 企業 一覧」 +0（累計 516/1000）
[2026-06-14T12:37:24.503Z]   「新宿区 環境 ベンチャー」 +0（累計 516/1000）
[2026-06-14T12:37:26.348Z]   「港区 ソフトウェア ベンチャー」 +3（累計 519/1000）
[2026-06-14T12:37:27.645Z]   「港区 アプリ開発 中小企業」 +0（累計 519/1000）
[2026-06-14T12:37:34.598Z]   「港区 DX BtoB 企業」 +0（累計 519/1000）
[2026-06-14T12:37:37.687Z]   「港区 通信 メーカー 一覧」 +0（累計 519/1000）
[2026-06-14T12:37:37.945Z]   「港区 AI 優良企業」 +0（累計 519/1000）
[2026-06-14T12:37:44.717Z]   「港区 半導体 企業」 +0（累計 519/1000）
[2026-06-14T12:37:47.455Z]   「港区 自動車部品 企業 一覧」 +0（累計 519/1000）
[2026-06-14T12:37:48.356Z]   「港区 精密機器 ベンチャー」 +0（累計 519/1000）
[2026-06-14T12:37:55.493Z]   「港区 鉄鋼 中小企業」 +0（累計 519/1000）
[2026-06-14T12:37:57.361Z]   「港区 繊維 BtoB 企業」 +0（累計 519/1000）
[2026-06-14T12:37:58.641Z]   「港区 化粧品 優良企業」 +0（累計 519/1000）
[2026-06-14T12:38:05.457Z]   「港区 日用品 メーカー 一覧」 +0（累計 519/1000）
[2026-06-14T12:38:07.365Z]   「港区 玩具 企業」 +0（累計 519/1000）
[2026-06-14T12:38:08.544Z]   「港区 出版 企業 一覧」 +0（累計 519/1000）
[2026-06-14T12:38:15.523Z]   「港区 放送 ベンチャー」 +0（累計 519/1000）
[2026-06-14T12:38:17.481Z]   「港区 ゲーム 中小企業」 +0（累計 519/1000）
[2026-06-14T12:38:18.765Z]   「港区 エンタメ BtoB 企業」 +0（累計 519/1000）
[2026-06-14T12:38:26.075Z]   「港区 スポーツ 優良企業」 +0（累計 519/1000）
[2026-06-14T12:38:27.467Z]   「港区 警備 メーカー 一覧」 +0（累計 519/1000）
[2026-06-14T12:38:28.643Z]   「港区 清掃 企業」 +0（累計 519/1000）
[2026-06-14T12:38:36.056Z]   「港区 リフォーム 企業 一覧」 +0（累計 519/1000）
[2026-06-14T12:38:37.457Z]   「港区 住宅 ベンチャー」 +0（累計 519/1000）
[2026-06-14T12:38:38.408Z]   「港区 設備工事 中小企業」 +0（累計 519/1000）
[2026-06-14T12:38:57.114Z]   「港区 専門商社 優良企業」 +0（累計 519/1000）
[2026-06-14T12:39:02.404Z]   「港区 保険 メーカー 一覧」 +0（累計 519/1000）
[2026-06-14T12:39:03.385Z]   「港区 卸売 BtoB 企業」 +0（累計 519/1000）
[2026-06-14T12:39:07.191Z]   「港区 証券 企業」 +0（累計 519/1000）
[2026-06-14T12:39:12.516Z]   「港区 リース 企業 一覧」 +0（累計 519/1000）
[2026-06-14T12:39:13.228Z]   「港区 会計事務所 ベンチャー」 +0（累計 519/1000）
[2026-06-14T12:39:17.081Z]   「港区 病院 中小企業」 +0（累計 519/1000）
[2026-06-14T12:39:22.601Z]   「港区 薬局 BtoB 企業」 +0（累計 519/1000）
[2026-06-14T12:39:23.085Z]   「港区 保育 優良企業」 +0（累計 519/1000）
[2026-06-14T12:39:27.711Z]   「港区 学習塾 メーカー 一覧」 +0（累計 519/1000）
[2026-06-14T12:39:32.780Z]   「港区 専門学校 企業」 +0（累計 519/1000）
[2026-06-14T12:39:32.944Z]   「港区 農業 企業 一覧」 +0（累計 519/1000）
[2026-06-14T12:39:37.564Z]   「港区 水産 ベンチャー」 +0（累計 519/1000）
[2026-06-14T12:39:42.752Z]   「港区 観光 中小企業」 +0（累計 519/1000）
[2026-06-14T12:39:43.321Z]   「港区 ホテル BtoB 企業」 +0（累計 519/1000）
[2026-06-14T12:39:47.442Z]   「港区 旅館 優良企業」 +0（累計 519/1000）
[2026-06-14T12:39:53.024Z]   「港区 航空 メーカー 一覧」 +0（累計 519/1000）
[2026-06-14T12:39:53.541Z]   「港区 鉄道 企業」 +0（累計 519/1000）
[2026-06-14T12:39:57.267Z]   「港区 倉庫 企業 一覧」 +0（累計 519/1000）
[2026-06-14T12:40:03.009Z]   「港区 飲料 ベンチャー」 +0（累計 519/1000）
[2026-06-14T12:40:03.658Z]   「港区 製薬 中小企業」 +0（累計 519/1000）
[2026-06-14T12:40:07.342Z]   「港区 電機 BtoB 企業」 +0（累計 519/1000）
[2026-06-14T12:40:13.065Z]   「港区 IT 優良企業」 +0（累計 519/1000）
[2026-06-14T12:40:13.693Z]   「港区 SaaS メーカー 一覧」 +0（累計 519/1000）
[2026-06-14T12:40:18.280Z]   「港区 システム開発 企業」 +0（累計 519/1000）
[2026-06-14T12:40:23.556Z]   「港区 Web制作 企業 一覧」 +0（累計 519/1000）
[2026-06-14T12:40:23.747Z]   「港区 製造 ベンチャー」 +0（累計 519/1000）
[2026-06-14T12:40:28.631Z]   「港区 メーカー 中小企業」 +0（累計 519/1000）
[2026-06-14T12:40:33.745Z]   「港区 機械 BtoB 企業」 +0（累計 519/1000）
[2026-06-14T12:40:34.489Z]   「港区 電子部品 優良企業」 +0（累計 519/1000）
[2026-06-14T12:40:38.871Z]   「港区 建設 メーカー 一覧」 +0（累計 519/1000）
[2026-06-14T12:40:43.893Z]   「港区 不動産 企業」 +0（累計 519/1000）
[2026-06-14T12:40:44.329Z]   「港区 人材 企業 一覧」 +0（累計 519/1000）
[2026-06-14T12:40:50.099Z]   「港区 広告 ベンチャー」 +0（累計 519/1000）
[2026-06-14T12:40:53.702Z]   「港区 物流 中小企業」 +0（累計 519/1000）
[2026-06-14T12:40:54.671Z]   「港区 商社 BtoB 企業」 +0（累計 519/1000）
[2026-06-14T12:41:00.216Z]   「港区 小売 優良企業」 +0（累計 519/1000）
[2026-06-14T12:41:03.738Z]   「港区 飲食 メーカー 一覧」 +0（累計 519/1000）
[2026-06-14T12:41:04.709Z]   「港区 食品 企業」 +0（累計 519/1000）
[2026-06-14T12:41:11.110Z]   「港区 医療機器 企業 一覧」 +0（累計 519/1000）
[2026-06-14T12:41:14.121Z]   「港区 介護 ベンチャー」 +0（累計 519/1000）
[2026-06-14T12:41:14.593Z]   「港区 教育 中小企業」 +0（累計 519/1000）
[2026-06-14T12:41:21.127Z]   「港区 コンサルティング BtoB 企業」 +0（累計 519/1000）
[2026-06-14T12:41:24.511Z]   「港区 金融 優良企業」 +0（累計 519/1000）
[2026-06-14T12:41:24.698Z]   「港区 アパレル メーカー 一覧」 +0（累計 519/1000）
[2026-06-14T12:41:31.274Z]   「港区 印刷 企業」 +0（累計 519/1000）
[2026-06-14T12:41:34.524Z]   「港区 化学 ベンチャー」 +0（累計 519/1000）
[2026-06-14T12:41:34.997Z]   「港区 運輸 企業 一覧」 +0（累計 519/1000）
[2026-06-14T12:41:41.431Z]   「港区 環境 中小企業」 +0（累計 519/1000）
[2026-06-14T12:41:43.625Z]   「千代田区 アプリ開発 BtoB 企業」 +3（累計 522/1000）
[2026-06-14T12:41:43.824Z]   「千代田区 ソフトウェア 中小企業」 +0（累計 522/1000）
[2026-06-14T12:41:50.206Z]   「千代田区 DX 優良企業」 +0（累計 522/1000）
[2026-06-14T12:41:52.291Z]   「千代田区 AI メーカー 一覧」 +0（累計 522/1000）
[2026-06-14T12:41:52.715Z]   「千代田区 通信 企業」 +0（累計 522/1000）
[2026-06-14T12:41:59.530Z]   「千代田区 半導体 企業 一覧」 +0（累計 522/1000）
[2026-06-14T12:42:00.998Z]   「千代田区 自動車部品 ベンチャー」 +0（累計 522/1000）
[2026-06-14T12:42:01.302Z]   「千代田区 精密機器 中小企業」 +0（累計 522/1000）
[2026-06-14T12:42:08.322Z]   「千代田区 鉄鋼 BtoB 企業」 +0（累計 522/1000）
[2026-06-14T12:42:09.606Z]   「千代田区 繊維 優良企業」 +0（累計 522/1000）
[2026-06-14T12:42:09.985Z]   「千代田区 化粧品 メーカー 一覧」 +0（累計 522/1000）
[2026-06-14T12:42:16.973Z]   「千代田区 日用品 企業」 +0（累計 522/1000）
[2026-06-14T12:42:18.331Z]   「千代田区 玩具 企業 一覧」 +0（累計 522/1000）
[2026-06-14T12:42:18.512Z]   「千代田区 出版 ベンチャー」 +0（累計 522/1000）
[2026-06-14T12:42:25.543Z]   「千代田区 放送 中小企業」 +0（累計 522/1000）
[2026-06-14T12:42:26.973Z]   「千代田区 ゲーム BtoB 企業」 +0（累計 522/1000）
[2026-06-14T12:42:27.169Z]   「千代田区 エンタメ 優良企業」 +0（累計 522/1000）
[2026-06-14T12:42:34.160Z]   「千代田区 スポーツ メーカー 一覧」 +0（累計 522/1000）
[2026-06-14T12:42:35.542Z]   「千代田区 警備 企業」 +0（累計 522/1000）
[2026-06-14T12:42:37.115Z]   「千代田区 清掃 企業 一覧」 +0（累計 522/1000）
[2026-06-14T12:42:43.046Z]   「千代田区 リフォーム ベンチャー」 +0（累計 522/1000）
[2026-06-14T12:42:45.016Z]   「千代田区 住宅 中小企業」 +0（累計 522/1000）
[2026-06-14T12:42:45.642Z]   「千代田区 設備工事 BtoB 企業」 +0（累計 522/1000）
[2026-06-14T12:42:51.655Z]   「千代田区 卸売 優良企業」 +0（累計 522/1000）
[2026-06-14T12:42:54.247Z]   「千代田区 保険 企業」 +0（累計 522/1000）
[2026-06-14T12:43:00.172Z]   「千代田区 証券 企業 一覧」 +0（累計 522/1000）
[2026-06-14T12:43:02.876Z]   「千代田区 専門商社 メーカー 一覧」 +0（累計 522/1000）
[2026-06-14T12:43:03.224Z]   「千代田区 リース ベンチャー」 +0（累計 522/1000）
[2026-06-14T12:43:08.789Z]   「千代田区 会計事務所 中小企業」 +0（累計 522/1000）
[2026-06-14T12:43:11.438Z]   「千代田区 病院 BtoB 企業」 +0（累計 522/1000）
[2026-06-14T12:43:11.821Z]   「千代田区 薬局 優良企業」 +0（累計 522/1000）
[2026-06-14T12:43:17.333Z]   「千代田区 保育 メーカー 一覧」 +0（累計 522/1000）
[2026-06-14T12:43:20.110Z]   「千代田区 学習塾 企業」 +0（累計 522/1000）
[2026-06-14T12:43:20.435Z]   「千代田区 専門学校 企業 一覧」 +0（累計 522/1000）
[2026-06-14T12:43:26.635Z]   「千代田区 農業 ベンチャー」 +0（累計 522/1000）
[2026-06-14T12:43:28.675Z]   「千代田区 水産 中小企業」 +0（累計 522/1000）
[2026-06-14T12:43:29.023Z]   「千代田区 観光 BtoB 企業」 +0（累計 522/1000）
[2026-06-14T12:43:35.220Z]   「千代田区 ホテル 優良企業」 +0（累計 522/1000）
[2026-06-14T12:43:37.341Z]   「千代田区 旅館 メーカー 一覧」 +0（累計 522/1000）
[2026-06-14T12:43:37.544Z]   「千代田区 航空 企業」 +0（累計 522/1000）
[2026-06-14T12:43:43.742Z]   「千代田区 鉄道 企業 一覧」 +0（累計 522/1000）
[2026-06-14T12:43:45.878Z]   「千代田区 倉庫 ベンチャー」 +0（累計 522/1000）
[2026-06-14T12:43:50.017Z]   「千代田区 飲料 中小企業」 +0（累計 522/1000）
[2026-06-14T12:43:52.548Z]   「千代田区 製薬 BtoB 企業」 +0（累計 522/1000）
[2026-06-14T12:43:58.744Z]   「千代田区 IT メーカー 一覧」 +0（累計 522/1000）
[2026-06-14T12:44:01.147Z]   「千代田区 SaaS 企業」 +0（累計 522/1000）
[2026-06-14T12:44:07.300Z]   「千代田区 システム開発 企業 一覧」 +0（累計 522/1000）
[2026-06-14T12:44:08.464Z]   「千代田区 電機 優良企業」 +0（累計 522/1000）
[2026-06-14T12:44:09.869Z]   「千代田区 Web制作 ベンチャー」 +0（累計 522/1000）
[2026-06-14T12:44:15.964Z]   「千代田区 製造 中小企業」 +0（累計 522/1000）
[2026-06-14T12:44:16.966Z]   「千代田区 メーカー BtoB 企業」 +0（累計 522/1000）
[2026-06-14T12:44:24.495Z]   「千代田区 電子部品 メーカー 一覧」 +0（累計 522/1000）
[2026-06-14T12:44:25.478Z]   「千代田区 建設 企業」 +0（累計 522/1000）
[2026-06-14T12:44:33.157Z]   「千代田区 不動産 企業 一覧」 +0（累計 522/1000）
[2026-06-14T12:44:34.093Z]   「千代田区 人材 ベンチャー」 +0（累計 522/1000）
[2026-06-14T12:44:41.870Z]   「千代田区 広告 中小企業」 +0（累計 522/1000）
[2026-06-14T12:44:42.308Z]   「千代田区 機械 優良企業」 +0（累計 522/1000）
[2026-06-14T12:44:42.631Z]   「千代田区 物流 BtoB 企業」 +0（累計 522/1000）
[2026-06-14T12:44:50.422Z]   「千代田区 商社 優良企業」 +0（累計 522/1000）
[2026-06-14T12:44:50.906Z]   「千代田区 小売 メーカー 一覧」 +0（累計 522/1000）
[2026-06-14T12:44:51.211Z]   「千代田区 飲食 企業」 +0（累計 522/1000）
[2026-06-14T12:44:59.423Z]   「千代田区 食品 企業 一覧」 +0（累計 522/1000）
[2026-06-14T12:44:59.729Z]   「千代田区 介護 中小企業」 +0（累計 522/1000）
[2026-06-14T12:44:59.971Z]   「千代田区 医療機器 ベンチャー」 +0（累計 522/1000）
[2026-06-14T12:45:08.112Z]   「千代田区 教育 BtoB 企業」 +0（累計 522/1000）
[2026-06-14T12:45:08.307Z]   「千代田区 コンサルティング 優良企業」 +0（累計 522/1000）
[2026-06-14T12:45:08.614Z]   「千代田区 金融 メーカー 一覧」 +0（累計 522/1000）
[2026-06-14T12:45:16.690Z]   「千代田区 アパレル 企業」 +0（累計 522/1000）
[2026-06-14T12:45:17.004Z]   「千代田区 印刷 企業 一覧」 +0（累計 522/1000）
[2026-06-14T12:45:17.225Z]   「千代田区 運輸 ベンチャー」 +0（累計 522/1000）
[2026-06-14T12:45:25.253Z]   「千代田区 化学 中小企業」 +0（累計 522/1000）
[2026-06-14T12:45:25.582Z]   「千代田区 環境 BtoB 企業」 +0（累計 522/1000）
[2026-06-14T12:45:34.193Z]   「中央区 ソフトウェア BtoB 企業」 +1（累計 523/1000）
[2026-06-14T12:45:40.767Z]   「中央区 アプリ開発 優良企業」 +0（累計 523/1000）
[2026-06-14T12:45:41.468Z]   「中央区 DX メーカー 一覧」 +0（累計 523/1000）
[2026-06-14T12:45:49.605Z]   「中央区 AI 企業」 +0（累計 523/1000）
[2026-06-14T12:45:56.569Z]   「中央区 通信 企業 一覧」 +0（累計 523/1000）
[2026-06-14T12:45:57.368Z]   「中央区 半導体 ベンチャー」 +0（累計 523/1000）
[2026-06-14T12:46:05.865Z]   「中央区 自動車部品 中小企業」 +0（累計 523/1000）
[2026-06-14T12:46:14.504Z]   「中央区 精密機器 BtoB 企業」 +0（累計 523/1000）
[2026-06-14T12:46:15.106Z]   「中央区 鉄鋼 優良企業」 +0（累計 523/1000）
[2026-06-14T12:46:22.560Z]   「中央区 繊維 メーカー 一覧」 +0（累計 523/1000）
[2026-06-14T12:46:33.333Z]   「中央区 日用品 企業 一覧」 +0（累計 523/1000）
[2026-06-14T12:46:33.792Z]   「中央区 化粧品 企業」 +0（累計 523/1000）
[2026-06-14T12:46:40.054Z]   「中央区 玩具 ベンチャー」 +0（累計 523/1000）
[2026-06-14T12:46:49.636Z]   「中央区 放送 BtoB 企業」 +0（累計 523/1000）
[2026-06-14T12:46:51.856Z]   「中央区 出版 中小企業」 +0（累計 523/1000）
[2026-06-14T12:46:56.449Z]   「中央区 ゲーム 優良企業」 +0（累計 523/1000）
[2026-06-14T12:47:05.499Z]   「中央区 エンタメ メーカー 一覧」 +0（累計 523/1000）
[2026-06-14T12:47:07.690Z]   「中央区 スポーツ 企業」 +0（累計 523/1000）
[2026-06-14T12:47:12.419Z]   「中央区 警備 企業 一覧」 +0（累計 523/1000）
[2026-06-14T12:47:21.835Z]   「中央区 清掃 ベンチャー」 +0（累計 523/1000）
[2026-06-14T12:47:23.903Z]   「中央区 リフォーム 中小企業」 +0（累計 523/1000）
[2026-06-14T12:47:28.800Z]   「中央区 住宅 BtoB 企業」 +0（累計 523/1000）
[2026-06-14T12:47:37.350Z]   「中央区 設備工事 優良企業」 +0（累計 523/1000）
[2026-06-14T12:47:40.008Z]   「中央区 卸売 メーカー 一覧」 +0（累計 523/1000）
[2026-06-14T12:47:45.011Z]   「中央区 専門商社 企業」 +0（累計 523/1000）
[2026-06-14T12:47:53.732Z]   「中央区 保険 企業 一覧」 +0（累計 523/1000）
[2026-06-14T12:47:55.968Z]   「中央区 証券 ベンチャー」 +0（累計 523/1000）
[2026-06-14T12:48:00.918Z]   「中央区 リース 中小企業」 +0（累計 523/1000）
[2026-06-14T12:48:10.315Z]   「中央区 会計事務所 BtoB 企業」 +0（累計 523/1000）
[2026-06-14T12:48:12.310Z]   「中央区 病院 優良企業」 +0（累計 523/1000）
[2026-06-14T12:48:17.279Z]   「中央区 薬局 メーカー 一覧」 +0（累計 523/1000）
[2026-06-14T12:48:25.824Z]   「中央区 保育 企業」 +0（累計 523/1000）
[2026-06-14T12:48:28.996Z]   「中央区 学習塾 企業 一覧」 +0（累計 523/1000）
[2026-06-14T12:48:33.774Z]   「中央区 専門学校 ベンチャー」 +0（累計 523/1000）
[2026-06-14T12:48:43.357Z]   「中央区 農業 中小企業」 +0（累計 523/1000）
[2026-06-14T12:48:46.508Z]   「中央区 水産 BtoB 企業」 +0（累計 523/1000）
[2026-06-14T12:48:46.974Z]   「中央区 観光 優良企業」 +0（累計 523/1000）
[2026-06-14T12:48:59.270Z]   「中央区 ホテル メーカー 一覧」 +0（累計 523/1000）
[2026-06-14T12:49:02.663Z]   「中央区 旅館 企業」 +0（累計 523/1000）
[2026-06-14T12:49:03.956Z]   「中央区 航空 企業 一覧」 +0（累計 523/1000）
[2026-06-14T12:49:15.274Z]   「中央区 鉄道 ベンチャー」 +0（累計 523/1000）
[2026-06-14T12:49:18.149Z]   「中央区 倉庫 中小企業」 +0（累計 523/1000）
[2026-06-14T12:49:20.133Z]   「中央区 飲料 BtoB 企業」 +0（累計 523/1000）
[2026-06-14T12:49:31.928Z]   「中央区 製薬 優良企業」 +0（累計 523/1000）
[2026-06-14T12:49:33.860Z]   「中央区 電機 メーカー 一覧」 +0（累計 523/1000）
[2026-06-14T12:49:36.113Z]   「中央区 IT 企業」 +0（累計 523/1000）
[2026-06-14T12:49:47.753Z]   「中央区 システム開発 ベンチャー」 +0（累計 523/1000）
[2026-06-14T12:49:47.807Z]   「中央区 SaaS 企業 一覧」 +0（累計 523/1000）
[2026-06-14T12:49:53.520Z]   「中央区 Web制作 中小企業」 +0（累計 523/1000）
[2026-06-14T12:50:05.975Z]   「中央区 製造 BtoB 企業」 +0（累計 523/1000）
[2026-06-14T12:50:06.327Z]   「中央区 メーカー 優良企業」 +0（累計 523/1000）
[2026-06-14T12:50:12.320Z]   「中央区 機械 メーカー 一覧」 +0（累計 523/1000）
[2026-06-14T12:50:24.626Z]   「中央区 建設 企業 一覧」 +0（累計 523/1000）
[2026-06-14T12:50:24.676Z]   「中央区 電子部品 企業」 +0（累計 523/1000）
[2026-06-14T12:50:31.222Z]   「中央区 不動産 ベンチャー」 +0（累計 523/1000）
[2026-06-14T12:50:43.194Z]   「中央区 広告 BtoB 企業」 +0（累計 523/1000）
[2026-06-14T12:50:43.679Z]   「中央区 人材 中小企業」 +0（累計 523/1000）
[2026-06-14T12:50:49.526Z]   「中央区 物流 優良企業」 +0（累計 523/1000）
[2026-06-14T12:51:02.548Z]   「中央区 商社 メーカー 一覧」 +0（累計 523/1000）
[2026-06-14T12:51:02.934Z]   「中央区 小売 企業」 +0（累計 523/1000）
[2026-06-14T12:51:09.835Z]   「中央区 飲食 企業 一覧」 +0（累計 523/1000）
[2026-06-14T12:51:22.131Z]   「中央区 食品 ベンチャー」 +0（累計 523/1000）
[2026-06-14T12:51:22.455Z]   「中央区 医療機器 中小企業」 +0（累計 523/1000）
[2026-06-14T12:51:28.252Z]   「中央区 介護 BtoB 企業」 +0（累計 523/1000）
[2026-06-14T12:51:41.148Z]   「中央区 教育 優良企業」 +0（累計 523/1000）
[2026-06-14T12:51:41.182Z]   「中央区 コンサルティング メーカー 一覧」 +0（累計 523/1000）
[2026-06-14T12:51:46.934Z]   「中央区 金融 企業」 +0（累計 523/1000）
[2026-06-14T12:51:59.794Z]   「中央区 アパレル 企業 一覧」 +0（累計 523/1000）
[2026-06-14T12:52:00.035Z]   「中央区 印刷 ベンチャー」 +0（累計 523/1000）
[2026-06-14T12:52:06.037Z]   「中央区 運輸 中小企業」 +0（累計 523/1000）
[2026-06-14T12:52:16.116Z]   「品川区 ソフトウェア 優良企業」 +1（累計 524/1000）
[2026-06-14T12:52:18.303Z]   「中央区 環境 優良企業」 +0（累計 524/1000）
[2026-06-14T12:52:18.445Z]   「中央区 化学 BtoB 企業」 +0（累計 524/1000）
[2026-06-14T12:52:24.387Z]   「品川区 アプリ開発 メーカー 一覧」 +0（累計 524/1000）
[2026-06-14T12:52:27.350Z]   「品川区 DX 企業」 +0（累計 524/1000）
[2026-06-14T12:52:27.682Z]   「品川区 AI 企業 一覧」 +0（累計 524/1000）
[2026-06-14T12:52:35.698Z]   「品川区 半導体 中小企業」 +0（累計 524/1000）
[2026-06-14T12:52:35.973Z]   「品川区 自動車部品 BtoB 企業」 +0（累計 524/1000）
[2026-06-14T12:52:37.328Z]   「品川区 通信 ベンチャー」 +0（累計 524/1000）
[2026-06-14T12:52:43.937Z]   「品川区 精密機器 優良企業」 +0（累計 524/1000）
[2026-06-14T12:52:44.284Z]   「品川区 鉄鋼 メーカー 一覧」 +0（累計 524/1000）
[2026-06-14T12:52:46.354Z]   「品川区 繊維 企業」 +0（累計 524/1000）
[2026-06-14T12:52:52.205Z]   「品川区 化粧品 企業 一覧」 +0（累計 524/1000）
[2026-06-14T12:52:52.543Z]   「品川区 日用品 ベンチャー」 +0（累計 524/1000）
[2026-06-14T12:52:54.691Z]   「品川区 玩具 中小企業」 +0（累計 524/1000）
[2026-06-14T12:53:00.457Z]   「品川区 出版 BtoB 企業」 +0（累計 524/1000）
[2026-06-14T12:53:01.710Z]   「品川区 放送 優良企業」 +0（累計 524/1000）
[2026-06-14T12:53:02.933Z]   「品川区 ゲーム メーカー 一覧」 +0（累計 524/1000）
[2026-06-14T12:53:10.802Z]   「品川区 エンタメ 企業」 +0（累計 524/1000）
[2026-06-14T12:53:11.013Z]   「品川区 スポーツ 企業 一覧」 +0（累計 524/1000）
[2026-06-14T12:53:11.319Z]   「品川区 警備 ベンチャー」 +0（累計 524/1000）
[2026-06-14T12:53:19.057Z]   「品川区 清掃 中小企業」 +0（累計 524/1000）
[2026-06-14T12:53:20.391Z]   「品川区 リフォーム BtoB 企業」 +0（累計 524/1000）
[2026-06-14T12:53:20.459Z]   「品川区 住宅 優良企業」 +0（累計 524/1000）
[2026-06-14T12:53:27.281Z]   「品川区 設備工事 メーカー 一覧」 +0（累計 524/1000）
[2026-06-14T12:53:28.656Z]   「品川区 卸売 企業」 +0（累計 524/1000）
[2026-06-14T12:53:28.790Z]   「品川区 専門商社 企業 一覧」 +0（累計 524/1000）
[2026-06-14T12:53:36.523Z]   「品川区 保険 ベンチャー」 +0（累計 524/1000）
[2026-06-14T12:53:36.852Z]   「品川区 証券 中小企業」 +0（累計 524/1000）
[2026-06-14T12:53:37.350Z]   「品川区 リース BtoB 企業」 +0（累計 524/1000）
[2026-06-14T12:53:44.798Z]   「品川区 会計事務所 優良企業」 +0（累計 524/1000）
[2026-06-14T12:53:45.018Z]   「品川区 病院 メーカー 一覧」 +0（累計 524/1000）
[2026-06-14T12:53:46.193Z]   「品川区 薬局 企業」 +0（累計 524/1000）
[2026-06-14T12:53:53.955Z]   「品川区 保育 企業 一覧」 +0（累計 524/1000）
[2026-06-14T12:53:54.341Z]   「品川区 学習塾 ベンチャー」 +0（累計 524/1000）
[2026-06-14T12:53:54.432Z]   「品川区 専門学校 中小企業」 +0（累計 524/1000）
[2026-06-14T12:54:02.223Z]   「品川区 農業 BtoB 企業」 +0（累計 524/1000）
[2026-06-14T12:54:02.693Z]   「品川区 水産 優良企業」 +0（累計 524/1000）
[2026-06-14T12:54:02.740Z]   「品川区 観光 メーカー 一覧」 +0（累計 524/1000）
[2026-06-14T12:54:12.433Z]   「品川区 旅館 企業 一覧」 +0（累計 524/1000）
[2026-06-14T12:54:12.485Z]   「品川区 ホテル 企業」 +0（累計 524/1000）
[2026-06-14T12:54:12.487Z]   「品川区 航空 ベンチャー」 +0（累計 524/1000）
[2026-06-14T12:54:20.708Z]   「品川区 鉄道 中小企業」 +0（累計 524/1000）
[2026-06-14T12:54:20.776Z]   「品川区 倉庫 BtoB 企業」 +0（累計 524/1000）
[2026-06-14T12:54:21.808Z]   「品川区 飲料 優良企業」 +0（累計 524/1000）
[2026-06-14T12:54:28.978Z]   「品川区 製薬 メーカー 一覧」 +0（累計 524/1000）
[2026-06-14T12:54:29.051Z]   「品川区 電機 企業」 +0（累計 524/1000）
[2026-06-14T12:54:30.136Z]   「品川区 IT 企業 一覧」 +0（累計 524/1000）
[2026-06-14T12:54:38.059Z]   「品川区 SaaS ベンチャー」 +0（累計 524/1000）
[2026-06-14T12:54:38.211Z]   「品川区 システム開発 中小企業」 +0（累計 524/1000）
[2026-06-14T12:54:38.379Z]   「品川区 Web制作 BtoB 企業」 +0（累計 524/1000）
[2026-06-14T12:54:46.382Z]   「品川区 製造 優良企業」 +0（累計 524/1000）
[2026-06-14T12:54:46.509Z]   「品川区 メーカー メーカー 一覧」 +0（累計 524/1000）
[2026-06-14T12:54:46.590Z]   「品川区 機械 企業」 +0（累計 524/1000）
[2026-06-14T12:54:55.739Z]   「品川区 電子部品 企業 一覧」 +0（累計 524/1000）
[2026-06-14T12:54:55.759Z]   「品川区 建設 ベンチャー」 +0（累計 524/1000）
[2026-06-14T12:54:55.771Z]   「品川区 不動産 中小企業」 +0（累計 524/1000）
[2026-06-14T12:55:04.027Z]   「品川区 広告 優良企業」 +0（累計 524/1000）
[2026-06-14T12:55:04.163Z]   「品川区 人材 BtoB 企業」 +0（累計 524/1000）
[2026-06-14T12:55:04.541Z]   「品川区 物流 メーカー 一覧」 +0（累計 524/1000）
[2026-06-14T12:55:14.241Z]   「品川区 飲食 ベンチャー」 +0（累計 524/1000）
[2026-06-14T12:55:14.277Z]   「品川区 商社 企業」 +0（累計 524/1000）
[2026-06-14T12:55:15.046Z]   「品川区 小売 企業 一覧」 +0（累計 524/1000）
[2026-06-14T12:55:22.464Z]   「品川区 食品 中小企業」 +0（累計 524/1000）
[2026-06-14T12:55:22.745Z]   「品川区 医療機器 BtoB 企業」 +0（累計 524/1000）
[2026-06-14T12:55:23.593Z]   「品川区 介護 優良企業」 +0（累計 524/1000）
[2026-06-14T12:55:30.736Z]   「品川区 教育 メーカー 一覧」 +0（累計 524/1000）
[2026-06-14T12:55:31.078Z]   「品川区 コンサルティング 企業」 +0（累計 524/1000）
[2026-06-14T12:55:32.792Z]   「品川区 金融 企業 一覧」 +0（累計 524/1000）
[2026-06-14T12:55:39.157Z]   「品川区 アパレル ベンチャー」 +0（累計 524/1000）
[2026-06-14T12:55:39.349Z]   「品川区 印刷 中小企業」 +0（累計 524/1000）
[2026-06-14T12:55:41.044Z]   「品川区 運輸 BtoB 企業」 +0（累計 524/1000）
[2026-06-14T12:55:48.144Z]   「品川区 化学 優良企業」 +0（累計 524/1000）
[2026-06-14T12:55:56.396Z]   「品川区 環境 メーカー 一覧」 +0（累計 524/1000）
[2026-06-14T12:56:11.795Z]   「目黒区 ソフトウェア メーカー 一覧」 +2（累計 526/1000）
[2026-06-14T12:56:14.424Z]   「目黒区 アプリ開発 企業」 +0（累計 526/1000）
[2026-06-14T12:56:22.115Z]   「目黒区 DX 企業 一覧」 +0（累計 526/1000）
[2026-06-14T12:56:38.893Z]   「目黒区 AI ベンチャー」 +0（累計 526/1000）
[2026-06-14T12:56:40.012Z]   「目黒区 通信 中小企業」 +0（累計 526/1000）
[2026-06-14T12:56:48.296Z]   「目黒区 半導体 BtoB 企業」 +0（累計 526/1000）
[2026-06-14T12:57:06.396Z]   「目黒区 自動車部品 優良企業」 +0（累計 526/1000）
[2026-06-14T12:57:06.507Z]   「目黒区 精密機器 メーカー 一覧」 +0（累計 526/1000）
[2026-06-14T12:57:15.398Z]   「目黒区 鉄鋼 企業」 +0（累計 526/1000）
[2026-06-14T12:57:33.785Z]   「目黒区 繊維 企業 一覧」 +0（累計 526/1000）
[2026-06-14T12:57:34.011Z]   「目黒区 化粧品 ベンチャー」 +0（累計 526/1000）
[2026-06-14T12:57:42.886Z]   「目黒区 日用品 中小企業」 +0（累計 526/1000）
[2026-06-14T12:58:01.034Z]   「目黒区 玩具 BtoB 企業」 +0（累計 526/1000）
[2026-06-14T12:58:01.066Z]   「目黒区 出版 優良企業」 +0（累計 526/1000）
[2026-06-14T12:58:10.263Z]   「目黒区 放送 メーカー 一覧」 +0（累計 526/1000）
[2026-06-14T12:58:28.554Z]   「目黒区 ゲーム 企業」 +0（累計 526/1000）
[2026-06-14T12:58:28.683Z]   「目黒区 エンタメ 企業 一覧」 +0（累計 526/1000）
[2026-06-14T12:58:37.831Z]   「目黒区 スポーツ ベンチャー」 +0（累計 526/1000）
[2026-06-14T12:58:55.687Z]   「目黒区 清掃 BtoB 企業」 +0（累計 526/1000）
[2026-06-14T12:58:55.959Z]   「目黒区 警備 中小企業」 +0（累計 526/1000）
[2026-06-14T12:59:05.142Z]   「目黒区 リフォーム 優良企業」 +0（累計 526/1000）
[2026-06-14T12:59:23.577Z]   「目黒区 設備工事 企業」 +0（累計 526/1000）
[2026-06-14T12:59:23.774Z]   「目黒区 住宅 メーカー 一覧」 +0（累計 526/1000）
[2026-06-14T12:59:32.819Z]   「目黒区 卸売 企業 一覧」 +0（累計 526/1000）
[2026-06-14T12:59:51.381Z]   「目黒区 保険 中小企業」 +0（累計 526/1000）
[2026-06-14T12:59:51.579Z]   「目黒区 専門商社 ベンチャー」 +0（累計 526/1000）
[2026-06-14T13:00:00.944Z]   「目黒区 証券 BtoB 企業」 +0（累計 526/1000）
[2026-06-14T13:00:19.539Z]   「目黒区 リース 優良企業」 +0（累計 526/1000）
[2026-06-14T13:00:19.604Z]   「目黒区 会計事務所 メーカー 一覧」 +0（累計 526/1000）
[2026-06-14T13:00:28.878Z]   「目黒区 病院 企業」 +0（累計 526/1000）
[2026-06-14T13:00:46.388Z]   「目黒区 保育 ベンチャー」 +0（累計 526/1000）
[2026-06-14T13:00:46.747Z]   「目黒区 薬局 企業 一覧」 +0（累計 526/1000）
[2026-06-14T13:00:55.862Z]   「目黒区 学習塾 中小企業」 +0（累計 526/1000）
[2026-06-14T13:01:14.202Z]   「目黒区 農業 優良企業」 +0（累計 526/1000）
[2026-06-14T13:01:14.297Z]   「目黒区 専門学校 BtoB 企業」 +0（累計 526/1000）
[2026-06-14T13:01:23.817Z]   「目黒区 水産 メーカー 一覧」 +0（累計 526/1000）
[2026-06-14T13:01:42.024Z]   「目黒区 ホテル 企業 一覧」 +0（累計 526/1000）
[2026-06-14T13:01:42.088Z]   「目黒区 観光 企業」 +0（累計 526/1000）
[2026-06-14T13:01:51.611Z]   「目黒区 旅館 ベンチャー」 +0（累計 526/1000）
[2026-06-14T13:02:10.321Z]   「目黒区 航空 中小企業」 +0（累計 526/1000）
[2026-06-14T13:02:10.353Z]   「目黒区 鉄道 BtoB 企業」 +0（累計 526/1000）
[2026-06-14T13:02:19.849Z]   「目黒区 倉庫 優良企業」 +0（累計 526/1000）
[2026-06-14T13:02:37.987Z]   「目黒区 製薬 企業」 +0（累計 526/1000）
[2026-06-14T13:02:38.081Z]   「目黒区 飲料 メーカー 一覧」 +0（累計 526/1000）
[2026-06-14T13:02:47.168Z]   「目黒区 電機 企業 一覧」 +0（累計 526/1000）
[2026-06-14T13:03:05.872Z]   「目黒区 IT ベンチャー」 +0（累計 526/1000）
[2026-06-14T13:03:05.960Z]   「目黒区 SaaS 中小企業」 +0（累計 526/1000）
[2026-06-14T13:03:14.627Z]   「目黒区 システム開発 BtoB 企業」 +0（累計 526/1000）
[2026-06-14T13:03:33.143Z]   「目黒区 製造 メーカー 一覧」 +0（累計 526/1000）
[2026-06-14T13:03:33.191Z]   「目黒区 Web制作 優良企業」 +0（累計 526/1000）
[2026-06-14T13:03:42.521Z]   「目黒区 メーカー 企業」 +0（累計 526/1000）
[2026-06-14T13:04:00.660Z]   「目黒区 機械 企業 一覧」 +0（累計 526/1000）
[2026-06-14T13:04:00.932Z]   「目黒区 電子部品 ベンチャー」 +0（累計 526/1000）
[2026-06-14T13:04:10.051Z]   「目黒区 建設 中小企業」 +0（累計 526/1000）
[2026-06-14T13:04:23.768Z]   「目黒区 人材 優良企業」 +0（累計 526/1000）
[2026-06-14T13:04:28.601Z]   「目黒区 不動産 BtoB 企業」 +0（累計 526/1000）
[2026-06-14T13:04:37.314Z]   「目黒区 広告 メーカー 一覧」 +0（累計 526/1000）
[2026-06-14T13:04:50.114Z]   「目黒区 物流 企業」 +0（累計 526/1000）
[2026-06-14T13:04:55.926Z]   「目黒区 商社 企業 一覧」 +0（累計 526/1000）
[2026-06-14T13:05:04.370Z]   「目黒区 小売 ベンチャー」 +0（累計 526/1000）
[2026-06-14T13:05:15.693Z]   「目黒区 飲食 中小企業」 +0（累計 526/1000）
[2026-06-14T13:05:22.766Z]   「目黒区 食品 BtoB 企業」 +0（累計 526/1000）
[2026-06-14T13:05:26.814Z]   「目黒区 医療機器 優良企業」 +0（累計 526/1000）
[2026-06-14T13:05:41.858Z]   「目黒区 介護 メーカー 一覧」 +0（累計 526/1000）
[2026-06-14T13:05:49.937Z]   「目黒区 教育 企業」 +0（累計 526/1000）
[2026-06-14T13:05:52.912Z]   「目黒区 コンサルティング 企業 一覧」 +0（累計 526/1000）
[2026-06-14T13:06:04.754Z]   「目黒区 金融 ベンチャー」 +0（累計 526/1000）
[2026-06-14T13:06:16.218Z]   「目黒区 アパレル 中小企業」 +0（累計 526/1000）
[2026-06-14T13:06:19.662Z]   「目黒区 印刷 BtoB 企業」 +0（累計 526/1000）
[2026-06-14T13:06:30.316Z]   「目黒区 運輸 優良企業」 +0（累計 526/1000）
[2026-06-14T13:06:40.713Z]   「世田谷区 ソフトウェア 企業」 +0（累計 526/1000）
[2026-06-14T13:06:41.938Z]   「目黒区 化学 メーカー 一覧」 +0（累計 526/1000）
[2026-06-14T13:06:45.168Z]   「目黒区 環境 企業」 +0（累計 526/1000）
[2026-06-14T13:06:50.583Z]   「世田谷区 アプリ開発 企業 一覧」 +0（累計 526/1000）
[2026-06-14T13:06:50.993Z]   「世田谷区 DX ベンチャー」 +0（累計 526/1000）
[2026-06-14T13:06:54.424Z]   「世田谷区 AI 中小企業」 +0（累計 526/1000）
[2026-06-14T13:06:59.691Z]   「世田谷区 通信 BtoB 企業」 +0（累計 526/1000）
[2026-06-14T13:07:00.089Z]   「世田谷区 半導体 優良企業」 +0（累計 526/1000）
[2026-06-14T13:07:03.717Z]   「世田谷区 自動車部品 メーカー 一覧」 +0（累計 526/1000）
[2026-06-14T13:07:08.911Z]   「世田谷区 精密機器 企業」 +0（累計 526/1000）
[2026-06-14T13:07:09.299Z]   「世田谷区 鉄鋼 企業 一覧」 +0（累計 526/1000）
[2026-06-14T13:07:13.688Z]   「世田谷区 繊維 ベンチャー」 +0（累計 526/1000）
[2026-06-14T13:07:18.594Z]   「世田谷区 化粧品 中小企業」 +0（累計 526/1000）
[2026-06-14T13:07:18.764Z]   「世田谷区 日用品 BtoB 企業」 +0（累計 526/1000）
[2026-06-14T13:07:21.278Z]   「世田谷区 出版 メーカー 一覧」 +60（累計 586/1000）
[2026-06-14T13:07:22.763Z]   「世田谷区 玩具 優良企業」 +0（累計 586/1000）
[2026-06-14T13:07:28.378Z]   「世田谷区 放送 企業」 +0（累計 586/1000）
[2026-06-14T13:07:30.386Z]   「世田谷区 ゲーム 企業 一覧」 +0（累計 586/1000）
[2026-06-14T13:07:32.473Z]   「世田谷区 エンタメ ベンチャー」 +0（累計 586/1000）
[2026-06-14T13:07:37.564Z]   「世田谷区 スポーツ 中小企業」 +0（累計 586/1000）
[2026-06-14T13:07:39.665Z]   「世田谷区 警備 BtoB 企業」 +0（累計 586/1000）
[2026-06-14T13:07:41.718Z]   「世田谷区 清掃 優良企業」 +0（累計 586/1000）
[2026-06-14T13:07:46.847Z]   「世田谷区 リフォーム メーカー 一覧」 +0（累計 586/1000）
[2026-06-14T13:07:48.879Z]   「世田谷区 住宅 企業」 +0（累計 586/1000）
[2026-06-14T13:07:50.975Z]   「世田谷区 設備工事 企業 一覧」 +0（累計 586/1000）
[2026-06-14T13:07:56.069Z]   「世田谷区 卸売 ベンチャー」 +0（累計 586/1000）
[2026-06-14T13:07:58.024Z]   「世田谷区 専門商社 中小企業」 +0（累計 586/1000）
[2026-06-14T13:08:00.141Z]   「世田谷区 保険 BtoB 企業」 +0（累計 586/1000）
[2026-06-14T13:08:06.462Z]   「世田谷区 証券 優良企業」 +0（累計 586/1000）
[2026-06-14T13:08:07.472Z]   「世田谷区 リース メーカー 一覧」 +0（累計 586/1000）
[2026-06-14T13:08:09.742Z]   「世田谷区 会計事務所 企業」 +0（累計 586/1000）
[2026-06-14T13:08:15.735Z]   「世田谷区 病院 企業 一覧」 +0（累計 586/1000）
[2026-06-14T13:08:17.475Z]   「世田谷区 薬局 ベンチャー」 +0（累計 586/1000）
[2026-06-14T13:08:18.954Z]   「世田谷区 保育 中小企業」 +0（累計 586/1000）
[2026-06-14T13:08:25.242Z]   「世田谷区 学習塾 BtoB 企業」 +0（累計 586/1000）
[2026-06-14T13:08:26.598Z]   「世田谷区 専門学校 優良企業」 +0（累計 586/1000）
[2026-06-14T13:08:28.079Z]   「世田谷区 農業 メーカー 一覧」 +0（累計 586/1000）
[2026-06-14T13:08:34.616Z]   「世田谷区 水産 企業」 +0（累計 586/1000）
[2026-06-14T13:08:35.671Z]   「世田谷区 観光 企業 一覧」 +0（累計 586/1000）
[2026-06-14T13:08:37.193Z]   「世田谷区 ホテル ベンチャー」 +0（累計 586/1000）
[2026-06-14T13:08:44.225Z]   「世田谷区 旅館 中小企業」 +0（累計 586/1000）
[2026-06-14T13:08:44.835Z]   「世田谷区 航空 BtoB 企業」 +0（累計 586/1000）
[2026-06-14T13:08:46.363Z]   「世田谷区 鉄道 優良企業」 +0（累計 586/1000）
[2026-06-14T13:08:53.403Z]   「世田谷区 倉庫 メーカー 一覧」 +0（累計 586/1000）
[2026-06-14T13:08:53.901Z]   「世田谷区 飲料 企業」 +0（累計 586/1000）
[2026-06-14T13:08:55.502Z]   「世田谷区 製薬 企業 一覧」 +0（累計 586/1000）
[2026-06-14T13:09:02.842Z]   「世田谷区 電機 ベンチャー」 +0（累計 586/1000）
[2026-06-14T13:09:03.323Z]   「世田谷区 IT 中小企業」 +0（累計 586/1000）
[2026-06-14T13:09:04.731Z]   「世田谷区 SaaS BtoB 企業」 +0（累計 586/1000）
[2026-06-14T13:09:12.000Z]   「世田谷区 システム開発 優良企業」 +0（累計 586/1000）
[2026-06-14T13:09:12.452Z]   「世田谷区 Web制作 メーカー 一覧」 +0（累計 586/1000）
[2026-06-14T13:09:14.025Z]   「世田谷区 製造 企業」 +0（累計 586/1000）
[2026-06-14T13:09:21.231Z]   「世田谷区 メーカー 企業 一覧」 +0（累計 586/1000）
[2026-06-14T13:09:21.594Z]   「世田谷区 機械 ベンチャー」 +0（累計 586/1000）
[2026-06-14T13:09:23.147Z]   「世田谷区 電子部品 中小企業」 +0（累計 586/1000）
[2026-06-14T13:09:30.539Z]   「世田谷区 建設 BtoB 企業」 +0（累計 586/1000）
[2026-06-14T13:09:30.746Z]   「世田谷区 不動産 優良企業」 +0（累計 586/1000）
[2026-06-14T13:09:32.677Z]   「世田谷区 人材 メーカー 一覧」 +0（累計 586/1000）
[2026-06-14T13:09:39.781Z]   「世田谷区 広告 企業」 +0（累計 586/1000）
[2026-06-14T13:09:40.296Z]   「世田谷区 物流 企業 一覧」 +0（累計 586/1000）
[2026-06-14T13:09:41.905Z]   「世田谷区 商社 ベンチャー」 +0（累計 586/1000）
[2026-06-14T13:09:48.987Z]   「世田谷区 小売 中小企業」 +0（累計 586/1000）
[2026-06-14T13:09:50.043Z]   「世田谷区 飲食 BtoB 企業」 +0（累計 586/1000）
[2026-06-14T13:09:51.053Z]   「世田谷区 食品 優良企業」 +0（累計 586/1000）
[2026-06-14T13:09:58.081Z]   「世田谷区 医療機器 メーカー 一覧」 +0（累計 586/1000）
[2026-06-14T13:09:59.178Z]   「世田谷区 介護 企業」 +0（累計 586/1000）
[2026-06-14T13:10:00.191Z]   「世田谷区 教育 企業 一覧」 +0（累計 586/1000）
[2026-06-14T13:10:07.245Z]   「世田谷区 コンサルティング ベンチャー」 +0（累計 586/1000）
[2026-06-14T13:10:08.389Z]   「世田谷区 金融 中小企業」 +0（累計 586/1000）
[2026-06-14T13:10:09.420Z]   「世田谷区 アパレル BtoB 企業」 +0（累計 586/1000）
[2026-06-14T13:10:16.683Z]   「世田谷区 印刷 優良企業」 +0（累計 586/1000）
[2026-06-14T13:10:17.648Z]   「世田谷区 運輸 メーカー 一覧」 +0（累計 586/1000）
[2026-06-14T13:10:18.588Z]   「世田谷区 化学 企業」 +0（累計 586/1000）
[2026-06-14T13:10:26.564Z]   「世田谷区 環境 企業 一覧」 +0（累計 586/1000）
[2026-06-14T13:10:27.017Z]   「文京区 ソフトウェア 企業 一覧」 +2（累計 588/1000）
[2026-06-14T13:10:27.578Z]   「文京区 アプリ開発 ベンチャー」 +0（累計 588/1000）
[2026-06-14T13:10:36.843Z]   「文京区 DX 中小企業」 +0（累計 588/1000）
[2026-06-14T13:10:37.113Z]   「文京区 通信 優良企業」 +0（累計 588/1000）
[2026-06-14T13:10:37.145Z]   「文京区 AI BtoB 企業」 +0（累計 588/1000）
[2026-06-14T13:10:45.930Z]   「文京区 半導体 メーカー 一覧」 +0（累計 588/1000）
[2026-06-14T13:10:46.095Z]   「文京区 自動車部品 企業」 +0（累計 588/1000）
[2026-06-14T13:10:46.434Z]   「文京区 精密機器 企業 一覧」 +0（累計 588/1000）
[2026-06-14T13:10:55.165Z]   「文京区 鉄鋼 ベンチャー」 +0（累計 588/1000）
[2026-06-14T13:10:55.450Z]   「文京区 繊維 中小企業」 +0（累計 588/1000）
[2026-06-14T13:10:55.500Z]   「文京区 化粧品 BtoB 企業」 +0（累計 588/1000）
[2026-06-14T13:11:04.069Z]   「文京区 日用品 優良企業」 +0（累計 588/1000）
[2026-06-14T13:11:04.417Z]   「文京区 玩具 メーカー 一覧」 +0（累計 588/1000）
[2026-06-14T13:11:04.503Z]   「文京区 出版 企業」 +0（累計 588/1000）
[2026-06-14T13:11:13.521Z]   「文京区 放送 企業 一覧」 +0（累計 588/1000）
[2026-06-14T13:11:13.823Z]   「文京区 ゲーム ベンチャー」 +0（累計 588/1000）
[2026-06-14T13:11:13.935Z]   「文京区 エンタメ 中小企業」 +0（累計 588/1000）
[2026-06-14T13:11:22.643Z]   「文京区 スポーツ BtoB 企業」 +0（累計 588/1000）
[2026-06-14T13:11:22.799Z]   「文京区 警備 優良企業」 +0（累計 588/1000）
[2026-06-14T13:11:22.947Z]   「文京区 清掃 メーカー 一覧」 +0（累計 588/1000）
[2026-06-14T13:11:31.629Z]   「文京区 リフォーム 企業」 +0（累計 588/1000）
[2026-06-14T13:11:31.737Z]   「文京区 住宅 企業 一覧」 +0（累計 588/1000）
[2026-06-14T13:11:32.024Z]   「文京区 設備工事 ベンチャー」 +0（累計 588/1000）
[2026-06-14T13:11:40.678Z]   「文京区 卸売 中小企業」 +0（累計 588/1000）
[2026-06-14T13:11:41.092Z]   「文京区 専門商社 BtoB 企業」 +0（累計 588/1000）
[2026-06-14T13:11:41.366Z]   「文京区 保険 優良企業」 +0（累計 588/1000）
[2026-06-14T13:11:49.646Z]   「文京区 証券 メーカー 一覧」 +0（累計 588/1000）
[2026-06-14T13:11:50.127Z]   「文京区 リース 企業」 +0（累計 588/1000）
[2026-06-14T13:11:50.318Z]   「文京区 会計事務所 企業 一覧」 +0（累計 588/1000）
[2026-06-14T13:11:57.742Z]   「文京区 薬局 中小企業」 +0（累計 588/1000）
[2026-06-14T13:11:58.722Z]   「文京区 病院 ベンチャー」 +0（累計 588/1000）
[2026-06-14T13:11:59.382Z]   「文京区 保育 BtoB 企業」 +0（累計 588/1000）
[2026-06-14T13:12:06.820Z]   「文京区 学習塾 優良企業」 +0（累計 588/1000）
[2026-06-14T13:12:09.661Z]   「文京区 農業 企業」 +0（累計 588/1000）
[2026-06-14T13:12:10.340Z]   「文京区 専門学校 メーカー 一覧」 +0（累計 588/1000）
[2026-06-14T13:12:16.511Z]   「文京区 水産 企業 一覧」 +0（累計 588/1000）
[2026-06-14T13:12:19.230Z]   「文京区 観光 ベンチャー」 +0（累計 588/1000）
[2026-06-14T13:12:19.581Z]   「文京区 ホテル 中小企業」 +0（累計 588/1000）
[2026-06-14T13:12:25.629Z]   「文京区 旅館 BtoB 企業」 +0（累計 588/1000）
[2026-06-14T13:12:28.341Z]   「文京区 航空 優良企業」 +0（累計 588/1000）
[2026-06-14T13:12:28.729Z]   「文京区 鉄道 メーカー 一覧」 +0（累計 588/1000）
[2026-06-14T13:12:35.195Z]   「文京区 倉庫 企業」 +0（累計 588/1000）
[2026-06-14T13:12:37.627Z]   「文京区 飲料 企業 一覧」 +0（累計 588/1000）
[2026-06-14T13:12:37.968Z]   「文京区 製薬 ベンチャー」 +0（累計 588/1000）
[2026-06-14T13:12:44.261Z]   「文京区 電機 中小企業」 +0（累計 588/1000）
[2026-06-14T13:12:46.627Z]   「文京区 IT BtoB 企業」 +0（累計 588/1000）
[2026-06-14T13:12:47.018Z]   「文京区 SaaS 優良企業」 +0（累計 588/1000）
[2026-06-14T13:12:53.435Z]   「文京区 システム開発 メーカー 一覧」 +0（累計 588/1000）
[2026-06-14T13:12:55.819Z]   「文京区 Web制作 企業」 +0（累計 588/1000）
[2026-06-14T13:12:56.113Z]   「文京区 製造 企業 一覧」 +0（累計 588/1000）
[2026-06-14T13:13:02.929Z]   「文京区 メーカー ベンチャー」 +0（累計 588/1000）
[2026-06-14T13:13:05.226Z]   「文京区 機械 中小企業」 +0（累計 588/1000）
[2026-06-14T13:13:05.587Z]   「文京区 電子部品 BtoB 企業」 +0（累計 588/1000）
[2026-06-14T13:13:12.433Z]   「文京区 建設 優良企業」 +0（累計 588/1000）
[2026-06-14T13:13:14.566Z]   「文京区 不動産 メーカー 一覧」 +0（累計 588/1000）
[2026-06-14T13:13:14.876Z]   「文京区 人材 企業」 +0（累計 588/1000）
[2026-06-14T13:13:21.713Z]   「文京区 広告 企業 一覧」 +0（累計 588/1000）
[2026-06-14T13:13:23.732Z]   「文京区 物流 ベンチャー」 +0（累計 588/1000）
[2026-06-14T13:13:24.056Z]   「文京区 商社 中小企業」 +0（累計 588/1000）
[2026-06-14T13:13:30.864Z]   「文京区 小売 BtoB 企業」 +0（累計 588/1000）
[2026-06-14T13:13:32.880Z]   「文京区 飲食 優良企業」 +0（累計 588/1000）
[2026-06-14T13:13:33.542Z]   「文京区 食品 メーカー 一覧」 +0（累計 588/1000）
[2026-06-14T13:13:40.061Z]   「文京区 医療機器 企業」 +0（累計 588/1000）
[2026-06-14T13:13:42.776Z]   「文京区 教育 ベンチャー」 +0（累計 588/1000）
[2026-06-14T13:13:46.611Z]   「文京区 介護 企業 一覧」 +0（累計 588/1000）
[2026-06-14T13:13:49.202Z]   「文京区 コンサルティング 中小企業」 +0（累計 588/1000）
[2026-06-14T13:13:52.235Z]   「文京区 金融 BtoB 企業」 +0（累計 588/1000）
[2026-06-14T13:13:55.676Z]   「文京区 アパレル 優良企業」 +0（累計 588/1000）
[2026-06-14T13:13:58.669Z]   「文京区 印刷 メーカー 一覧」 +0（累計 588/1000）
[2026-06-14T13:14:01.720Z]   「文京区 運輸 企業」 +0（累計 588/1000）
[2026-06-14T13:14:05.227Z]   「文京区 化学 企業 一覧」 +0（累計 588/1000）
[2026-06-14T13:14:07.901Z]   「文京区 環境 ベンチャー」 +0（累計 588/1000）
[2026-06-14T13:14:11.370Z]   「豊島区 ソフトウェア ベンチャー」 +4（累計 592/1000）
[2026-06-14T13:14:14.484Z]   「豊島区 アプリ開発 中小企業」 +0（累計 592/1000）
[2026-06-14T13:14:17.298Z]   「豊島区 DX BtoB 企業」 +0（累計 592/1000）
[2026-06-14T13:14:20.414Z]   「豊島区 AI 優良企業」 +0（累計 592/1000）
[2026-06-14T13:14:23.799Z]   「豊島区 通信 メーカー 一覧」 +0（累計 592/1000）
[2026-06-14T13:14:26.764Z]   「豊島区 半導体 企業」 +0（累計 592/1000）
[2026-06-14T13:14:29.906Z]   「豊島区 自動車部品 企業 一覧」 +0（累計 592/1000）
[2026-06-14T13:14:33.837Z]   「豊島区 精密機器 ベンチャー」 +0（累計 592/1000）
[2026-06-14T13:14:36.046Z]   「豊島区 鉄鋼 中小企業」 +0（累計 592/1000）
[2026-06-14T13:14:39.108Z]   「豊島区 繊維 BtoB 企業」 +0（累計 592/1000）
[2026-06-14T13:14:44.890Z]   「豊島区 化粧品 優良企業」 +0（累計 592/1000）
[2026-06-14T13:14:47.089Z]   「豊島区 日用品 メーカー 一覧」 +0（累計 592/1000）
[2026-06-14T13:14:49.886Z]   「豊島区 玩具 企業」 +0（累計 592/1000）
[2026-06-14T13:14:54.057Z]   「豊島区 出版 企業 一覧」 +0（累計 592/1000）
[2026-06-14T13:14:57.426Z]   「豊島区 放送 ベンチャー」 +0（累計 592/1000）
[2026-06-14T13:14:59.446Z]   「豊島区 ゲーム 中小企業」 +0（累計 592/1000）
[2026-06-14T13:15:03.487Z]   「豊島区 エンタメ BtoB 企業」 +0（累計 592/1000）
[2026-06-14T13:15:07.191Z]   「豊島区 スポーツ 優良企業」 +0（累計 592/1000）
[2026-06-14T13:15:10.890Z]   「豊島区 警備 メーカー 一覧」 +0（累計 592/1000）
[2026-06-14T13:15:14.844Z]   「豊島区 清掃 企業」 +0（累計 592/1000）
[2026-06-14T13:15:17.408Z]   「豊島区 リフォーム 企業 一覧」 +0（累計 592/1000）
[2026-06-14T13:15:20.290Z]   「豊島区 住宅 ベンチャー」 +0（累計 592/1000）
[2026-06-14T13:15:23.869Z]   「豊島区 設備工事 中小企業」 +0（累計 592/1000）
[2026-06-14T13:15:26.782Z]   「豊島区 卸売 BtoB 企業」 +0（累計 592/1000）
[2026-06-14T13:15:29.573Z]   「豊島区 専門商社 優良企業」 +0（累計 592/1000）
[2026-06-14T13:15:33.273Z]   「豊島区 保険 メーカー 一覧」 +0（累計 592/1000）
[2026-06-14T13:15:36.608Z]   「豊島区 証券 企業」 +0（累計 592/1000）
[2026-06-14T13:15:39.299Z]   「豊島区 リース 企業 一覧」 +0（累計 592/1000）
[2026-06-14T13:15:42.571Z]   「豊島区 会計事務所 ベンチャー」 +0（累計 592/1000）
[2026-06-14T13:15:45.744Z]   「豊島区 病院 中小企業」 +0（累計 592/1000）
[2026-06-14T13:15:49.109Z]   「豊島区 薬局 BtoB 企業」 +0（累計 592/1000）
[2026-06-14T13:15:51.854Z]   「豊島区 保育 優良企業」 +0（累計 592/1000）
[2026-06-14T13:15:54.962Z]   「豊島区 学習塾 メーカー 一覧」 +0（累計 592/1000）
[2026-06-14T13:15:58.675Z]   「豊島区 専門学校 企業」 +0（累計 592/1000）
[2026-06-14T13:16:01.325Z]   「豊島区 農業 企業 一覧」 +0（累計 592/1000）
[2026-06-14T13:16:04.411Z]   「豊島区 水産 ベンチャー」 +0（累計 592/1000）
[2026-06-14T13:16:07.655Z]   「豊島区 観光 中小企業」 +0（累計 592/1000）
[2026-06-14T13:16:10.599Z]   「豊島区 ホテル BtoB 企業」 +0（累計 592/1000）
[2026-06-14T13:16:13.543Z]   「豊島区 旅館 優良企業」 +0（累計 592/1000）
[2026-06-14T13:16:16.804Z]   「豊島区 航空 メーカー 一覧」 +0（累計 592/1000）
[2026-06-14T13:16:19.724Z]   「豊島区 鉄道 企業」 +0（累計 592/1000）
[2026-06-14T13:16:22.786Z]   「豊島区 倉庫 企業 一覧」 +0（累計 592/1000）
[2026-06-14T13:16:26.225Z]   「豊島区 飲料 ベンチャー」 +0（累計 592/1000）
[2026-06-14T13:16:29.002Z]   「豊島区 製薬 中小企業」 +0（累計 592/1000）
[2026-06-14T13:16:32.037Z]   「豊島区 電機 BtoB 企業」 +0（累計 592/1000）
[2026-06-14T13:16:35.632Z]   「豊島区 IT 優良企業」 +0（累計 592/1000）
[2026-06-14T13:16:38.193Z]   「豊島区 SaaS メーカー 一覧」 +0（累計 592/1000）
[2026-06-14T13:16:41.318Z]   「豊島区 システム開発 企業」 +0（累計 592/1000）
[2026-06-14T13:16:44.757Z]   「豊島区 Web制作 企業 一覧」 +0（累計 592/1000）
[2026-06-14T13:16:49.621Z]   「豊島区 製造 ベンチャー」 +0（累計 592/1000）
[2026-06-14T13:16:50.839Z]   「豊島区 メーカー 中小企業」 +0（累計 592/1000）
[2026-06-14T13:16:53.936Z]   「豊島区 機械 BtoB 企業」 +0（累計 592/1000）
[2026-06-14T13:16:59.090Z]   「豊島区 電子部品 優良企業」 +0（累計 592/1000）
[2026-06-14T13:16:59.938Z]   「豊島区 建設 メーカー 一覧」 +0（累計 592/1000）
[2026-06-14T13:17:03.019Z]   「豊島区 不動産 企業」 +0（累計 592/1000）
[2026-06-14T13:17:08.522Z]   「豊島区 人材 企業 一覧」 +0（累計 592/1000）
[2026-06-14T13:17:09.178Z]   「豊島区 広告 ベンチャー」 +0（累計 592/1000）
[2026-06-14T13:17:12.143Z]   「豊島区 物流 中小企業」 +0（累計 592/1000）
[2026-06-14T13:17:17.789Z]   「豊島区 商社 BtoB 企業」 +0（累計 592/1000）
[2026-06-14T13:17:18.307Z]   「豊島区 小売 優良企業」 +0（累計 592/1000）
[2026-06-14T13:17:22.239Z]   「豊島区 飲食 メーカー 一覧」 +0（累計 592/1000）
[2026-06-14T13:17:27.078Z]   「豊島区 食品 企業」 +0（累計 592/1000）
[2026-06-14T13:17:27.508Z]   「豊島区 医療機器 企業 一覧」 +0（累計 592/1000）
[2026-06-14T13:17:31.387Z]   「豊島区 介護 ベンチャー」 +0（累計 592/1000）
[2026-06-14T13:17:36.384Z]   「豊島区 教育 中小企業」 +0（累計 592/1000）
[2026-06-14T13:17:36.690Z]   「豊島区 コンサルティング BtoB 企業」 +0（累計 592/1000）
[2026-06-14T13:17:40.453Z]   「豊島区 金融 優良企業」 +0（累計 592/1000）
[2026-06-14T13:17:45.769Z]   「豊島区 アパレル メーカー 一覧」 +0（累計 592/1000）
[2026-06-14T13:17:46.195Z]   「豊島区 印刷 企業」 +0（累計 592/1000）
[2026-06-14T13:17:49.582Z]   「豊島区 運輸 企業 一覧」 +0（累計 592/1000）
[2026-06-14T13:17:55.080Z]   「豊島区 化学 ベンチャー」 +0（累計 592/1000）
[2026-06-14T13:17:55.354Z]   「豊島区 環境 中小企業」 +0（累計 592/1000）
[2026-06-14T13:17:58.837Z]   「台東区 ソフトウェア 中小企業」 +0（累計 592/1000）
[2026-06-14T13:18:04.933Z]   「台東区 アプリ開発 BtoB 企業」 +0（累計 592/1000）
[2026-06-14T13:18:04.938Z]   「台東区 DX 優良企業」 +0（累計 592/1000）
[2026-06-14T13:18:07.973Z]   「台東区 AI メーカー 一覧」 +0（累計 592/1000）
[2026-06-14T13:18:13.984Z]   「台東区 通信 企業」 +0（累計 592/1000）
[2026-06-14T13:18:14.373Z]   「台東区 半導体 企業 一覧」 +0（累計 592/1000）
[2026-06-14T13:18:17.047Z]   「台東区 自動車部品 ベンチャー」 +0（累計 592/1000）
[2026-06-14T13:18:23.013Z]   「台東区 精密機器 中小企業」 +0（累計 592/1000）
[2026-06-14T13:18:23.389Z]   「台東区 鉄鋼 BtoB 企業」 +0（累計 592/1000）
[2026-06-14T13:18:27.103Z]   「台東区 繊維 優良企業」 +0（累計 592/1000）
[2026-06-14T13:18:33.099Z]   「台東区 日用品 企業」 +0（累計 592/1000）
[2026-06-14T13:18:33.618Z]   「台東区 化粧品 メーカー 一覧」 +0（累計 592/1000）
[2026-06-14T13:18:36.214Z]   「台東区 玩具 企業 一覧」 +0（累計 592/1000）
[2026-06-14T13:18:43.390Z]   「台東区 放送 中小企業」 +0（累計 592/1000）
[2026-06-14T13:18:43.730Z]   「台東区 出版 ベンチャー」 +0（累計 592/1000）
[2026-06-14T13:18:46.585Z]   「台東区 ゲーム BtoB 企業」 +0（累計 592/1000）
[2026-06-14T13:18:52.647Z]   「台東区 エンタメ 優良企業」 +0（累計 592/1000）
[2026-06-14T13:18:53.152Z]   「台東区 スポーツ メーカー 一覧」 +0（累計 592/1000）
[2026-06-14T13:18:55.690Z]   「台東区 警備 企業」 +0（累計 592/1000）
[2026-06-14T13:19:01.886Z]   「台東区 清掃 企業 一覧」 +0（累計 592/1000）
[2026-06-14T13:19:05.091Z]   「台東区 リフォーム ベンチャー」 +0（累計 592/1000）
[2026-06-14T13:19:05.135Z]   「台東区 住宅 中小企業」 +0（累計 592/1000）
[2026-06-14T13:19:11.570Z]   「台東区 設備工事 BtoB 企業」 +0（累計 592/1000）
[2026-06-14T13:19:14.169Z]   「台東区 卸売 優良企業」 +0（累計 592/1000）
[2026-06-14T13:19:14.618Z]   「台東区 専門商社 メーカー 一覧」 +0（累計 592/1000）
[2026-06-14T13:19:21.345Z]   「台東区 保険 企業」 +0（累計 592/1000）
[2026-06-14T13:19:23.239Z]   「台東区 証券 企業 一覧」 +0（累計 592/1000）
[2026-06-14T13:19:23.653Z]   「台東区 リース ベンチャー」 +0（累計 592/1000）
[2026-06-14T13:19:30.427Z]   「台東区 会計事務所 中小企業」 +0（累計 592/1000）
[2026-06-14T13:19:32.322Z]   「台東区 病院 BtoB 企業」 +0（累計 592/1000）
[2026-06-14T13:19:32.704Z]   「台東区 薬局 優良企業」 +0（累計 592/1000）
[2026-06-14T13:19:39.544Z]   「台東区 保育 メーカー 一覧」 +0（累計 592/1000）
[2026-06-14T13:19:42.256Z]   「台東区 学習塾 企業」 +0（累計 592/1000）
[2026-06-14T13:19:48.600Z]   「台東区 農業 ベンチャー」 +0（累計 592/1000）
[2026-06-14T13:19:50.302Z]   「台東区 専門学校 企業 一覧」 +0（累計 592/1000）
[2026-06-14T13:19:51.436Z]   「台東区 水産 中小企業」 +0（累計 592/1000）
[2026-06-14T13:19:58.817Z]   「台東区 観光 BtoB 企業」 +0（累計 592/1000）
[2026-06-14T13:19:59.543Z]   「台東区 ホテル 優良企業」 +0（累計 592/1000）
[2026-06-14T13:20:00.466Z]   「台東区 旅館 メーカー 一覧」 +0（累計 592/1000）
[2026-06-14T13:20:07.930Z]   「台東区 航空 企業」 +0（累計 592/1000）
[2026-06-14T13:20:08.669Z]   「台東区 鉄道 企業 一覧」 +0（累計 592/1000）
[2026-06-14T13:20:10.696Z]   「台東区 倉庫 ベンチャー」 +0（累計 592/1000）
[2026-06-14T13:20:16.961Z]   「台東区 飲料 中小企業」 +0（累計 592/1000）
[2026-06-14T13:20:17.800Z]   「台東区 製薬 BtoB 企業」 +0（累計 592/1000）
[2026-06-14T13:20:19.727Z]   「台東区 電機 優良企業」 +0（累計 592/1000）
[2026-06-14T13:20:26.804Z]   「台東区 IT メーカー 一覧」 +0（累計 592/1000）
[2026-06-14T13:20:27.067Z]   「台東区 SaaS 企業」 +0（累計 592/1000）
[2026-06-14T13:20:30.657Z]   「台東区 システム開発 企業 一覧」 +0（累計 592/1000）
[2026-06-14T13:20:37.827Z]   「台東区 製造 中小企業」 +0（累計 592/1000）
[2026-06-14T13:20:37.938Z]   「台東区 Web制作 ベンチャー」 +0（累計 592/1000）
[2026-06-14T13:20:41.355Z]   「台東区 メーカー BtoB 企業」 +0（累計 592/1000）
[2026-06-14T13:20:46.924Z]   「台東区 機械 優良企業」 +0（累計 592/1000）
[2026-06-14T13:20:47.315Z]   「台東区 電子部品 メーカー 一覧」 +0（累計 592/1000）
[2026-06-14T13:20:50.512Z]   「台東区 建設 企業」 +0（累計 592/1000）
[2026-06-14T13:20:58.640Z]   「台東区 人材 ベンチャー」 +0（累計 592/1000）
[2026-06-14T13:20:59.594Z]   「台東区 広告 中小企業」 +0（累計 592/1000）
[2026-06-14T13:21:00.811Z]   「台東区 不動産 企業 一覧」 +0（累計 592/1000）
[2026-06-14T13:21:09.059Z]   「台東区 物流 BtoB 企業」 +0（累計 592/1000）
[2026-06-14T13:21:09.962Z]   「台東区 商社 優良企業」 +0（累計 592/1000）
[2026-06-14T13:21:10.132Z]   「台東区 小売 メーカー 一覧」 +0（累計 592/1000）
[2026-06-14T13:21:18.352Z]   「台東区 飲食 企業」 +0（累計 592/1000）
[2026-06-14T13:21:19.120Z]   「台東区 食品 企業 一覧」 +0（累計 592/1000）
[2026-06-14T13:21:19.174Z]   「台東区 医療機器 ベンチャー」 +0（累計 592/1000）
[2026-06-14T13:21:27.630Z]   「台東区 介護 中小企業」 +0（累計 592/1000）
[2026-06-14T13:21:28.169Z]   「台東区 コンサルティング 優良企業」 +0（累計 592/1000）
[2026-06-14T13:21:28.237Z]   「台東区 教育 BtoB 企業」 +0（累計 592/1000）
[2026-06-14T13:21:36.801Z]   「台東区 金融 メーカー 一覧」 +0（累計 592/1000）
[2026-06-14T13:21:37.234Z]   「台東区 アパレル 企業」 +0（累計 592/1000）
[2026-06-14T13:21:37.714Z]   「台東区 印刷 企業 一覧」 +0（累計 592/1000）
[2026-06-14T13:21:46.607Z]   「台東区 化学 中小企業」 +0（累計 592/1000）
[2026-06-14T13:21:46.666Z]   「台東区 運輸 ベンチャー」 +0（累計 592/1000）
[2026-06-14T13:21:46.784Z]   「台東区 環境 BtoB 企業」 +0（累計 592/1000）
[2026-06-14T13:21:58.294Z]   「墨田区 ソフトウェア BtoB 企業」 +12（累計 604/1000）
[2026-06-14T13:21:58.371Z]   「墨田区 DX メーカー 一覧」 +0（累計 604/1000）
[2026-06-14T13:21:58.768Z]   「墨田区 アプリ開発 優良企業」 +0（累計 604/1000）
[2026-06-14T13:22:11.847Z]   「墨田区 通信 企業 一覧」 +0（累計 604/1000）
[2026-06-14T13:22:11.852Z]   「墨田区 AI 企業」 +0（累計 604/1000）
[2026-06-14T13:22:12.056Z]   「墨田区 半導体 ベンチャー」 +0（累計 604/1000）
[2026-06-14T13:22:26.997Z]   「墨田区 自動車部品 中小企業」 +0（累計 604/1000）
[2026-06-14T13:22:27.110Z]   「墨田区 精密機器 BtoB 企業」 +0（累計 604/1000）
[2026-06-14T13:22:27.177Z]   「墨田区 鉄鋼 優良企業」 +0（累計 604/1000）
[2026-06-14T13:22:40.375Z]   「墨田区 繊維 メーカー 一覧」 +0（累計 604/1000）
[2026-06-14T13:22:40.913Z]   「墨田区 化粧品 企業」 +0（累計 604/1000）
[2026-06-14T13:22:41.152Z]   「墨田区 日用品 企業 一覧」 +0（累計 604/1000）
[2026-06-14T13:22:51.489Z]   「墨田区 玩具 ベンチャー」 +0（累計 604/1000）
[2026-06-14T13:22:52.247Z]   「墨田区 出版 中小企業」 +0（累計 604/1000）
[2026-06-14T13:22:52.381Z]   「墨田区 放送 BtoB 企業」 +0（累計 604/1000）
[2026-06-14T13:23:02.353Z]   「墨田区 ゲーム 優良企業」 +0（累計 604/1000）
[2026-06-14T13:23:03.109Z]   「墨田区 エンタメ メーカー 一覧」 +0（累計 604/1000）
[2026-06-14T13:23:03.357Z]   「墨田区 スポーツ 企業」 +0（累計 604/1000）
[2026-06-14T13:23:15.962Z]   「墨田区 警備 企業 一覧」 +0（累計 604/1000）
[2026-06-14T13:23:16.119Z]   「墨田区 リフォーム 中小企業」 +0（累計 604/1000）
[2026-06-14T13:23:16.448Z]   「墨田区 清掃 ベンチャー」 +0（累計 604/1000）
[2026-06-14T13:23:29.234Z]   「墨田区 住宅 BtoB 企業」 +0（累計 604/1000）
[2026-06-14T13:23:29.490Z]   「墨田区 設備工事 優良企業」 +0（累計 604/1000）
[2026-06-14T13:23:29.755Z]   「墨田区 卸売 メーカー 一覧」 +0（累計 604/1000）
[2026-06-14T13:23:40.870Z]   「墨田区 専門商社 企業」 +0（累計 604/1000）
[2026-06-14T13:23:41.644Z]   「墨田区 証券 ベンチャー」 +0（累計 604/1000）
[2026-06-14T13:23:41.760Z]   「墨田区 保険 企業 一覧」 +0（累計 604/1000）
[2026-06-14T13:23:51.919Z]   「墨田区 リース 中小企業」 +0（累計 604/1000）
[2026-06-14T13:23:53.188Z]   「墨田区 会計事務所 BtoB 企業」 +0（累計 604/1000）
[2026-06-14T13:23:53.192Z]   「墨田区 病院 優良企業」 +0（累計 604/1000）
[2026-06-14T13:24:02.935Z]   「墨田区 薬局 メーカー 一覧」 +0（累計 604/1000）
[2026-06-14T13:24:04.373Z]   「墨田区 保育 企業」 +0（累計 604/1000）
[2026-06-14T13:24:16.357Z]   「墨田区 専門学校 ベンチャー」 +0（累計 604/1000）
[2026-06-14T13:24:18.365Z]   「墨田区 農業 中小企業」 +0（累計 604/1000）
[2026-06-14T13:24:25.246Z]   「墨田区 学習塾 企業 一覧」 +0（累計 604/1000）
[2026-06-14T13:24:28.136Z]   「墨田区 水産 BtoB 企業」 +0（累計 604/1000）
[2026-06-14T13:24:30.713Z]   「墨田区 観光 優良企業」 +0（累計 604/1000）
[2026-06-14T13:24:36.976Z]   「墨田区 ホテル メーカー 一覧」 +0（累計 604/1000）
[2026-06-14T13:24:39.366Z]   「墨田区 旅館 企業」 +0（累計 604/1000）
[2026-06-14T13:24:41.717Z]   「墨田区 航空 企業 一覧」 +0（累計 604/1000）
[2026-06-14T13:24:47.887Z]   「墨田区 鉄道 ベンチャー」 +0（累計 604/1000）
[2026-06-14T13:24:50.285Z]   「墨田区 倉庫 中小企業」 +0（累計 604/1000）
[2026-06-14T13:24:52.818Z]   「墨田区 飲料 BtoB 企業」 +0（累計 604/1000）
[2026-06-14T13:24:58.908Z]   「墨田区 製薬 優良企業」 +0（累計 604/1000）
[2026-06-14T13:25:02.046Z]   「墨田区 電機 メーカー 一覧」 +0（累計 604/1000）
[2026-06-14T13:25:04.064Z]   「墨田区 IT 企業」 +0（累計 604/1000）
[2026-06-14T13:25:12.692Z]   「墨田区 SaaS 企業 一覧」 +0（累計 604/1000）
[2026-06-14T13:25:16.585Z]   「墨田区 システム開発 ベンチャー」 +0（累計 604/1000）
[2026-06-14T13:25:19.186Z]   「墨田区 Web制作 中小企業」 +0（累計 604/1000）
[2026-06-14T13:25:27.010Z]   「墨田区 製造 BtoB 企業」 +0（累計 604/1000）
[2026-06-14T13:25:30.634Z]   「墨田区 メーカー 優良企業」 +0（累計 604/1000）
[2026-06-14T13:25:33.068Z]   「墨田区 機械 メーカー 一覧」 +0（累計 604/1000）
[2026-06-14T13:25:39.838Z]   「墨田区 電子部品 企業」 +0（累計 604/1000）
[2026-06-14T13:25:44.559Z]   「墨田区 建設 企業 一覧」 +0（累計 604/1000）
[2026-06-14T13:25:45.712Z]   「墨田区 不動産 ベンチャー」 +0（累計 604/1000）
[2026-06-14T13:25:51.910Z]   「墨田区 人材 中小企業」 +0（累計 604/1000）
[2026-06-14T13:25:56.003Z]   「墨田区 広告 BtoB 企業」 +0（累計 604/1000）
[2026-06-14T13:25:56.837Z]   「墨田区 物流 優良企業」 +0（累計 604/1000）
[2026-06-14T13:26:03.326Z]   「墨田区 商社 メーカー 一覧」 +0（累計 604/1000）
[2026-06-14T13:26:09.285Z]   「墨田区 小売 企業」 +0（累計 604/1000）
[2026-06-14T13:26:14.730Z]   「墨田区 飲食 企業 一覧」 +0（累計 604/1000）
[2026-06-14T13:26:16.089Z]   「墨田区 食品 ベンチャー」 +0（累計 604/1000）
[2026-06-14T13:26:20.234Z]   「墨田区 医療機器 中小企業」 +0（累計 604/1000）
[2026-06-14T13:26:25.705Z]   「墨田区 介護 BtoB 企業」 +0（累計 604/1000）
[2026-06-14T13:26:27.079Z]   「墨田区 教育 優良企業」 +0（累計 604/1000）
[2026-06-14T13:26:31.327Z]   「墨田区 コンサルティング メーカー 一覧」 +0（累計 604/1000）
[2026-06-14T13:26:36.579Z]   「墨田区 金融 企業」 +0（累計 604/1000）
[2026-06-14T13:26:38.051Z]   「墨田区 アパレル 企業 一覧」 +0（累計 604/1000）
[2026-06-14T13:26:42.257Z]   「墨田区 印刷 ベンチャー」 +0（累計 604/1000）
[2026-06-14T13:26:47.551Z]   「墨田区 運輸 中小企業」 +0（累計 604/1000）
[2026-06-14T13:26:49.054Z]   「墨田区 化学 BtoB 企業」 +0（累計 604/1000）
[2026-06-14T13:26:53.251Z]   「墨田区 環境 優良企業」 +0（累計 604/1000）
[2026-06-14T13:27:13.400Z]   「江東区 ソフトウェア 優良企業」 +0（累計 604/1000）
[2026-06-14T13:27:14.687Z]   「江東区 アプリ開発 メーカー 一覧」 +0（累計 604/1000）
[2026-06-14T13:27:19.678Z]   「江東区 DX 企業」 +0（累計 604/1000）
[2026-06-14T13:27:38.877Z]   「江東区 AI 企業 一覧」 +0（累計 604/1000）
[2026-06-14T13:27:41.090Z]   「江東区 通信 ベンチャー」 +0（累計 604/1000）
[2026-06-14T13:27:46.022Z]   「江東区 半導体 中小企業」 +0（累計 604/1000）
[2026-06-14T13:28:04.325Z]   「江東区 自動車部品 BtoB 企業」 +0（累計 604/1000）
[2026-06-14T13:28:07.084Z]   「江東区 精密機器 優良企業」 +0（累計 604/1000）
[2026-06-14T13:28:13.003Z]   「江東区 鉄鋼 メーカー 一覧」 +0（累計 604/1000）
[2026-06-14T13:28:31.080Z]   「江東区 繊維 企業」 +0（累計 604/1000）
[2026-06-14T13:28:34.487Z]   「江東区 化粧品 企業 一覧」 +0（累計 604/1000）
[2026-06-14T13:28:40.277Z]   「江東区 日用品 ベンチャー」 +0（累計 604/1000）
[2026-06-14T13:28:57.889Z]   「江東区 玩具 中小企業」 +0（累計 604/1000）
[2026-06-14T13:29:00.277Z]   「江東区 出版 BtoB 企業」 +0（累計 604/1000）
[2026-06-14T13:29:06.874Z]   「江東区 放送 優良企業」 +0（累計 604/1000）
[2026-06-14T13:29:24.899Z]   「江東区 ゲーム メーカー 一覧」 +0（累計 604/1000）
[2026-06-14T13:29:25.895Z]   「江東区 エンタメ 企業」 +0（累計 604/1000）
[2026-06-14T13:29:33.978Z]   「江東区 スポーツ 企業 一覧」 +0（累計 604/1000）
[2026-06-14T13:29:52.002Z]   「江東区 警備 ベンチャー」 +0（累計 604/1000）
[2026-06-14T13:29:52.147Z]   「江東区 清掃 中小企業」 +0（累計 604/1000）
[2026-06-14T13:30:01.007Z]   「江東区 リフォーム BtoB 企業」 +0（累計 604/1000）
[2026-06-14T13:30:19.459Z]   「江東区 住宅 優良企業」 +0（累計 604/1000）
[2026-06-14T13:30:19.488Z]   「江東区 設備工事 メーカー 一覧」 +0（累計 604/1000）
[2026-06-14T13:30:28.508Z]   「江東区 卸売 企業」 +0（累計 604/1000）
[2026-06-14T13:30:46.461Z]   「江東区 専門商社 企業 一覧」 +0（累計 604/1000）
[2026-06-14T13:30:46.567Z]   「江東区 保険 ベンチャー」 +0（累計 604/1000）
[2026-06-14T13:30:55.409Z]   「江東区 証券 中小企業」 +0（累計 604/1000）
[2026-06-14T13:31:13.874Z]   「江東区 リース BtoB 企業」 +0（累計 604/1000）
[2026-06-14T13:31:13.878Z]   「江東区 会計事務所 優良企業」 +0（累計 604/1000）
[2026-06-14T13:31:23.075Z]   「江東区 病院 メーカー 一覧」 +0（累計 604/1000）
[2026-06-14T13:31:40.961Z]   「江東区 薬局 企業」 +0（累計 604/1000）
[2026-06-14T13:31:41.025Z]   「江東区 保育 企業 一覧」 +0（累計 604/1000）
[2026-06-14T13:31:50.184Z]   「江東区 学習塾 ベンチャー」 +0（累計 604/1000）
[2026-06-14T13:32:08.169Z]   「江東区 専門学校 中小企業」 +0（累計 604/1000）
[2026-06-14T13:32:08.299Z]   「江東区 農業 BtoB 企業」 +0（累計 604/1000）
[2026-06-14T13:32:17.432Z]   「江東区 水産 優良企業」 +0（累計 604/1000）
[2026-06-14T13:32:35.418Z]   「江東区 観光 メーカー 一覧」 +0（累計 604/1000）
[2026-06-14T13:32:35.427Z]   「江東区 ホテル 企業」 +0（累計 604/1000）
[2026-06-14T13:32:44.589Z]   「江東区 旅館 企業 一覧」 +0（累計 604/1000）
[2026-06-14T13:33:02.705Z]   「江東区 航空 ベンチャー」 +0（累計 604/1000）
[2026-06-14T13:33:02.707Z]   「江東区 鉄道 中小企業」 +0（累計 604/1000）
[2026-06-14T13:33:12.343Z]   「江東区 倉庫 BtoB 企業」 +0（累計 604/1000）
[2026-06-14T13:33:29.465Z]   「江東区 飲料 優良企業」 +0（累計 604/1000）
[2026-06-14T13:33:29.551Z]   「江東区 製薬 メーカー 一覧」 +0（累計 604/1000）
