対象 577社（公式URLあり・採用担当者名未取得）｜並列3｜エンジン: 採用ページ特化・正規表現（API不要）
  …20/577（HIT 0）
  …40/577（HIT 0）
  …60/577（HIT 0）
  …80/577（HIT 0）
  …100/577（HIT 0）
  …120/577（HIT 0）
  …140/577（HIT 0）
  …160/577（HIT 0）
  …180/577（HIT 0）
  ✓ 株式会社公文教育研究会 → 武田忠昌（人事・確度0.74）
  …200/577（HIT 1）
  ✓ 東邦レオ株式会社 → 吉川稔（新卒採用・確度0.74）
  …220/577（HIT 2）
  …240/577（HIT 2）
  …260/577（HIT 2）
  …280/577（HIT 2）
  …300/577（HIT 2）
  …320/577（HIT 2）
  …340/577（HIT 2）
  …360/577（HIT 2）
  …380/577（HIT 2）
  …400/577（HIT 2）
UNCAUGHT The expression evaluated to a falsy value:

  assert(!this.paused)

