
対象 387社（公式URLあり・未処理）｜既処理 190社・既HIT 0件｜並列1｜採用ページ特化・正規表現（API不要）
  ✓ 株式会社公文教育研究会 → 武田忠昌（人事・確度0.74）
  …20/387（累計HIT 1）
  ✓ 東邦レオ株式会社 → 吉川稔（新卒採用・確度0.74）
  …40/387（累計HIT 2）
  …60/387（累計HIT 2）
  …80/387（累計HIT 2）
  …100/387（累計HIT 2）
  …120/387（累計HIT 2）
  …140/387（累計HIT 2）
  …160/387（累計HIT 2）
  …180/387（累計HIT 2）
  …200/387（累計HIT 2）
UNCAUGHT The expression evaluated to a falsy value:

  assert(!this.paused)

[loop] attempt 1 exit=2 done=405
対象 172社（公式URLあり・未処理）｜既処理 405社・既HIT 2件｜並列1｜採用ページ特化・正規表現（API不要）
  …20/172（累計HIT 2）
  …40/172（累計HIT 2）
  …60/172（累計HIT 2）
  …80/172（累計HIT 2）
  …100/172（累計HIT 2）
  …120/172（累計HIT 2）
  …140/172（累計HIT 2）
  …160/172（累計HIT 2）
  ✓ 株式会社ビック → 安部真理子（人事担当・確度0.74）

===== 完了 ｜ 累計HIT 3/577社（歩留まり 0.5%）｜601秒 =====
出力: C:\Users\shofu\Desktop\saiyo_tantousha_poc\poc\data\recruiter-recruitpage-full.csv
[loop] attempt 2 exit=0 done=577
[loop] completed done=577
